2025-02-05 22:06:47,391 - INFO - Transacción iniciada.
2025-02-05 22:06:47,391 - INFO - Dato agregado: {'nombre': 'Sushi', 'tipo': 'Japonesa', 'precio': 20.0, 'ingrediente_principal': 'Pescado', 'tipo_plato': 'Principal'}
2025-02-05 22:06:47,391 - INFO - Dato agregado: {'nombre': 'Helado', 'tipo': 'Postre', 'precio': 5.0, 'ingrediente_principal': 'Leche', 'tipo_plato': 'Postre'}
2025-02-05 22:06:47,391 - INFO - Dato agregado: {'nombre': 'Ensalada César', 'tipo': 'Internacional', 'precio': 10.0, 'ingrediente_principal': 'Lechuga', 'tipo_plato': 'Entrante'}
2025-02-05 22:06:47,391 - INFO - Archivo JSON guardado. Versión actual: 2
2025-02-05 22:06:47,391 - INFO - Transacción confirmada y cambios guardados.
2025-02-05 22:06:47,391 - INFO - Configuración actualizada. Nueva ruta del archivo: comidas.csv
2025-02-05 22:06:47,391 - INFO - Transacción iniciada.
2025-02-05 22:06:47,391 - INFO - Archivo CSV guardado. Versión actual: 3
2025-02-05 22:06:47,391 - INFO - Transacción confirmada y cambios guardados.
2025-02-05 22:07:09,740 - INFO - Transacción iniciada.
2025-02-05 22:07:09,740 - INFO - Dato agregado: {'nombre': 'Sushi', 'tipo': 'Japonesa', 'precio': 20.0, 'ingrediente_principal': 'Pescado', 'tipo_plato': 'Principal'}
2025-02-05 22:07:09,740 - INFO - Dato agregado: {'nombre': 'Helado', 'tipo': 'Postre', 'precio': 5.0, 'ingrediente_principal': 'Leche', 'tipo_plato': 'Postre'}
2025-02-05 22:07:09,740 - INFO - Dato agregado: {'nombre': 'Ensalada César', 'tipo': 'Internacional', 'precio': 10.0, 'ingrediente_principal': 'Lechuga', 'tipo_plato': 'Entrante'}
2025-02-05 22:07:09,740 - INFO - Archivo JSON guardado. Versión actual: 2
2025-02-05 22:07:09,740 - INFO - Transacción confirmada y cambios guardados.
2025-02-05 22:07:09,740 - INFO - Configuración actualizada. Nueva ruta del archivo: comidas.csv
2025-02-05 22:07:09,740 - INFO - Transacción iniciada.
2025-02-05 22:07:09,740 - INFO - Archivo CSV guardado. Versión actual: 3
2025-02-05 22:07:09,740 - INFO - Transacción confirmada y cambios guardados.
