2024-12-05 09:28:02,849 - INFO - Conexión establecida con ZODB.
2024-12-05 09:28:02,849 - INFO - Transacción iniciada.
2024-12-05 09:28:02,849 - INFO - Motocicleta con ID 1 creada exitosamente.
2024-12-05 09:28:02,849 - INFO - Motocicleta con ID 2 creada exitosamente.
2024-12-05 09:28:02,849 - INFO - Motocicleta con ID 3 creada exitosamente.
2024-12-05 09:28:02,849 - INFO - Transacción confirmada.
2024-12-05 09:28:02,849 - INFO - ID: 1, Marca: Yamaha, Cilindrada: 600, Precio: 12000
2024-12-05 09:28:02,849 - INFO - ID: 2, Marca: Honda, Cilindrada: 750, Precio: 15000
2024-12-05 09:28:02,849 - INFO - ID: 3, Marca: Kawasaki, Cilindrada: 1000, Precio: 18000
2024-12-05 09:28:02,849 - INFO - Transacción iniciada.
2024-12-05 09:28:02,849 - ERROR - Error al crear la motocicleta con ID 1: Ya existe una motocicleta con ID 1.
2024-12-05 09:28:02,849 - INFO - Transacción confirmada.
2024-12-05 09:28:02,849 - INFO - ID: 1, Marca: Yamaha, Cilindrada: 600, Precio: 12000
2024-12-05 09:28:02,849 - INFO - ID: 2, Marca: Honda, Cilindrada: 750, Precio: 15000
2024-12-05 09:28:02,849 - INFO - ID: 3, Marca: Kawasaki, Cilindrada: 1000, Precio: 18000
2024-12-05 09:28:02,849 - INFO - Transacción iniciada.
2024-12-05 09:28:02,849 - INFO - Motocicleta con ID 1 actualizada exitosamente.
2024-12-05 09:28:02,849 - INFO - Transacción confirmada.
2024-12-05 09:28:02,850 - INFO - ID: 1, Marca: Yamaha, Cilindrada: 650, Precio: 11500
2024-12-05 09:28:02,850 - INFO - ID: 2, Marca: Honda, Cilindrada: 750, Precio: 15000
2024-12-05 09:28:02,850 - INFO - ID: 3, Marca: Kawasaki, Cilindrada: 1000, Precio: 18000
2024-12-05 09:28:02,850 - INFO - Transacción iniciada.
2024-12-05 09:28:02,850 - ERROR - Error al eliminar la motocicleta con ID 99: No existe una motocicleta con ID 99.
2024-12-05 09:28:02,850 - INFO - Transacción confirmada.
2024-12-05 09:28:02,850 - INFO - ID: 1, Marca: Yamaha, Cilindrada: 650, Precio: 11500
2024-12-05 09:28:02,850 - INFO - ID: 2, Marca: Honda, Cilindrada: 750, Precio: 15000
2024-12-05 09:28:02,850 - INFO - ID: 3, Marca: Kawasaki, Cilindrada: 1000, Precio: 18000
2024-12-05 09:28:02,850 - INFO - Conexión a ZODB cerrada.
2024-12-05 09:45:50,145 - INFO - Conexión establecida con ZODB.
2024-12-05 09:45:50,145 - INFO - Iniciando transacción para crear motocicletas.
2024-12-05 09:45:50,145 - INFO - Transacción iniciada.
2024-12-05 09:45:50,145 - INFO - Motocicleta con ID 1 creada exitosamente.
2024-12-05 09:45:50,145 - INFO - Motocicleta con ID 2 creada exitosamente.
2024-12-05 09:45:50,145 - INFO - Motocicleta con ID 3 creada exitosamente.
2024-12-05 09:45:50,145 - INFO - Transacción confirmada.
2024-12-05 09:45:50,145 - INFO - Transacción confirmada exitosamente.
2024-12-05 09:45:50,145 - INFO - ID: 1, Marca: Yamaha, Cilindrada: 600, Precio: 12000
2024-12-05 09:45:50,145 - INFO - ID: 2, Marca: Honda, Cilindrada: 750, Precio: 15000
2024-12-05 09:45:50,145 - INFO - ID: 3, Marca: Kawasaki, Cilindrada: 1000, Precio: 18000
2024-12-05 09:45:50,145 - INFO - Iniciando transacción para probar ID duplicados.
2024-12-05 09:45:50,146 - INFO - Transacción iniciada.
2024-12-05 09:45:50,146 - ERROR - Error al crear la motocicleta con ID 1: Ya existe una motocicleta con ID 1.
2024-12-05 09:45:50,146 - INFO - Transacción confirmada.
2024-12-05 09:45:50,146 - INFO - Transacción confirmada exitosamente.
2024-12-05 09:45:50,146 - INFO - ID: 1, Marca: Yamaha, Cilindrada: 600, Precio: 12000
2024-12-05 09:45:50,146 - INFO - ID: 2, Marca: Honda, Cilindrada: 750, Precio: 15000
2024-12-05 09:45:50,146 - INFO - ID: 3, Marca: Kawasaki, Cilindrada: 1000, Precio: 18000
2024-12-05 09:45:50,146 - INFO - Iniciando transacción para actualizar una motocicleta.
2024-12-05 09:45:50,146 - INFO - Transacción iniciada.
2024-12-05 09:45:50,146 - INFO - Motocicleta con ID 1 actualizada exitosamente.
2024-12-05 09:45:50,146 - INFO - Transacción confirmada.
2024-12-05 09:45:50,146 - INFO - Transacción confirmada exitosamente.
2024-12-05 09:45:50,146 - INFO - ID: 1, Marca: Yamaha, Cilindrada: 650, Precio: 11500
2024-12-05 09:45:50,146 - INFO - ID: 2, Marca: Honda, Cilindrada: 750, Precio: 15000
2024-12-05 09:45:50,146 - INFO - ID: 3, Marca: Kawasaki, Cilindrada: 1000, Precio: 18000
2024-12-05 09:45:50,146 - INFO - Iniciando transacción para eliminar una motocicleta.
2024-12-05 09:45:50,146 - INFO - Transacción iniciada.
2024-12-05 09:45:50,146 - ERROR - Error al eliminar la motocicleta con ID 99: No existe una motocicleta con ID 99.
2024-12-05 09:45:50,146 - WARNING - No se encontró el objeto con ID 99 para eliminar.
2024-12-05 09:45:50,146 - INFO - Transacción confirmada.
2024-12-05 09:45:50,146 - INFO - Transacción confirmada exitosamente.
2024-12-05 09:45:50,146 - INFO - ID: 1, Marca: Yamaha, Cilindrada: 650, Precio: 11500
2024-12-05 09:45:50,146 - INFO - ID: 2, Marca: Honda, Cilindrada: 750, Precio: 15000
2024-12-05 09:45:50,146 - INFO - ID: 3, Marca: Kawasaki, Cilindrada: 1000, Precio: 18000
2024-12-05 09:45:50,146 - INFO - Cerrando conexión con el manager.
2024-12-05 09:45:50,146 - INFO - Conexión a ZODB cerrada.
2024-12-05 09:52:51,696 - INFO - Conexión establecida con ZODB.
2024-12-05 09:52:51,697 - INFO - Transacción iniciada.
2024-12-05 09:52:51,697 - INFO - Motocicleta con ID 1 creada exitosamente.
2024-12-05 09:52:51,697 - INFO - Motocicleta con ID 2 creada exitosamente.
2024-12-05 09:52:51,697 - INFO - Motocicleta con ID 3 creada exitosamente.
2024-12-05 09:52:51,697 - INFO - Transacción confirmada.
2024-12-05 09:52:51,697 - INFO - Transacción iniciada.
2024-12-05 09:52:51,697 - ERROR - Error al crear la motocicleta con ID 1: Ya existe una motocicleta con ID 1.
2024-12-05 09:52:51,697 - INFO - Transacción confirmada.
2024-12-05 09:52:51,697 - INFO - Transacción iniciada.
2024-12-05 09:52:51,697 - INFO - Motocicleta con ID 1 actualizada exitosamente.
2024-12-05 09:52:51,697 - INFO - Transacción confirmada.
2024-12-05 09:52:51,697 - INFO - Transacción iniciada.
2024-12-05 09:52:51,697 - ERROR - Error al eliminar la motocicleta con ID 99: No existe una motocicleta con ID 99.
2024-12-05 09:52:51,697 - INFO - Transacción confirmada.
2024-12-05 09:52:51,697 - INFO - Conexión a ZODB cerrada.
