2025-02-06 08:54:31,918 - INFO - Conectado a MongoDB: 1dam.motocicletas
2025-02-06 08:54:31,919 - INFO - Transacción iniciada.
2025-02-06 08:54:31,940 - INFO - Documento insertado con ID: 67a46ab776ce37834dcabac9
2025-02-06 08:54:31,941 - INFO - Documento insertado con ID: 67a46ab776ce37834dcabaca
2025-02-06 08:54:31,941 - INFO - Transacción confirmada.
2025-02-06 08:54:31,941 - INFO - Documentos recuperados: 2
2025-02-06 08:54:31,941 - INFO - {'_id': ObjectId('67a46ab776ce37834dcabac9'), 'marca': 'Honda', 'cilindrada': '500cc', 'precio': 7500, 'año': 2023}
2025-02-06 08:54:31,941 - INFO - {'_id': ObjectId('67a46ab776ce37834dcabaca'), 'marca': 'Yamaha', 'cilindrada': '689cc', 'precio': 8500, 'año': 2022}
2025-02-06 08:54:31,941 - INFO - Transacción iniciada.
2025-02-06 08:54:31,942 - INFO - Documento actualizado: {'marca': 'Honda'}
2025-02-06 08:54:31,942 - INFO - Transacción confirmada.
2025-02-06 08:54:31,942 - INFO - Transacción iniciada.
2025-02-06 08:54:31,942 - INFO - Documento eliminado: {'marca': 'Yamaha'}
2025-02-06 08:54:31,942 - INFO - Transacción confirmada.
2025-02-06 08:54:31,942 - INFO - Conexión a MongoDB cerrada.
2025-02-06 08:57:16,065 - INFO - Conectado a MongoDB: 1dam.productos
2025-02-06 08:57:16,065 - ERROR - Error general: ProductManager.insertar_productos() takes 2 positional arguments but 6 were given
2025-02-06 08:57:16,065 - INFO - Conexión a MongoDB cerrada.
2025-02-06 09:34:04,112 - INFO - Conectado a MongoDB: 1dam.productos
2025-02-06 09:34:04,112 - ERROR - Error general: ProductManager.insertar_productos() takes 2 positional arguments but 6 were given
2025-02-06 09:35:49,506 - INFO - Conectado a MongoDB: 1dam.productos
2025-02-06 09:35:49,506 - ERROR - Error general: ProductManager.insertar_productos() takes 2 positional arguments but 6 were given
2025-02-06 09:39:12,293 - INFO - Conectado a MongoDB: 1dam.productos
2025-02-06 09:39:12,293 - INFO - Transacción iniciada.
2025-02-06 09:39:12,294 - ERROR - Error general: ProductManager.insertar_productos() takes 2 positional arguments but 6 were given
2025-02-06 09:39:57,019 - INFO - Conectado a MongoDB: 1dam.productos
2025-02-06 09:39:57,019 - ERROR - Error general: ProductManager.insertar_productos() takes 2 positional arguments but 6 were given
2025-02-06 09:40:28,781 - INFO - Conectado a MongoDB: 1dam.productos
2025-02-06 09:40:28,781 - ERROR - Error general: ProductManager.insertar_productos() takes 2 positional arguments but 6 were given
2025-02-06 09:42:53,054 - INFO - Conectado a MongoDB: 1dam.productos
2025-02-06 09:42:53,054 - ERROR - Error general: ProductManager.insertar_productos() takes 2 positional arguments but 6 were given
2025-02-06 09:44:18,046 - INFO - Conectado a MongoDB: 1dam.productos
2025-02-06 09:44:18,068 - INFO - Producto insertado con ID: 67a47662ed90e82c259005b6
2025-02-06 09:44:18,069 - ERROR - Error general: ProductManager.consultar_proyeccion_ordenada() missing 3 required positional arguments: 'filtro', 'proyeccion', and 'orden'
2025-02-06 09:47:02,369 - INFO - Conectado a MongoDB: 1dam.productos
2025-02-06 09:47:02,371 - INFO - Producto insertado con ID: 67a47706502ce01c8c23a90e
2025-02-06 09:47:02,371 - INFO - Producto insertado con ID: 67a47706502ce01c8c23a90f
2025-02-06 09:47:02,371 - INFO - Producto insertado con ID: 67a47706502ce01c8c23a910
2025-02-06 09:47:02,372 - INFO - Producto insertado con ID: 67a47706502ce01c8c23a911
2025-02-06 09:47:02,372 - INFO - Producto insertado con ID: 67a47706502ce01c8c23a912
2025-02-06 09:47:02,372 - ERROR - Error general: ProductManager.consultar_proyeccion_ordenada() missing 3 required positional arguments: 'filtro', 'proyeccion', and 'orden'
2025-02-06 09:47:14,125 - INFO - Conectado a MongoDB: 1dam.productos
2025-02-06 09:47:14,127 - INFO - Producto insertado con ID: 67a477126918ed9217379b00
2025-02-06 09:47:14,127 - INFO - Producto insertado con ID: 67a477126918ed9217379b01
2025-02-06 09:47:14,128 - INFO - Producto insertado con ID: 67a477126918ed9217379b02
2025-02-06 09:47:14,128 - INFO - Producto insertado con ID: 67a477126918ed9217379b03
2025-02-06 09:47:14,128 - INFO - Producto insertado con ID: 67a477126918ed9217379b04
2025-02-06 09:47:14,129 - INFO - Productos recuperados: 11
2025-02-06 09:47:14,129 - INFO - {'_id': ObjectId('67a47662ed90e82c259005b6'), 'nombre': 'Drone Phantom X', 'categoria': 'Drones', 'precio': 1200.5, 'stock': 8}
2025-02-06 09:47:14,129 - INFO - {'_id': ObjectId('67a47706502ce01c8c23a90e'), 'nombre': 'Drone Phantom X', 'categoria': 'Drones', 'precio': 1200.5, 'stock': 8}
2025-02-06 09:47:14,129 - INFO - {'_id': ObjectId('67a47706502ce01c8c23a90f'), 'nombre': 'Auriculares Sonic Boom', 'categoria': 'Auriculares', 'precio': 299.99, 'stock': 15}
2025-02-06 09:47:14,129 - INFO - {'_id': ObjectId('67a47706502ce01c8c23a910'), 'nombre': 'Cámara Action Pro', 'categoria': 'Cámaras', 'precio': 499.99, 'stock': 10}
2025-02-06 09:47:14,129 - INFO - {'_id': ObjectId('67a47706502ce01c8c23a911'), 'nombre': 'Asistente SmartBuddy', 'categoria': 'Asistentes Inteligentes', 'precio': 199.99, 'stock': 20}
2025-02-06 09:47:14,129 - INFO - {'_id': ObjectId('67a47706502ce01c8c23a912'), 'nombre': 'Cargador Solar Ultra', 'categoria': 'Accesorios', 'precio': 49.99, 'stock': 3}
2025-02-06 09:47:14,129 - INFO - {'_id': ObjectId('67a477126918ed9217379b00'), 'nombre': 'Drone Phantom X', 'categoria': 'Drones', 'precio': 1200.5, 'stock': 8}
2025-02-06 09:47:14,129 - INFO - {'_id': ObjectId('67a477126918ed9217379b01'), 'nombre': 'Auriculares Sonic Boom', 'categoria': 'Auriculares', 'precio': 299.99, 'stock': 15}
2025-02-06 09:47:14,129 - INFO - {'_id': ObjectId('67a477126918ed9217379b02'), 'nombre': 'Cámara Action Pro', 'categoria': 'Cámaras', 'precio': 499.99, 'stock': 10}
2025-02-06 09:47:14,129 - INFO - {'_id': ObjectId('67a477126918ed9217379b03'), 'nombre': 'Asistente SmartBuddy', 'categoria': 'Asistentes Inteligentes', 'precio': 199.99, 'stock': 20}
2025-02-06 09:47:14,129 - INFO - {'_id': ObjectId('67a477126918ed9217379b04'), 'nombre': 'Cargador Solar Ultra', 'categoria': 'Accesorios', 'precio': 49.99, 'stock': 3}
2025-02-06 09:47:14,129 - INFO - Producto actualizado: {'nombre': 'Drone Phantom X'}
2025-02-06 09:47:14,130 - WARNING - No se encontró producto para eliminar: {'stock': '5'}
2025-02-06 09:47:14,130 - INFO - Conexión a MongoDB cerrada.
2025-02-06 09:47:48,420 - INFO - Conectado a MongoDB: 1dam.productos
2025-02-06 09:47:48,422 - INFO - Producto insertado con ID: 67a4773447cca10d261c4846
2025-02-06 09:47:48,422 - INFO - Producto insertado con ID: 67a4773447cca10d261c4847
2025-02-06 09:47:48,422 - INFO - Producto insertado con ID: 67a4773447cca10d261c4848
2025-02-06 09:47:48,423 - INFO - Producto insertado con ID: 67a4773447cca10d261c4849
2025-02-06 09:47:48,423 - INFO - Producto insertado con ID: 67a4773447cca10d261c484a
2025-02-06 09:47:48,423 - INFO - Productos recuperados: 16
2025-02-06 09:47:48,423 - INFO - {'_id': ObjectId('67a47662ed90e82c259005b6'), 'nombre': 'Drone Phantom X', 'categoria': 'Drones', 'precio': 1300, 'stock': 8}
2025-02-06 09:47:48,423 - INFO - {'_id': ObjectId('67a47706502ce01c8c23a90e'), 'nombre': 'Drone Phantom X', 'categoria': 'Drones', 'precio': 1200.5, 'stock': 8}
2025-02-06 09:47:48,423 - INFO - {'_id': ObjectId('67a47706502ce01c8c23a90f'), 'nombre': 'Auriculares Sonic Boom', 'categoria': 'Auriculares', 'precio': 299.99, 'stock': 15}
2025-02-06 09:47:48,423 - INFO - {'_id': ObjectId('67a47706502ce01c8c23a910'), 'nombre': 'Cámara Action Pro', 'categoria': 'Cámaras', 'precio': 499.99, 'stock': 10}
2025-02-06 09:47:48,423 - INFO - {'_id': ObjectId('67a47706502ce01c8c23a911'), 'nombre': 'Asistente SmartBuddy', 'categoria': 'Asistentes Inteligentes', 'precio': 199.99, 'stock': 20}
2025-02-06 09:47:48,423 - INFO - {'_id': ObjectId('67a47706502ce01c8c23a912'), 'nombre': 'Cargador Solar Ultra', 'categoria': 'Accesorios', 'precio': 49.99, 'stock': 3}
2025-02-06 09:47:48,423 - INFO - {'_id': ObjectId('67a477126918ed9217379b00'), 'nombre': 'Drone Phantom X', 'categoria': 'Drones', 'precio': 1200.5, 'stock': 8}
2025-02-06 09:47:48,424 - INFO - {'_id': ObjectId('67a477126918ed9217379b01'), 'nombre': 'Auriculares Sonic Boom', 'categoria': 'Auriculares', 'precio': 299.99, 'stock': 15}
2025-02-06 09:47:48,424 - INFO - {'_id': ObjectId('67a477126918ed9217379b02'), 'nombre': 'Cámara Action Pro', 'categoria': 'Cámaras', 'precio': 499.99, 'stock': 10}
2025-02-06 09:47:48,424 - INFO - {'_id': ObjectId('67a477126918ed9217379b03'), 'nombre': 'Asistente SmartBuddy', 'categoria': 'Asistentes Inteligentes', 'precio': 199.99, 'stock': 20}
2025-02-06 09:47:48,424 - INFO - {'_id': ObjectId('67a477126918ed9217379b04'), 'nombre': 'Cargador Solar Ultra', 'categoria': 'Accesorios', 'precio': 49.99, 'stock': 3}
2025-02-06 09:47:48,424 - INFO - {'_id': ObjectId('67a4773447cca10d261c4846'), 'nombre': 'Drone Phantom X', 'categoria': 'Drones', 'precio': 1200.5, 'stock': 8}
2025-02-06 09:47:48,424 - INFO - {'_id': ObjectId('67a4773447cca10d261c4847'), 'nombre': 'Auriculares Sonic Boom', 'categoria': 'Auriculares', 'precio': 299.99, 'stock': 15}
2025-02-06 09:47:48,424 - INFO - {'_id': ObjectId('67a4773447cca10d261c4848'), 'nombre': 'Cámara Action Pro', 'categoria': 'Cámaras', 'precio': 499.99, 'stock': 10}
2025-02-06 09:47:48,424 - INFO - {'_id': ObjectId('67a4773447cca10d261c4849'), 'nombre': 'Asistente SmartBuddy', 'categoria': 'Asistentes Inteligentes', 'precio': 199.99, 'stock': 20}
2025-02-06 09:47:48,424 - INFO - {'_id': ObjectId('67a4773447cca10d261c484a'), 'nombre': 'Cargador Solar Ultra', 'categoria': 'Accesorios', 'precio': 49.99, 'stock': 3}
2025-02-06 09:47:48,424 - WARNING - No se encontró producto para actualizar: {'nombre': 'Drone Phantom X'}
2025-02-06 09:47:48,425 - WARNING - No se encontró producto para eliminar: {'stock': '3'}
2025-02-06 09:47:48,425 - INFO - Conexión a MongoDB cerrada.
2025-02-06 09:47:57,768 - INFO - Conectado a MongoDB: 1dam.productos
2025-02-06 09:47:57,769 - INFO - Producto insertado con ID: 67a4773de860c05ffc679d3e
2025-02-06 09:47:57,769 - INFO - Producto insertado con ID: 67a4773de860c05ffc679d3f
2025-02-06 09:47:57,770 - INFO - Producto insertado con ID: 67a4773de860c05ffc679d40
2025-02-06 09:47:57,770 - INFO - Producto insertado con ID: 67a4773de860c05ffc679d41
2025-02-06 09:47:57,770 - INFO - Producto insertado con ID: 67a4773de860c05ffc679d42
2025-02-06 09:47:57,770 - INFO - Productos recuperados: 21
2025-02-06 09:47:57,770 - INFO - {'_id': ObjectId('67a47662ed90e82c259005b6'), 'nombre': 'Drone Phantom X', 'categoria': 'Drones', 'precio': 1300, 'stock': 8}
2025-02-06 09:47:57,771 - INFO - {'_id': ObjectId('67a47706502ce01c8c23a90e'), 'nombre': 'Drone Phantom X', 'categoria': 'Drones', 'precio': 1200.5, 'stock': 8}
2025-02-06 09:47:57,771 - INFO - {'_id': ObjectId('67a47706502ce01c8c23a90f'), 'nombre': 'Auriculares Sonic Boom', 'categoria': 'Auriculares', 'precio': 299.99, 'stock': 15}
2025-02-06 09:47:57,771 - INFO - {'_id': ObjectId('67a47706502ce01c8c23a910'), 'nombre': 'Cámara Action Pro', 'categoria': 'Cámaras', 'precio': 499.99, 'stock': 10}
2025-02-06 09:47:57,771 - INFO - {'_id': ObjectId('67a47706502ce01c8c23a911'), 'nombre': 'Asistente SmartBuddy', 'categoria': 'Asistentes Inteligentes', 'precio': 199.99, 'stock': 20}
2025-02-06 09:47:57,771 - INFO - {'_id': ObjectId('67a47706502ce01c8c23a912'), 'nombre': 'Cargador Solar Ultra', 'categoria': 'Accesorios', 'precio': 49.99, 'stock': 3}
2025-02-06 09:47:57,771 - INFO - {'_id': ObjectId('67a477126918ed9217379b00'), 'nombre': 'Drone Phantom X', 'categoria': 'Drones', 'precio': 1200.5, 'stock': 8}
2025-02-06 09:47:57,771 - INFO - {'_id': ObjectId('67a477126918ed9217379b01'), 'nombre': 'Auriculares Sonic Boom', 'categoria': 'Auriculares', 'precio': 299.99, 'stock': 15}
2025-02-06 09:47:57,771 - INFO - {'_id': ObjectId('67a477126918ed9217379b02'), 'nombre': 'Cámara Action Pro', 'categoria': 'Cámaras', 'precio': 499.99, 'stock': 10}
2025-02-06 09:47:57,771 - INFO - {'_id': ObjectId('67a477126918ed9217379b03'), 'nombre': 'Asistente SmartBuddy', 'categoria': 'Asistentes Inteligentes', 'precio': 199.99, 'stock': 20}
2025-02-06 09:47:57,771 - INFO - {'_id': ObjectId('67a477126918ed9217379b04'), 'nombre': 'Cargador Solar Ultra', 'categoria': 'Accesorios', 'precio': 49.99, 'stock': 3}
2025-02-06 09:47:57,771 - INFO - {'_id': ObjectId('67a4773447cca10d261c4846'), 'nombre': 'Drone Phantom X', 'categoria': 'Drones', 'precio': 1200.5, 'stock': 8}
2025-02-06 09:47:57,771 - INFO - {'_id': ObjectId('67a4773447cca10d261c4847'), 'nombre': 'Auriculares Sonic Boom', 'categoria': 'Auriculares', 'precio': 299.99, 'stock': 15}
2025-02-06 09:47:57,771 - INFO - {'_id': ObjectId('67a4773447cca10d261c4848'), 'nombre': 'Cámara Action Pro', 'categoria': 'Cámaras', 'precio': 499.99, 'stock': 10}
2025-02-06 09:47:57,771 - INFO - {'_id': ObjectId('67a4773447cca10d261c4849'), 'nombre': 'Asistente SmartBuddy', 'categoria': 'Asistentes Inteligentes', 'precio': 199.99, 'stock': 20}
2025-02-06 09:47:57,771 - INFO - {'_id': ObjectId('67a4773447cca10d261c484a'), 'nombre': 'Cargador Solar Ultra', 'categoria': 'Accesorios', 'precio': 49.99, 'stock': 3}
2025-02-06 09:47:57,771 - INFO - {'_id': ObjectId('67a4773de860c05ffc679d3e'), 'nombre': 'Drone Phantom X', 'categoria': 'Drones', 'precio': 1200.5, 'stock': 8}
2025-02-06 09:47:57,771 - INFO - {'_id': ObjectId('67a4773de860c05ffc679d3f'), 'nombre': 'Auriculares Sonic Boom', 'categoria': 'Auriculares', 'precio': 299.99, 'stock': 15}
2025-02-06 09:47:57,771 - INFO - {'_id': ObjectId('67a4773de860c05ffc679d40'), 'nombre': 'Cámara Action Pro', 'categoria': 'Cámaras', 'precio': 499.99, 'stock': 10}
2025-02-06 09:47:57,771 - INFO - {'_id': ObjectId('67a4773de860c05ffc679d41'), 'nombre': 'Asistente SmartBuddy', 'categoria': 'Asistentes Inteligentes', 'precio': 199.99, 'stock': 20}
2025-02-06 09:47:57,771 - INFO - {'_id': ObjectId('67a4773de860c05ffc679d42'), 'nombre': 'Cargador Solar Ultra', 'categoria': 'Accesorios', 'precio': 49.99, 'stock': 3}
2025-02-06 09:47:57,771 - WARNING - No se encontró producto para actualizar: {'nombre': 'Drone Phantom X'}
2025-02-06 09:47:57,772 - INFO - Producto eliminado: {'stock': 3}
2025-02-06 09:47:57,772 - INFO - Conexión a MongoDB cerrada.
2025-02-06 09:48:42,878 - INFO - Conectado a MongoDB: 1dam.productos
2025-02-06 09:48:42,880 - INFO - Producto insertado con ID: 67a4776a743b5527a1ca369e
2025-02-06 09:48:42,880 - INFO - Producto insertado con ID: 67a4776a743b5527a1ca369f
2025-02-06 09:48:42,881 - INFO - Producto insertado con ID: 67a4776a743b5527a1ca36a0
2025-02-06 09:48:42,881 - INFO - Producto insertado con ID: 67a4776a743b5527a1ca36a1
2025-02-06 09:48:42,881 - INFO - Producto insertado con ID: 67a4776a743b5527a1ca36a2
2025-02-06 09:48:42,882 - INFO - Productos recuperados: 25
2025-02-06 09:48:42,882 - INFO - {'_id': ObjectId('67a47662ed90e82c259005b6'), 'nombre': 'Drone Phantom X', 'categoria': 'Drones', 'precio': 1300, 'stock': 8}
2025-02-06 09:48:42,882 - INFO - {'_id': ObjectId('67a47706502ce01c8c23a90e'), 'nombre': 'Drone Phantom X', 'categoria': 'Drones', 'precio': 1200.5, 'stock': 8}
2025-02-06 09:48:42,882 - INFO - {'_id': ObjectId('67a47706502ce01c8c23a90f'), 'nombre': 'Auriculares Sonic Boom', 'categoria': 'Auriculares', 'precio': 299.99, 'stock': 15}
2025-02-06 09:48:42,882 - INFO - {'_id': ObjectId('67a47706502ce01c8c23a910'), 'nombre': 'Cámara Action Pro', 'categoria': 'Cámaras', 'precio': 499.99, 'stock': 10}
2025-02-06 09:48:42,882 - INFO - {'_id': ObjectId('67a47706502ce01c8c23a911'), 'nombre': 'Asistente SmartBuddy', 'categoria': 'Asistentes Inteligentes', 'precio': 199.99, 'stock': 20}
2025-02-06 09:48:42,882 - INFO - {'_id': ObjectId('67a477126918ed9217379b00'), 'nombre': 'Drone Phantom X', 'categoria': 'Drones', 'precio': 1200.5, 'stock': 8}
2025-02-06 09:48:42,882 - INFO - {'_id': ObjectId('67a477126918ed9217379b01'), 'nombre': 'Auriculares Sonic Boom', 'categoria': 'Auriculares', 'precio': 299.99, 'stock': 15}
2025-02-06 09:48:42,882 - INFO - {'_id': ObjectId('67a477126918ed9217379b02'), 'nombre': 'Cámara Action Pro', 'categoria': 'Cámaras', 'precio': 499.99, 'stock': 10}
2025-02-06 09:48:42,882 - INFO - {'_id': ObjectId('67a477126918ed9217379b03'), 'nombre': 'Asistente SmartBuddy', 'categoria': 'Asistentes Inteligentes', 'precio': 199.99, 'stock': 20}
2025-02-06 09:48:42,882 - INFO - {'_id': ObjectId('67a477126918ed9217379b04'), 'nombre': 'Cargador Solar Ultra', 'categoria': 'Accesorios', 'precio': 49.99, 'stock': 3}
2025-02-06 09:48:42,882 - INFO - {'_id': ObjectId('67a4773447cca10d261c4846'), 'nombre': 'Drone Phantom X', 'categoria': 'Drones', 'precio': 1200.5, 'stock': 8}
2025-02-06 09:48:42,882 - INFO - {'_id': ObjectId('67a4773447cca10d261c4847'), 'nombre': 'Auriculares Sonic Boom', 'categoria': 'Auriculares', 'precio': 299.99, 'stock': 15}
2025-02-06 09:48:42,882 - INFO - {'_id': ObjectId('67a4773447cca10d261c4848'), 'nombre': 'Cámara Action Pro', 'categoria': 'Cámaras', 'precio': 499.99, 'stock': 10}
2025-02-06 09:48:42,882 - INFO - {'_id': ObjectId('67a4773447cca10d261c4849'), 'nombre': 'Asistente SmartBuddy', 'categoria': 'Asistentes Inteligentes', 'precio': 199.99, 'stock': 20}
2025-02-06 09:48:42,882 - INFO - {'_id': ObjectId('67a4773447cca10d261c484a'), 'nombre': 'Cargador Solar Ultra', 'categoria': 'Accesorios', 'precio': 49.99, 'stock': 3}
2025-02-06 09:48:42,882 - INFO - {'_id': ObjectId('67a4773de860c05ffc679d3e'), 'nombre': 'Drone Phantom X', 'categoria': 'Drones', 'precio': 1200.5, 'stock': 8}
2025-02-06 09:48:42,882 - INFO - {'_id': ObjectId('67a4773de860c05ffc679d3f'), 'nombre': 'Auriculares Sonic Boom', 'categoria': 'Auriculares', 'precio': 299.99, 'stock': 15}
2025-02-06 09:48:42,882 - INFO - {'_id': ObjectId('67a4773de860c05ffc679d40'), 'nombre': 'Cámara Action Pro', 'categoria': 'Cámaras', 'precio': 499.99, 'stock': 10}
2025-02-06 09:48:42,882 - INFO - {'_id': ObjectId('67a4773de860c05ffc679d41'), 'nombre': 'Asistente SmartBuddy', 'categoria': 'Asistentes Inteligentes', 'precio': 199.99, 'stock': 20}
2025-02-06 09:48:42,882 - INFO - {'_id': ObjectId('67a4773de860c05ffc679d42'), 'nombre': 'Cargador Solar Ultra', 'categoria': 'Accesorios', 'precio': 49.99, 'stock': 3}
2025-02-06 09:48:42,882 - INFO - {'_id': ObjectId('67a4776a743b5527a1ca369e'), 'nombre': 'Drone Phantom X', 'categoria': 'Drones', 'precio': 1200.5, 'stock': 8}
2025-02-06 09:48:42,882 - INFO - {'_id': ObjectId('67a4776a743b5527a1ca369f'), 'nombre': 'Auriculares Sonic Boom', 'categoria': 'Auriculares', 'precio': 299.99, 'stock': 15}
2025-02-06 09:48:42,882 - INFO - {'_id': ObjectId('67a4776a743b5527a1ca36a0'), 'nombre': 'Cámara Action Pro', 'categoria': 'Cámaras', 'precio': 499.99, 'stock': 10}
2025-02-06 09:48:42,882 - INFO - {'_id': ObjectId('67a4776a743b5527a1ca36a1'), 'nombre': 'Asistente SmartBuddy', 'categoria': 'Asistentes Inteligentes', 'precio': 199.99, 'stock': 20}
2025-02-06 09:48:42,882 - INFO - {'_id': ObjectId('67a4776a743b5527a1ca36a2'), 'nombre': 'Cargador Solar Ultra', 'categoria': 'Accesorios', 'precio': 49.99, 'stock': 3}
2025-02-06 09:48:42,883 - WARNING - No se encontró producto para actualizar: {'nombre': 'Drone Phantom X'}
2025-02-06 09:48:42,883 - INFO - Producto eliminado: {'stock': 3}
2025-02-06 09:48:42,883 - ERROR - Error general: ProductManager.consultar_proyeccion_ordenada() missing 3 required positional arguments: 'filtro', 'proyeccion', and 'orden'
