2025-02-06 09:52:52,584 - INFO - Conectado a MongoDB: 1dam.productos
2025-02-06 09:52:52,586 - INFO - Producto insertado con ID: 67a47864dfab0065f834da3b
2025-02-06 09:52:52,586 - INFO - Producto insertado con ID: 67a47864dfab0065f834da3c
2025-02-06 09:52:52,587 - INFO - Producto insertado con ID: 67a47864dfab0065f834da3d
2025-02-06 09:52:52,587 - INFO - Producto insertado con ID: 67a47864dfab0065f834da3e
2025-02-06 09:52:52,587 - INFO - Producto insertado con ID: 67a47864dfab0065f834da3f
2025-02-06 09:52:52,588 - INFO - Productos recuperados: 29
2025-02-06 09:52:52,588 - INFO - {'_id': ObjectId('67a47662ed90e82c259005b6'), 'nombre': 'Drone Phantom X', 'categoria': 'Drones', 'precio': 1300, 'stock': 8}
2025-02-06 09:52:52,588 - INFO - {'_id': ObjectId('67a47706502ce01c8c23a90e'), 'nombre': 'Drone Phantom X', 'categoria': 'Drones', 'precio': 1200.5, 'stock': 8}
2025-02-06 09:52:52,588 - INFO - {'_id': ObjectId('67a47706502ce01c8c23a90f'), 'nombre': 'Auriculares Sonic Boom', 'categoria': 'Auriculares', 'precio': 299.99, 'stock': 15}
2025-02-06 09:52:52,588 - INFO - {'_id': ObjectId('67a47706502ce01c8c23a910'), 'nombre': 'Cámara Action Pro', 'categoria': 'Cámaras', 'precio': 499.99, 'stock': 10}
2025-02-06 09:52:52,588 - INFO - {'_id': ObjectId('67a47706502ce01c8c23a911'), 'nombre': 'Asistente SmartBuddy', 'categoria': 'Asistentes Inteligentes', 'precio': 199.99, 'stock': 20}
2025-02-06 09:52:52,588 - INFO - {'_id': ObjectId('67a477126918ed9217379b00'), 'nombre': 'Drone Phantom X', 'categoria': 'Drones', 'precio': 1200.5, 'stock': 8}
2025-02-06 09:52:52,588 - INFO - {'_id': ObjectId('67a477126918ed9217379b01'), 'nombre': 'Auriculares Sonic Boom', 'categoria': 'Auriculares', 'precio': 299.99, 'stock': 15}
2025-02-06 09:52:52,588 - INFO - {'_id': ObjectId('67a477126918ed9217379b02'), 'nombre': 'Cámara Action Pro', 'categoria': 'Cámaras', 'precio': 499.99, 'stock': 10}
2025-02-06 09:52:52,588 - INFO - {'_id': ObjectId('67a477126918ed9217379b03'), 'nombre': 'Asistente SmartBuddy', 'categoria': 'Asistentes Inteligentes', 'precio': 199.99, 'stock': 20}
2025-02-06 09:52:52,588 - INFO - {'_id': ObjectId('67a4773447cca10d261c4846'), 'nombre': 'Drone Phantom X', 'categoria': 'Drones', 'precio': 1200.5, 'stock': 8}
2025-02-06 09:52:52,588 - INFO - {'_id': ObjectId('67a4773447cca10d261c4847'), 'nombre': 'Auriculares Sonic Boom', 'categoria': 'Auriculares', 'precio': 299.99, 'stock': 15}
2025-02-06 09:52:52,588 - INFO - {'_id': ObjectId('67a4773447cca10d261c4848'), 'nombre': 'Cámara Action Pro', 'categoria': 'Cámaras', 'precio': 499.99, 'stock': 10}
2025-02-06 09:52:52,588 - INFO - {'_id': ObjectId('67a4773447cca10d261c4849'), 'nombre': 'Asistente SmartBuddy', 'categoria': 'Asistentes Inteligentes', 'precio': 199.99, 'stock': 20}
2025-02-06 09:52:52,588 - INFO - {'_id': ObjectId('67a4773447cca10d261c484a'), 'nombre': 'Cargador Solar Ultra', 'categoria': 'Accesorios', 'precio': 49.99, 'stock': 3}
2025-02-06 09:52:52,588 - INFO - {'_id': ObjectId('67a4773de860c05ffc679d3e'), 'nombre': 'Drone Phantom X', 'categoria': 'Drones', 'precio': 1200.5, 'stock': 8}
2025-02-06 09:52:52,588 - INFO - {'_id': ObjectId('67a4773de860c05ffc679d3f'), 'nombre': 'Auriculares Sonic Boom', 'categoria': 'Auriculares', 'precio': 299.99, 'stock': 15}
2025-02-06 09:52:52,588 - INFO - {'_id': ObjectId('67a4773de860c05ffc679d40'), 'nombre': 'Cámara Action Pro', 'categoria': 'Cámaras', 'precio': 499.99, 'stock': 10}
2025-02-06 09:52:52,588 - INFO - {'_id': ObjectId('67a4773de860c05ffc679d41'), 'nombre': 'Asistente SmartBuddy', 'categoria': 'Asistentes Inteligentes', 'precio': 199.99, 'stock': 20}
2025-02-06 09:52:52,588 - INFO - {'_id': ObjectId('67a4773de860c05ffc679d42'), 'nombre': 'Cargador Solar Ultra', 'categoria': 'Accesorios', 'precio': 49.99, 'stock': 3}
2025-02-06 09:52:52,588 - INFO - {'_id': ObjectId('67a4776a743b5527a1ca369e'), 'nombre': 'Drone Phantom X', 'categoria': 'Drones', 'precio': 1200.5, 'stock': 8}
2025-02-06 09:52:52,588 - INFO - {'_id': ObjectId('67a4776a743b5527a1ca369f'), 'nombre': 'Auriculares Sonic Boom', 'categoria': 'Auriculares', 'precio': 299.99, 'stock': 15}
2025-02-06 09:52:52,589 - INFO - {'_id': ObjectId('67a4776a743b5527a1ca36a0'), 'nombre': 'Cámara Action Pro', 'categoria': 'Cámaras', 'precio': 499.99, 'stock': 10}
2025-02-06 09:52:52,589 - INFO - {'_id': ObjectId('67a4776a743b5527a1ca36a1'), 'nombre': 'Asistente SmartBuddy', 'categoria': 'Asistentes Inteligentes', 'precio': 199.99, 'stock': 20}
2025-02-06 09:52:52,589 - INFO - {'_id': ObjectId('67a4776a743b5527a1ca36a2'), 'nombre': 'Cargador Solar Ultra', 'categoria': 'Accesorios', 'precio': 49.99, 'stock': 3}
2025-02-06 09:52:52,589 - INFO - {'_id': ObjectId('67a47864dfab0065f834da3b'), 'nombre': 'Drone Phantom X', 'categoria': 'Drones', 'precio': 1200.5, 'stock': 8}
2025-02-06 09:52:52,589 - INFO - {'_id': ObjectId('67a47864dfab0065f834da3c'), 'nombre': 'Auriculares Sonic Boom', 'categoria': 'Auriculares', 'precio': 299.99, 'stock': 15}
2025-02-06 09:52:52,589 - INFO - {'_id': ObjectId('67a47864dfab0065f834da3d'), 'nombre': 'Cámara Action Pro', 'categoria': 'Cámaras', 'precio': 499.99, 'stock': 10}
2025-02-06 09:52:52,589 - INFO - {'_id': ObjectId('67a47864dfab0065f834da3e'), 'nombre': 'Asistente SmartBuddy', 'categoria': 'Asistentes Inteligentes', 'precio': 199.99, 'stock': 20}
2025-02-06 09:52:52,589 - INFO - {'_id': ObjectId('67a47864dfab0065f834da3f'), 'nombre': 'Cargador Solar Ultra', 'categoria': 'Accesorios', 'precio': 49.99, 'stock': 3}
2025-02-06 09:52:52,589 - WARNING - No se encontró producto para actualizar: {'nombre': 'Drone Phantom X'}
2025-02-06 09:52:52,590 - INFO - Producto eliminado: {'stock': 3}
2025-02-06 09:52:52,590 - ERROR - Error general: ProductManager.consultar_proyeccion_ordenada() missing 3 required positional arguments: 'filtro', 'proyeccion', and 'orden'
2025-02-06 09:53:28,871 - INFO - Conectado a MongoDB: 1dam.productos
2025-02-06 09:53:28,873 - INFO - Producto insertado con ID: 67a4788838a77d4cad16b824
2025-02-06 09:53:28,873 - INFO - Producto insertado con ID: 67a4788838a77d4cad16b825
2025-02-06 09:53:28,874 - INFO - Producto insertado con ID: 67a4788838a77d4cad16b826
2025-02-06 09:53:28,874 - INFO - Producto insertado con ID: 67a4788838a77d4cad16b827
2025-02-06 09:53:28,874 - INFO - Producto insertado con ID: 67a4788838a77d4cad16b828
2025-02-06 09:53:28,875 - INFO - Productos recuperados: 33
2025-02-06 09:53:28,875 - INFO - {'_id': ObjectId('67a47662ed90e82c259005b6'), 'nombre': 'Drone Phantom X', 'categoria': 'Drones', 'precio': 1300, 'stock': 8}
2025-02-06 09:53:28,875 - INFO - {'_id': ObjectId('67a47706502ce01c8c23a90e'), 'nombre': 'Drone Phantom X', 'categoria': 'Drones', 'precio': 1200.5, 'stock': 8}
2025-02-06 09:53:28,875 - INFO - {'_id': ObjectId('67a47706502ce01c8c23a90f'), 'nombre': 'Auriculares Sonic Boom', 'categoria': 'Auriculares', 'precio': 299.99, 'stock': 15}
2025-02-06 09:53:28,875 - INFO - {'_id': ObjectId('67a47706502ce01c8c23a910'), 'nombre': 'Cámara Action Pro', 'categoria': 'Cámaras', 'precio': 499.99, 'stock': 10}
2025-02-06 09:53:28,875 - INFO - {'_id': ObjectId('67a47706502ce01c8c23a911'), 'nombre': 'Asistente SmartBuddy', 'categoria': 'Asistentes Inteligentes', 'precio': 199.99, 'stock': 20}
2025-02-06 09:53:28,875 - INFO - {'_id': ObjectId('67a477126918ed9217379b00'), 'nombre': 'Drone Phantom X', 'categoria': 'Drones', 'precio': 1200.5, 'stock': 8}
2025-02-06 09:53:28,875 - INFO - {'_id': ObjectId('67a477126918ed9217379b01'), 'nombre': 'Auriculares Sonic Boom', 'categoria': 'Auriculares', 'precio': 299.99, 'stock': 15}
2025-02-06 09:53:28,875 - INFO - {'_id': ObjectId('67a477126918ed9217379b02'), 'nombre': 'Cámara Action Pro', 'categoria': 'Cámaras', 'precio': 499.99, 'stock': 10}
2025-02-06 09:53:28,875 - INFO - {'_id': ObjectId('67a477126918ed9217379b03'), 'nombre': 'Asistente SmartBuddy', 'categoria': 'Asistentes Inteligentes', 'precio': 199.99, 'stock': 20}
2025-02-06 09:53:28,875 - INFO - {'_id': ObjectId('67a4773447cca10d261c4846'), 'nombre': 'Drone Phantom X', 'categoria': 'Drones', 'precio': 1200.5, 'stock': 8}
2025-02-06 09:53:28,875 - INFO - {'_id': ObjectId('67a4773447cca10d261c4847'), 'nombre': 'Auriculares Sonic Boom', 'categoria': 'Auriculares', 'precio': 299.99, 'stock': 15}
2025-02-06 09:53:28,875 - INFO - {'_id': ObjectId('67a4773447cca10d261c4848'), 'nombre': 'Cámara Action Pro', 'categoria': 'Cámaras', 'precio': 499.99, 'stock': 10}
2025-02-06 09:53:28,875 - INFO - {'_id': ObjectId('67a4773447cca10d261c4849'), 'nombre': 'Asistente SmartBuddy', 'categoria': 'Asistentes Inteligentes', 'precio': 199.99, 'stock': 20}
2025-02-06 09:53:28,875 - INFO - {'_id': ObjectId('67a4773de860c05ffc679d3e'), 'nombre': 'Drone Phantom X', 'categoria': 'Drones', 'precio': 1200.5, 'stock': 8}
2025-02-06 09:53:28,875 - INFO - {'_id': ObjectId('67a4773de860c05ffc679d3f'), 'nombre': 'Auriculares Sonic Boom', 'categoria': 'Auriculares', 'precio': 299.99, 'stock': 15}
2025-02-06 09:53:28,875 - INFO - {'_id': ObjectId('67a4773de860c05ffc679d40'), 'nombre': 'Cámara Action Pro', 'categoria': 'Cámaras', 'precio': 499.99, 'stock': 10}
2025-02-06 09:53:28,875 - INFO - {'_id': ObjectId('67a4773de860c05ffc679d41'), 'nombre': 'Asistente SmartBuddy', 'categoria': 'Asistentes Inteligentes', 'precio': 199.99, 'stock': 20}
2025-02-06 09:53:28,875 - INFO - {'_id': ObjectId('67a4773de860c05ffc679d42'), 'nombre': 'Cargador Solar Ultra', 'categoria': 'Accesorios', 'precio': 49.99, 'stock': 3}
2025-02-06 09:53:28,875 - INFO - {'_id': ObjectId('67a4776a743b5527a1ca369e'), 'nombre': 'Drone Phantom X', 'categoria': 'Drones', 'precio': 1200.5, 'stock': 8}
2025-02-06 09:53:28,875 - INFO - {'_id': ObjectId('67a4776a743b5527a1ca369f'), 'nombre': 'Auriculares Sonic Boom', 'categoria': 'Auriculares', 'precio': 299.99, 'stock': 15}
2025-02-06 09:53:28,876 - INFO - {'_id': ObjectId('67a4776a743b5527a1ca36a0'), 'nombre': 'Cámara Action Pro', 'categoria': 'Cámaras', 'precio': 499.99, 'stock': 10}
2025-02-06 09:53:28,876 - INFO - {'_id': ObjectId('67a4776a743b5527a1ca36a1'), 'nombre': 'Asistente SmartBuddy', 'categoria': 'Asistentes Inteligentes', 'precio': 199.99, 'stock': 20}
2025-02-06 09:53:28,876 - INFO - {'_id': ObjectId('67a4776a743b5527a1ca36a2'), 'nombre': 'Cargador Solar Ultra', 'categoria': 'Accesorios', 'precio': 49.99, 'stock': 3}
2025-02-06 09:53:28,876 - INFO - {'_id': ObjectId('67a47864dfab0065f834da3b'), 'nombre': 'Drone Phantom X', 'categoria': 'Drones', 'precio': 1200.5, 'stock': 8}
2025-02-06 09:53:28,876 - INFO - {'_id': ObjectId('67a47864dfab0065f834da3c'), 'nombre': 'Auriculares Sonic Boom', 'categoria': 'Auriculares', 'precio': 299.99, 'stock': 15}
2025-02-06 09:53:28,876 - INFO - {'_id': ObjectId('67a47864dfab0065f834da3d'), 'nombre': 'Cámara Action Pro', 'categoria': 'Cámaras', 'precio': 499.99, 'stock': 10}
2025-02-06 09:53:28,876 - INFO - {'_id': ObjectId('67a47864dfab0065f834da3e'), 'nombre': 'Asistente SmartBuddy', 'categoria': 'Asistentes Inteligentes', 'precio': 199.99, 'stock': 20}
2025-02-06 09:53:28,876 - INFO - {'_id': ObjectId('67a47864dfab0065f834da3f'), 'nombre': 'Cargador Solar Ultra', 'categoria': 'Accesorios', 'precio': 49.99, 'stock': 3}
2025-02-06 09:53:28,876 - INFO - {'_id': ObjectId('67a4788838a77d4cad16b824'), 'nombre': 'Drone Phantom X', 'categoria': 'Drones', 'precio': 1200.5, 'stock': 8}
2025-02-06 09:53:28,876 - INFO - {'_id': ObjectId('67a4788838a77d4cad16b825'), 'nombre': 'Auriculares Sonic Boom', 'categoria': 'Auriculares', 'precio': 299.99, 'stock': 15}
2025-02-06 09:53:28,876 - INFO - {'_id': ObjectId('67a4788838a77d4cad16b826'), 'nombre': 'Cámara Action Pro', 'categoria': 'Cámaras', 'precio': 499.99, 'stock': 10}
2025-02-06 09:53:28,876 - INFO - {'_id': ObjectId('67a4788838a77d4cad16b827'), 'nombre': 'Asistente SmartBuddy', 'categoria': 'Asistentes Inteligentes', 'precio': 199.99, 'stock': 20}
2025-02-06 09:53:28,876 - INFO - {'_id': ObjectId('67a4788838a77d4cad16b828'), 'nombre': 'Cargador Solar Ultra', 'categoria': 'Accesorios', 'precio': 49.99, 'stock': 3}
2025-02-06 09:53:28,876 - WARNING - No se encontró producto para actualizar: {'nombre': 'Drone Phantom X'}
2025-02-06 09:53:28,877 - INFO - Producto eliminado: {'stock': 3}
2025-02-06 09:53:28,877 - ERROR - Error general: ProductManager.consultar_proyeccion_ordenada() missing 3 required positional arguments: 'filtro', 'proyeccion', and 'orden'
2025-02-06 09:54:42,069 - INFO - Conectado a MongoDB: 1dam.productos
2025-02-06 09:54:42,070 - INFO - Producto insertado con ID: 67a478d2f4364306b7e91621
2025-02-06 09:54:42,071 - INFO - Producto insertado con ID: 67a478d2f4364306b7e91622
2025-02-06 09:54:42,071 - INFO - Producto insertado con ID: 67a478d2f4364306b7e91623
2025-02-06 09:54:42,071 - INFO - Producto insertado con ID: 67a478d2f4364306b7e91624
2025-02-06 09:54:42,071 - INFO - Producto insertado con ID: 67a478d2f4364306b7e91625
2025-02-06 09:54:42,072 - INFO - Productos recuperados: 37
2025-02-06 09:54:42,072 - INFO - {'_id': ObjectId('67a47662ed90e82c259005b6'), 'nombre': 'Drone Phantom X', 'categoria': 'Drones', 'precio': 1300, 'stock': 8}
2025-02-06 09:54:42,072 - INFO - {'_id': ObjectId('67a47706502ce01c8c23a90e'), 'nombre': 'Drone Phantom X', 'categoria': 'Drones', 'precio': 1200.5, 'stock': 8}
2025-02-06 09:54:42,072 - INFO - {'_id': ObjectId('67a47706502ce01c8c23a90f'), 'nombre': 'Auriculares Sonic Boom', 'categoria': 'Auriculares', 'precio': 299.99, 'stock': 15}
2025-02-06 09:54:42,072 - INFO - {'_id': ObjectId('67a47706502ce01c8c23a910'), 'nombre': 'Cámara Action Pro', 'categoria': 'Cámaras', 'precio': 499.99, 'stock': 10}
2025-02-06 09:54:42,072 - INFO - {'_id': ObjectId('67a47706502ce01c8c23a911'), 'nombre': 'Asistente SmartBuddy', 'categoria': 'Asistentes Inteligentes', 'precio': 199.99, 'stock': 20}
2025-02-06 09:54:42,072 - INFO - {'_id': ObjectId('67a477126918ed9217379b00'), 'nombre': 'Drone Phantom X', 'categoria': 'Drones', 'precio': 1200.5, 'stock': 8}
2025-02-06 09:54:42,072 - INFO - {'_id': ObjectId('67a477126918ed9217379b01'), 'nombre': 'Auriculares Sonic Boom', 'categoria': 'Auriculares', 'precio': 299.99, 'stock': 15}
2025-02-06 09:54:42,072 - INFO - {'_id': ObjectId('67a477126918ed9217379b02'), 'nombre': 'Cámara Action Pro', 'categoria': 'Cámaras', 'precio': 499.99, 'stock': 10}
2025-02-06 09:54:42,072 - INFO - {'_id': ObjectId('67a477126918ed9217379b03'), 'nombre': 'Asistente SmartBuddy', 'categoria': 'Asistentes Inteligentes', 'precio': 199.99, 'stock': 20}
2025-02-06 09:54:42,072 - INFO - {'_id': ObjectId('67a4773447cca10d261c4846'), 'nombre': 'Drone Phantom X', 'categoria': 'Drones', 'precio': 1200.5, 'stock': 8}
2025-02-06 09:54:42,072 - INFO - {'_id': ObjectId('67a4773447cca10d261c4847'), 'nombre': 'Auriculares Sonic Boom', 'categoria': 'Auriculares', 'precio': 299.99, 'stock': 15}
2025-02-06 09:54:42,072 - INFO - {'_id': ObjectId('67a4773447cca10d261c4848'), 'nombre': 'Cámara Action Pro', 'categoria': 'Cámaras', 'precio': 499.99, 'stock': 10}
2025-02-06 09:54:42,072 - INFO - {'_id': ObjectId('67a4773447cca10d261c4849'), 'nombre': 'Asistente SmartBuddy', 'categoria': 'Asistentes Inteligentes', 'precio': 199.99, 'stock': 20}
2025-02-06 09:54:42,072 - INFO - {'_id': ObjectId('67a4773de860c05ffc679d3e'), 'nombre': 'Drone Phantom X', 'categoria': 'Drones', 'precio': 1200.5, 'stock': 8}
2025-02-06 09:54:42,073 - INFO - {'_id': ObjectId('67a4773de860c05ffc679d3f'), 'nombre': 'Auriculares Sonic Boom', 'categoria': 'Auriculares', 'precio': 299.99, 'stock': 15}
2025-02-06 09:54:42,073 - INFO - {'_id': ObjectId('67a4773de860c05ffc679d40'), 'nombre': 'Cámara Action Pro', 'categoria': 'Cámaras', 'precio': 499.99, 'stock': 10}
2025-02-06 09:54:42,073 - INFO - {'_id': ObjectId('67a4773de860c05ffc679d41'), 'nombre': 'Asistente SmartBuddy', 'categoria': 'Asistentes Inteligentes', 'precio': 199.99, 'stock': 20}
2025-02-06 09:54:42,073 - INFO - {'_id': ObjectId('67a4776a743b5527a1ca369e'), 'nombre': 'Drone Phantom X', 'categoria': 'Drones', 'precio': 1200.5, 'stock': 8}
2025-02-06 09:54:42,073 - INFO - {'_id': ObjectId('67a4776a743b5527a1ca369f'), 'nombre': 'Auriculares Sonic Boom', 'categoria': 'Auriculares', 'precio': 299.99, 'stock': 15}
2025-02-06 09:54:42,073 - INFO - {'_id': ObjectId('67a4776a743b5527a1ca36a0'), 'nombre': 'Cámara Action Pro', 'categoria': 'Cámaras', 'precio': 499.99, 'stock': 10}
2025-02-06 09:54:42,073 - INFO - {'_id': ObjectId('67a4776a743b5527a1ca36a1'), 'nombre': 'Asistente SmartBuddy', 'categoria': 'Asistentes Inteligentes', 'precio': 199.99, 'stock': 20}
2025-02-06 09:54:42,073 - INFO - {'_id': ObjectId('67a4776a743b5527a1ca36a2'), 'nombre': 'Cargador Solar Ultra', 'categoria': 'Accesorios', 'precio': 49.99, 'stock': 3}
2025-02-06 09:54:42,073 - INFO - {'_id': ObjectId('67a47864dfab0065f834da3b'), 'nombre': 'Drone Phantom X', 'categoria': 'Drones', 'precio': 1200.5, 'stock': 8}
2025-02-06 09:54:42,073 - INFO - {'_id': ObjectId('67a47864dfab0065f834da3c'), 'nombre': 'Auriculares Sonic Boom', 'categoria': 'Auriculares', 'precio': 299.99, 'stock': 15}
2025-02-06 09:54:42,073 - INFO - {'_id': ObjectId('67a47864dfab0065f834da3d'), 'nombre': 'Cámara Action Pro', 'categoria': 'Cámaras', 'precio': 499.99, 'stock': 10}
2025-02-06 09:54:42,073 - INFO - {'_id': ObjectId('67a47864dfab0065f834da3e'), 'nombre': 'Asistente SmartBuddy', 'categoria': 'Asistentes Inteligentes', 'precio': 199.99, 'stock': 20}
2025-02-06 09:54:42,073 - INFO - {'_id': ObjectId('67a47864dfab0065f834da3f'), 'nombre': 'Cargador Solar Ultra', 'categoria': 'Accesorios', 'precio': 49.99, 'stock': 3}
2025-02-06 09:54:42,073 - INFO - {'_id': ObjectId('67a4788838a77d4cad16b824'), 'nombre': 'Drone Phantom X', 'categoria': 'Drones', 'precio': 1200.5, 'stock': 8}
2025-02-06 09:54:42,073 - INFO - {'_id': ObjectId('67a4788838a77d4cad16b825'), 'nombre': 'Auriculares Sonic Boom', 'categoria': 'Auriculares', 'precio': 299.99, 'stock': 15}
2025-02-06 09:54:42,073 - INFO - {'_id': ObjectId('67a4788838a77d4cad16b826'), 'nombre': 'Cámara Action Pro', 'categoria': 'Cámaras', 'precio': 499.99, 'stock': 10}
2025-02-06 09:54:42,073 - INFO - {'_id': ObjectId('67a4788838a77d4cad16b827'), 'nombre': 'Asistente SmartBuddy', 'categoria': 'Asistentes Inteligentes', 'precio': 199.99, 'stock': 20}
2025-02-06 09:54:42,073 - INFO - {'_id': ObjectId('67a4788838a77d4cad16b828'), 'nombre': 'Cargador Solar Ultra', 'categoria': 'Accesorios', 'precio': 49.99, 'stock': 3}
2025-02-06 09:54:42,073 - INFO - {'_id': ObjectId('67a478d2f4364306b7e91621'), 'nombre': 'Drone Phantom X', 'categoria': 'Drones', 'precio': 1200.5, 'stock': 8}
2025-02-06 09:54:42,073 - INFO - {'_id': ObjectId('67a478d2f4364306b7e91622'), 'nombre': 'Auriculares Sonic Boom', 'categoria': 'Auriculares', 'precio': 299.99, 'stock': 15}
2025-02-06 09:54:42,073 - INFO - {'_id': ObjectId('67a478d2f4364306b7e91623'), 'nombre': 'Cámara Action Pro', 'categoria': 'Cámaras', 'precio': 499.99, 'stock': 10}
2025-02-06 09:54:42,073 - INFO - {'_id': ObjectId('67a478d2f4364306b7e91624'), 'nombre': 'Asistente SmartBuddy', 'categoria': 'Asistentes Inteligentes', 'precio': 199.99, 'stock': 20}
2025-02-06 09:54:42,073 - INFO - {'_id': ObjectId('67a478d2f4364306b7e91625'), 'nombre': 'Cargador Solar Ultra', 'categoria': 'Accesorios', 'precio': 49.99, 'stock': 3}
2025-02-06 09:54:42,074 - WARNING - No se encontró producto para actualizar: {'nombre': 'Drone Phantom X'}
2025-02-06 09:54:42,075 - INFO - Producto eliminado: {'stock': 3}
2025-02-06 09:54:42,075 - ERROR - Error general: ProductManager.consultar_proyeccion_ordenada() missing 3 required positional arguments: 'filtro', 'proyeccion', and 'orden'
2025-02-06 09:55:31,530 - INFO - Conectado a MongoDB: 1dam.productos
2025-02-06 09:55:31,532 - INFO - Producto insertado con ID: 67a4790322d423a30b339db7
2025-02-06 09:55:31,532 - INFO - Producto insertado con ID: 67a4790322d423a30b339db8
2025-02-06 09:55:31,532 - INFO - Producto insertado con ID: 67a4790322d423a30b339db9
2025-02-06 09:55:31,533 - INFO - Producto insertado con ID: 67a4790322d423a30b339dba
2025-02-06 09:55:31,533 - INFO - Producto insertado con ID: 67a4790322d423a30b339dbb
2025-02-06 09:55:31,533 - ERROR - Error general: ProductManager.consultar_proyeccion_ordenada() missing 3 required positional arguments: 'filtro', 'proyeccion', and 'orden'
2025-02-06 09:57:06,470 - INFO - Conectado a MongoDB: 1dam.productos
2025-02-06 09:57:06,471 - INFO - Producto insertado con ID: 67a47962436d257d273de22a
2025-02-06 09:57:06,472 - INFO - Producto insertado con ID: 67a47962436d257d273de22b
2025-02-06 09:57:06,472 - INFO - Producto insertado con ID: 67a47962436d257d273de22c
2025-02-06 09:57:06,472 - INFO - Producto insertado con ID: 67a47962436d257d273de22d
2025-02-06 09:57:06,472 - INFO - Producto insertado con ID: 67a47962436d257d273de22e
2025-02-06 09:57:06,473 - INFO - Productos recuperados: 46
2025-02-06 09:57:06,473 - INFO - {'_id': ObjectId('67a47662ed90e82c259005b6'), 'nombre': 'Drone Phantom X', 'categoria': 'Drones', 'precio': 1300, 'stock': 8}
2025-02-06 09:57:06,473 - INFO - {'_id': ObjectId('67a47706502ce01c8c23a90e'), 'nombre': 'Drone Phantom X', 'categoria': 'Drones', 'precio': 1200.5, 'stock': 8}
2025-02-06 09:57:06,473 - INFO - {'_id': ObjectId('67a47706502ce01c8c23a90f'), 'nombre': 'Auriculares Sonic Boom', 'categoria': 'Auriculares', 'precio': 299.99, 'stock': 15}
2025-02-06 09:57:06,473 - INFO - {'_id': ObjectId('67a47706502ce01c8c23a910'), 'nombre': 'Cámara Action Pro', 'categoria': 'Cámaras', 'precio': 499.99, 'stock': 10}
2025-02-06 09:57:06,473 - INFO - {'_id': ObjectId('67a47706502ce01c8c23a911'), 'nombre': 'Asistente SmartBuddy', 'categoria': 'Asistentes Inteligentes', 'precio': 199.99, 'stock': 20}
2025-02-06 09:57:06,473 - INFO - {'_id': ObjectId('67a477126918ed9217379b00'), 'nombre': 'Drone Phantom X', 'categoria': 'Drones', 'precio': 1200.5, 'stock': 8}
2025-02-06 09:57:06,473 - INFO - {'_id': ObjectId('67a477126918ed9217379b01'), 'nombre': 'Auriculares Sonic Boom', 'categoria': 'Auriculares', 'precio': 299.99, 'stock': 15}
2025-02-06 09:57:06,473 - INFO - {'_id': ObjectId('67a477126918ed9217379b02'), 'nombre': 'Cámara Action Pro', 'categoria': 'Cámaras', 'precio': 499.99, 'stock': 10}
2025-02-06 09:57:06,473 - INFO - {'_id': ObjectId('67a477126918ed9217379b03'), 'nombre': 'Asistente SmartBuddy', 'categoria': 'Asistentes Inteligentes', 'precio': 199.99, 'stock': 20}
2025-02-06 09:57:06,473 - INFO - {'_id': ObjectId('67a4773447cca10d261c4846'), 'nombre': 'Drone Phantom X', 'categoria': 'Drones', 'precio': 1200.5, 'stock': 8}
2025-02-06 09:57:06,473 - INFO - {'_id': ObjectId('67a4773447cca10d261c4847'), 'nombre': 'Auriculares Sonic Boom', 'categoria': 'Auriculares', 'precio': 299.99, 'stock': 15}
2025-02-06 09:57:06,473 - INFO - {'_id': ObjectId('67a4773447cca10d261c4848'), 'nombre': 'Cámara Action Pro', 'categoria': 'Cámaras', 'precio': 499.99, 'stock': 10}
2025-02-06 09:57:06,473 - INFO - {'_id': ObjectId('67a4773447cca10d261c4849'), 'nombre': 'Asistente SmartBuddy', 'categoria': 'Asistentes Inteligentes', 'precio': 199.99, 'stock': 20}
2025-02-06 09:57:06,473 - INFO - {'_id': ObjectId('67a4773de860c05ffc679d3e'), 'nombre': 'Drone Phantom X', 'categoria': 'Drones', 'precio': 1200.5, 'stock': 8}
2025-02-06 09:57:06,473 - INFO - {'_id': ObjectId('67a4773de860c05ffc679d3f'), 'nombre': 'Auriculares Sonic Boom', 'categoria': 'Auriculares', 'precio': 299.99, 'stock': 15}
2025-02-06 09:57:06,473 - INFO - {'_id': ObjectId('67a4773de860c05ffc679d40'), 'nombre': 'Cámara Action Pro', 'categoria': 'Cámaras', 'precio': 499.99, 'stock': 10}
2025-02-06 09:57:06,473 - INFO - {'_id': ObjectId('67a4773de860c05ffc679d41'), 'nombre': 'Asistente SmartBuddy', 'categoria': 'Asistentes Inteligentes', 'precio': 199.99, 'stock': 20}
2025-02-06 09:57:06,473 - INFO - {'_id': ObjectId('67a4776a743b5527a1ca369e'), 'nombre': 'Drone Phantom X', 'categoria': 'Drones', 'precio': 1200.5, 'stock': 8}
2025-02-06 09:57:06,473 - INFO - {'_id': ObjectId('67a4776a743b5527a1ca369f'), 'nombre': 'Auriculares Sonic Boom', 'categoria': 'Auriculares', 'precio': 299.99, 'stock': 15}
2025-02-06 09:57:06,473 - INFO - {'_id': ObjectId('67a4776a743b5527a1ca36a0'), 'nombre': 'Cámara Action Pro', 'categoria': 'Cámaras', 'precio': 499.99, 'stock': 10}
2025-02-06 09:57:06,473 - INFO - {'_id': ObjectId('67a4776a743b5527a1ca36a1'), 'nombre': 'Asistente SmartBuddy', 'categoria': 'Asistentes Inteligentes', 'precio': 199.99, 'stock': 20}
2025-02-06 09:57:06,473 - INFO - {'_id': ObjectId('67a47864dfab0065f834da3b'), 'nombre': 'Drone Phantom X', 'categoria': 'Drones', 'precio': 1200.5, 'stock': 8}
2025-02-06 09:57:06,473 - INFO - {'_id': ObjectId('67a47864dfab0065f834da3c'), 'nombre': 'Auriculares Sonic Boom', 'categoria': 'Auriculares', 'precio': 299.99, 'stock': 15}
2025-02-06 09:57:06,473 - INFO - {'_id': ObjectId('67a47864dfab0065f834da3d'), 'nombre': 'Cámara Action Pro', 'categoria': 'Cámaras', 'precio': 499.99, 'stock': 10}
2025-02-06 09:57:06,473 - INFO - {'_id': ObjectId('67a47864dfab0065f834da3e'), 'nombre': 'Asistente SmartBuddy', 'categoria': 'Asistentes Inteligentes', 'precio': 199.99, 'stock': 20}
2025-02-06 09:57:06,473 - INFO - {'_id': ObjectId('67a47864dfab0065f834da3f'), 'nombre': 'Cargador Solar Ultra', 'categoria': 'Accesorios', 'precio': 49.99, 'stock': 3}
2025-02-06 09:57:06,473 - INFO - {'_id': ObjectId('67a4788838a77d4cad16b824'), 'nombre': 'Drone Phantom X', 'categoria': 'Drones', 'precio': 1200.5, 'stock': 8}
2025-02-06 09:57:06,473 - INFO - {'_id': ObjectId('67a4788838a77d4cad16b825'), 'nombre': 'Auriculares Sonic Boom', 'categoria': 'Auriculares', 'precio': 299.99, 'stock': 15}
2025-02-06 09:57:06,473 - INFO - {'_id': ObjectId('67a4788838a77d4cad16b826'), 'nombre': 'Cámara Action Pro', 'categoria': 'Cámaras', 'precio': 499.99, 'stock': 10}
2025-02-06 09:57:06,473 - INFO - {'_id': ObjectId('67a4788838a77d4cad16b827'), 'nombre': 'Asistente SmartBuddy', 'categoria': 'Asistentes Inteligentes', 'precio': 199.99, 'stock': 20}
2025-02-06 09:57:06,473 - INFO - {'_id': ObjectId('67a4788838a77d4cad16b828'), 'nombre': 'Cargador Solar Ultra', 'categoria': 'Accesorios', 'precio': 49.99, 'stock': 3}
2025-02-06 09:57:06,473 - INFO - {'_id': ObjectId('67a478d2f4364306b7e91621'), 'nombre': 'Drone Phantom X', 'categoria': 'Drones', 'precio': 1200.5, 'stock': 8}
2025-02-06 09:57:06,473 - INFO - {'_id': ObjectId('67a478d2f4364306b7e91622'), 'nombre': 'Auriculares Sonic Boom', 'categoria': 'Auriculares', 'precio': 299.99, 'stock': 15}
2025-02-06 09:57:06,473 - INFO - {'_id': ObjectId('67a478d2f4364306b7e91623'), 'nombre': 'Cámara Action Pro', 'categoria': 'Cámaras', 'precio': 499.99, 'stock': 10}
2025-02-06 09:57:06,474 - INFO - {'_id': ObjectId('67a478d2f4364306b7e91624'), 'nombre': 'Asistente SmartBuddy', 'categoria': 'Asistentes Inteligentes', 'precio': 199.99, 'stock': 20}
2025-02-06 09:57:06,474 - INFO - {'_id': ObjectId('67a478d2f4364306b7e91625'), 'nombre': 'Cargador Solar Ultra', 'categoria': 'Accesorios', 'precio': 49.99, 'stock': 3}
2025-02-06 09:57:06,474 - INFO - {'_id': ObjectId('67a4790322d423a30b339db7'), 'nombre': 'Drone Phantom X', 'categoria': 'Drones', 'precio': 1200.5, 'stock': 8}
2025-02-06 09:57:06,474 - INFO - {'_id': ObjectId('67a4790322d423a30b339db8'), 'nombre': 'Auriculares Sonic Boom', 'categoria': 'Auriculares', 'precio': 299.99, 'stock': 15}
2025-02-06 09:57:06,474 - INFO - {'_id': ObjectId('67a4790322d423a30b339db9'), 'nombre': 'Cámara Action Pro', 'categoria': 'Cámaras', 'precio': 499.99, 'stock': 10}
2025-02-06 09:57:06,474 - INFO - {'_id': ObjectId('67a4790322d423a30b339dba'), 'nombre': 'Asistente SmartBuddy', 'categoria': 'Asistentes Inteligentes', 'precio': 199.99, 'stock': 20}
2025-02-06 09:57:06,474 - INFO - {'_id': ObjectId('67a4790322d423a30b339dbb'), 'nombre': 'Cargador Solar Ultra', 'categoria': 'Accesorios', 'precio': 49.99, 'stock': 3}
2025-02-06 09:57:06,474 - INFO - {'_id': ObjectId('67a47962436d257d273de22a'), 'nombre': 'Drone Phantom X', 'categoria': 'Drones', 'precio': 1200.5, 'stock': 8}
2025-02-06 09:57:06,474 - INFO - {'_id': ObjectId('67a47962436d257d273de22b'), 'nombre': 'Auriculares Sonic Boom', 'categoria': 'Auriculares', 'precio': 299.99, 'stock': 15}
2025-02-06 09:57:06,474 - INFO - {'_id': ObjectId('67a47962436d257d273de22c'), 'nombre': 'Cámara Action Pro', 'categoria': 'Cámaras', 'precio': 499.99, 'stock': 10}
2025-02-06 09:57:06,474 - INFO - {'_id': ObjectId('67a47962436d257d273de22d'), 'nombre': 'Asistente SmartBuddy', 'categoria': 'Asistentes Inteligentes', 'precio': 199.99, 'stock': 20}
2025-02-06 09:57:06,474 - INFO - {'_id': ObjectId('67a47962436d257d273de22e'), 'nombre': 'Cargador Solar Ultra', 'categoria': 'Accesorios', 'precio': 49.99, 'stock': 3}
2025-02-06 09:57:06,474 - WARNING - No se encontró producto para actualizar: {'nombre': 'Drone Phantom X'}
2025-02-06 09:57:06,474 - INFO - Producto eliminado: {'stock': 3}
2025-02-06 09:57:06,474 - ERROR - Error general: ProductManager.consultar_proyeccion_ordenada() missing 2 required positional arguments: 'filtro' and 'proyeccion'
2025-02-06 09:57:38,804 - INFO - Conectado a MongoDB: 1dam.productos
2025-02-06 09:57:38,805 - INFO - Producto insertado con ID: 67a47982ca0a4e616a3cb3fd
2025-02-06 09:57:38,806 - INFO - Producto insertado con ID: 67a47982ca0a4e616a3cb3fe
2025-02-06 09:57:38,806 - INFO - Producto insertado con ID: 67a47982ca0a4e616a3cb3ff
2025-02-06 09:57:38,806 - INFO - Producto insertado con ID: 67a47982ca0a4e616a3cb400
2025-02-06 09:57:38,806 - INFO - Producto insertado con ID: 67a47982ca0a4e616a3cb401
2025-02-06 09:57:38,807 - INFO - Productos recuperados: 50
2025-02-06 09:57:38,807 - INFO - {'_id': ObjectId('67a47662ed90e82c259005b6'), 'nombre': 'Drone Phantom X', 'categoria': 'Drones', 'precio': 1300, 'stock': 8}
2025-02-06 09:57:38,807 - INFO - {'_id': ObjectId('67a47706502ce01c8c23a90e'), 'nombre': 'Drone Phantom X', 'categoria': 'Drones', 'precio': 1200.5, 'stock': 8}
2025-02-06 09:57:38,807 - INFO - {'_id': ObjectId('67a47706502ce01c8c23a90f'), 'nombre': 'Auriculares Sonic Boom', 'categoria': 'Auriculares', 'precio': 299.99, 'stock': 15}
2025-02-06 09:57:38,807 - INFO - {'_id': ObjectId('67a47706502ce01c8c23a910'), 'nombre': 'Cámara Action Pro', 'categoria': 'Cámaras', 'precio': 499.99, 'stock': 10}
2025-02-06 09:57:38,807 - INFO - {'_id': ObjectId('67a47706502ce01c8c23a911'), 'nombre': 'Asistente SmartBuddy', 'categoria': 'Asistentes Inteligentes', 'precio': 199.99, 'stock': 20}
2025-02-06 09:57:38,807 - INFO - {'_id': ObjectId('67a477126918ed9217379b00'), 'nombre': 'Drone Phantom X', 'categoria': 'Drones', 'precio': 1200.5, 'stock': 8}
2025-02-06 09:57:38,807 - INFO - {'_id': ObjectId('67a477126918ed9217379b01'), 'nombre': 'Auriculares Sonic Boom', 'categoria': 'Auriculares', 'precio': 299.99, 'stock': 15}
2025-02-06 09:57:38,807 - INFO - {'_id': ObjectId('67a477126918ed9217379b02'), 'nombre': 'Cámara Action Pro', 'categoria': 'Cámaras', 'precio': 499.99, 'stock': 10}
2025-02-06 09:57:38,807 - INFO - {'_id': ObjectId('67a477126918ed9217379b03'), 'nombre': 'Asistente SmartBuddy', 'categoria': 'Asistentes Inteligentes', 'precio': 199.99, 'stock': 20}
2025-02-06 09:57:38,807 - INFO - {'_id': ObjectId('67a4773447cca10d261c4846'), 'nombre': 'Drone Phantom X', 'categoria': 'Drones', 'precio': 1200.5, 'stock': 8}
2025-02-06 09:57:38,807 - INFO - {'_id': ObjectId('67a4773447cca10d261c4847'), 'nombre': 'Auriculares Sonic Boom', 'categoria': 'Auriculares', 'precio': 299.99, 'stock': 15}
2025-02-06 09:57:38,807 - INFO - {'_id': ObjectId('67a4773447cca10d261c4848'), 'nombre': 'Cámara Action Pro', 'categoria': 'Cámaras', 'precio': 499.99, 'stock': 10}
2025-02-06 09:57:38,808 - INFO - {'_id': ObjectId('67a4773447cca10d261c4849'), 'nombre': 'Asistente SmartBuddy', 'categoria': 'Asistentes Inteligentes', 'precio': 199.99, 'stock': 20}
2025-02-06 09:57:38,808 - INFO - {'_id': ObjectId('67a4773de860c05ffc679d3e'), 'nombre': 'Drone Phantom X', 'categoria': 'Drones', 'precio': 1200.5, 'stock': 8}
2025-02-06 09:57:38,808 - INFO - {'_id': ObjectId('67a4773de860c05ffc679d3f'), 'nombre': 'Auriculares Sonic Boom', 'categoria': 'Auriculares', 'precio': 299.99, 'stock': 15}
2025-02-06 09:57:38,808 - INFO - {'_id': ObjectId('67a4773de860c05ffc679d40'), 'nombre': 'Cámara Action Pro', 'categoria': 'Cámaras', 'precio': 499.99, 'stock': 10}
2025-02-06 09:57:38,808 - INFO - {'_id': ObjectId('67a4773de860c05ffc679d41'), 'nombre': 'Asistente SmartBuddy', 'categoria': 'Asistentes Inteligentes', 'precio': 199.99, 'stock': 20}
2025-02-06 09:57:38,808 - INFO - {'_id': ObjectId('67a4776a743b5527a1ca369e'), 'nombre': 'Drone Phantom X', 'categoria': 'Drones', 'precio': 1200.5, 'stock': 8}
2025-02-06 09:57:38,808 - INFO - {'_id': ObjectId('67a4776a743b5527a1ca369f'), 'nombre': 'Auriculares Sonic Boom', 'categoria': 'Auriculares', 'precio': 299.99, 'stock': 15}
2025-02-06 09:57:38,808 - INFO - {'_id': ObjectId('67a4776a743b5527a1ca36a0'), 'nombre': 'Cámara Action Pro', 'categoria': 'Cámaras', 'precio': 499.99, 'stock': 10}
2025-02-06 09:57:38,808 - INFO - {'_id': ObjectId('67a4776a743b5527a1ca36a1'), 'nombre': 'Asistente SmartBuddy', 'categoria': 'Asistentes Inteligentes', 'precio': 199.99, 'stock': 20}
2025-02-06 09:57:38,808 - INFO - {'_id': ObjectId('67a47864dfab0065f834da3b'), 'nombre': 'Drone Phantom X', 'categoria': 'Drones', 'precio': 1200.5, 'stock': 8}
2025-02-06 09:57:38,808 - INFO - {'_id': ObjectId('67a47864dfab0065f834da3c'), 'nombre': 'Auriculares Sonic Boom', 'categoria': 'Auriculares', 'precio': 299.99, 'stock': 15}
2025-02-06 09:57:38,808 - INFO - {'_id': ObjectId('67a47864dfab0065f834da3d'), 'nombre': 'Cámara Action Pro', 'categoria': 'Cámaras', 'precio': 499.99, 'stock': 10}
2025-02-06 09:57:38,808 - INFO - {'_id': ObjectId('67a47864dfab0065f834da3e'), 'nombre': 'Asistente SmartBuddy', 'categoria': 'Asistentes Inteligentes', 'precio': 199.99, 'stock': 20}
2025-02-06 09:57:38,808 - INFO - {'_id': ObjectId('67a4788838a77d4cad16b824'), 'nombre': 'Drone Phantom X', 'categoria': 'Drones', 'precio': 1200.5, 'stock': 8}
2025-02-06 09:57:38,808 - INFO - {'_id': ObjectId('67a4788838a77d4cad16b825'), 'nombre': 'Auriculares Sonic Boom', 'categoria': 'Auriculares', 'precio': 299.99, 'stock': 15}
2025-02-06 09:57:38,808 - INFO - {'_id': ObjectId('67a4788838a77d4cad16b826'), 'nombre': 'Cámara Action Pro', 'categoria': 'Cámaras', 'precio': 499.99, 'stock': 10}
2025-02-06 09:57:38,808 - INFO - {'_id': ObjectId('67a4788838a77d4cad16b827'), 'nombre': 'Asistente SmartBuddy', 'categoria': 'Asistentes Inteligentes', 'precio': 199.99, 'stock': 20}
2025-02-06 09:57:38,808 - INFO - {'_id': ObjectId('67a4788838a77d4cad16b828'), 'nombre': 'Cargador Solar Ultra', 'categoria': 'Accesorios', 'precio': 49.99, 'stock': 3}
2025-02-06 09:57:38,808 - INFO - {'_id': ObjectId('67a478d2f4364306b7e91621'), 'nombre': 'Drone Phantom X', 'categoria': 'Drones', 'precio': 1200.5, 'stock': 8}
2025-02-06 09:57:38,808 - INFO - {'_id': ObjectId('67a478d2f4364306b7e91622'), 'nombre': 'Auriculares Sonic Boom', 'categoria': 'Auriculares', 'precio': 299.99, 'stock': 15}
2025-02-06 09:57:38,809 - INFO - {'_id': ObjectId('67a478d2f4364306b7e91623'), 'nombre': 'Cámara Action Pro', 'categoria': 'Cámaras', 'precio': 499.99, 'stock': 10}
2025-02-06 09:57:38,809 - INFO - {'_id': ObjectId('67a478d2f4364306b7e91624'), 'nombre': 'Asistente SmartBuddy', 'categoria': 'Asistentes Inteligentes', 'precio': 199.99, 'stock': 20}
2025-02-06 09:57:38,809 - INFO - {'_id': ObjectId('67a478d2f4364306b7e91625'), 'nombre': 'Cargador Solar Ultra', 'categoria': 'Accesorios', 'precio': 49.99, 'stock': 3}
2025-02-06 09:57:38,809 - INFO - {'_id': ObjectId('67a4790322d423a30b339db7'), 'nombre': 'Drone Phantom X', 'categoria': 'Drones', 'precio': 1200.5, 'stock': 8}
2025-02-06 09:57:38,809 - INFO - {'_id': ObjectId('67a4790322d423a30b339db8'), 'nombre': 'Auriculares Sonic Boom', 'categoria': 'Auriculares', 'precio': 299.99, 'stock': 15}
2025-02-06 09:57:38,809 - INFO - {'_id': ObjectId('67a4790322d423a30b339db9'), 'nombre': 'Cámara Action Pro', 'categoria': 'Cámaras', 'precio': 499.99, 'stock': 10}
2025-02-06 09:57:38,809 - INFO - {'_id': ObjectId('67a4790322d423a30b339dba'), 'nombre': 'Asistente SmartBuddy', 'categoria': 'Asistentes Inteligentes', 'precio': 199.99, 'stock': 20}
2025-02-06 09:57:38,809 - INFO - {'_id': ObjectId('67a4790322d423a30b339dbb'), 'nombre': 'Cargador Solar Ultra', 'categoria': 'Accesorios', 'precio': 49.99, 'stock': 3}
2025-02-06 09:57:38,809 - INFO - {'_id': ObjectId('67a47962436d257d273de22a'), 'nombre': 'Drone Phantom X', 'categoria': 'Drones', 'precio': 1200.5, 'stock': 8}
2025-02-06 09:57:38,809 - INFO - {'_id': ObjectId('67a47962436d257d273de22b'), 'nombre': 'Auriculares Sonic Boom', 'categoria': 'Auriculares', 'precio': 299.99, 'stock': 15}
2025-02-06 09:57:38,809 - INFO - {'_id': ObjectId('67a47962436d257d273de22c'), 'nombre': 'Cámara Action Pro', 'categoria': 'Cámaras', 'precio': 499.99, 'stock': 10}
2025-02-06 09:57:38,809 - INFO - {'_id': ObjectId('67a47962436d257d273de22d'), 'nombre': 'Asistente SmartBuddy', 'categoria': 'Asistentes Inteligentes', 'precio': 199.99, 'stock': 20}
2025-02-06 09:57:38,809 - INFO - {'_id': ObjectId('67a47962436d257d273de22e'), 'nombre': 'Cargador Solar Ultra', 'categoria': 'Accesorios', 'precio': 49.99, 'stock': 3}
2025-02-06 09:57:38,809 - INFO - {'_id': ObjectId('67a47982ca0a4e616a3cb3fd'), 'nombre': 'Drone Phantom X', 'categoria': 'Drones', 'precio': 1200.5, 'stock': 8}
2025-02-06 09:57:38,809 - INFO - {'_id': ObjectId('67a47982ca0a4e616a3cb3fe'), 'nombre': 'Auriculares Sonic Boom', 'categoria': 'Auriculares', 'precio': 299.99, 'stock': 15}
2025-02-06 09:57:38,809 - INFO - {'_id': ObjectId('67a47982ca0a4e616a3cb3ff'), 'nombre': 'Cámara Action Pro', 'categoria': 'Cámaras', 'precio': 499.99, 'stock': 10}
2025-02-06 09:57:38,809 - INFO - {'_id': ObjectId('67a47982ca0a4e616a3cb400'), 'nombre': 'Asistente SmartBuddy', 'categoria': 'Asistentes Inteligentes', 'precio': 199.99, 'stock': 20}
2025-02-06 09:57:38,809 - INFO - {'_id': ObjectId('67a47982ca0a4e616a3cb401'), 'nombre': 'Cargador Solar Ultra', 'categoria': 'Accesorios', 'precio': 49.99, 'stock': 3}
2025-02-06 09:57:38,810 - WARNING - No se encontró producto para actualizar: {'nombre': 'Drone Phantom X'}
2025-02-06 09:57:38,810 - ERROR - Error general: '<' not supported between instances of 'str' and 'int'
2025-02-06 09:59:16,748 - INFO - Conectado a MongoDB: 1dam.productos
2025-02-06 09:59:16,750 - INFO - Producto insertado con ID: 67a479e4abb33d13481408c3
2025-02-06 09:59:16,750 - INFO - Producto insertado con ID: 67a479e4abb33d13481408c4
2025-02-06 09:59:16,751 - INFO - Producto insertado con ID: 67a479e4abb33d13481408c5
2025-02-06 09:59:16,751 - INFO - Producto insertado con ID: 67a479e4abb33d13481408c6
2025-02-06 09:59:16,751 - INFO - Producto insertado con ID: 67a479e4abb33d13481408c7
2025-02-06 09:59:16,751 - INFO - Productos recuperados: 55
2025-02-06 09:59:16,752 - INFO - {'_id': ObjectId('67a47662ed90e82c259005b6'), 'nombre': 'Drone Phantom X', 'categoria': 'Drones', 'precio': 1300, 'stock': 8}
2025-02-06 09:59:16,752 - INFO - {'_id': ObjectId('67a47706502ce01c8c23a90e'), 'nombre': 'Drone Phantom X', 'categoria': 'Drones', 'precio': 1200.5, 'stock': 8}
2025-02-06 09:59:16,752 - INFO - {'_id': ObjectId('67a47706502ce01c8c23a90f'), 'nombre': 'Auriculares Sonic Boom', 'categoria': 'Auriculares', 'precio': 299.99, 'stock': 15}
2025-02-06 09:59:16,752 - INFO - {'_id': ObjectId('67a47706502ce01c8c23a910'), 'nombre': 'Cámara Action Pro', 'categoria': 'Cámaras', 'precio': 499.99, 'stock': 10}
2025-02-06 09:59:16,752 - INFO - {'_id': ObjectId('67a47706502ce01c8c23a911'), 'nombre': 'Asistente SmartBuddy', 'categoria': 'Asistentes Inteligentes', 'precio': 199.99, 'stock': 20}
2025-02-06 09:59:16,752 - INFO - {'_id': ObjectId('67a477126918ed9217379b00'), 'nombre': 'Drone Phantom X', 'categoria': 'Drones', 'precio': 1200.5, 'stock': 8}
2025-02-06 09:59:16,752 - INFO - {'_id': ObjectId('67a477126918ed9217379b01'), 'nombre': 'Auriculares Sonic Boom', 'categoria': 'Auriculares', 'precio': 299.99, 'stock': 15}
2025-02-06 09:59:16,752 - INFO - {'_id': ObjectId('67a477126918ed9217379b02'), 'nombre': 'Cámara Action Pro', 'categoria': 'Cámaras', 'precio': 499.99, 'stock': 10}
2025-02-06 09:59:16,752 - INFO - {'_id': ObjectId('67a477126918ed9217379b03'), 'nombre': 'Asistente SmartBuddy', 'categoria': 'Asistentes Inteligentes', 'precio': 199.99, 'stock': 20}
2025-02-06 09:59:16,752 - INFO - {'_id': ObjectId('67a4773447cca10d261c4846'), 'nombre': 'Drone Phantom X', 'categoria': 'Drones', 'precio': 1200.5, 'stock': 8}
2025-02-06 09:59:16,752 - INFO - {'_id': ObjectId('67a4773447cca10d261c4847'), 'nombre': 'Auriculares Sonic Boom', 'categoria': 'Auriculares', 'precio': 299.99, 'stock': 15}
2025-02-06 09:59:16,752 - INFO - {'_id': ObjectId('67a4773447cca10d261c4848'), 'nombre': 'Cámara Action Pro', 'categoria': 'Cámaras', 'precio': 499.99, 'stock': 10}
2025-02-06 09:59:16,752 - INFO - {'_id': ObjectId('67a4773447cca10d261c4849'), 'nombre': 'Asistente SmartBuddy', 'categoria': 'Asistentes Inteligentes', 'precio': 199.99, 'stock': 20}
2025-02-06 09:59:16,752 - INFO - {'_id': ObjectId('67a4773de860c05ffc679d3e'), 'nombre': 'Drone Phantom X', 'categoria': 'Drones', 'precio': 1200.5, 'stock': 8}
2025-02-06 09:59:16,752 - INFO - {'_id': ObjectId('67a4773de860c05ffc679d3f'), 'nombre': 'Auriculares Sonic Boom', 'categoria': 'Auriculares', 'precio': 299.99, 'stock': 15}
2025-02-06 09:59:16,752 - INFO - {'_id': ObjectId('67a4773de860c05ffc679d40'), 'nombre': 'Cámara Action Pro', 'categoria': 'Cámaras', 'precio': 499.99, 'stock': 10}
2025-02-06 09:59:16,752 - INFO - {'_id': ObjectId('67a4773de860c05ffc679d41'), 'nombre': 'Asistente SmartBuddy', 'categoria': 'Asistentes Inteligentes', 'precio': 199.99, 'stock': 20}
2025-02-06 09:59:16,752 - INFO - {'_id': ObjectId('67a4776a743b5527a1ca369e'), 'nombre': 'Drone Phantom X', 'categoria': 'Drones', 'precio': 1200.5, 'stock': 8}
2025-02-06 09:59:16,752 - INFO - {'_id': ObjectId('67a4776a743b5527a1ca369f'), 'nombre': 'Auriculares Sonic Boom', 'categoria': 'Auriculares', 'precio': 299.99, 'stock': 15}
2025-02-06 09:59:16,752 - INFO - {'_id': ObjectId('67a4776a743b5527a1ca36a0'), 'nombre': 'Cámara Action Pro', 'categoria': 'Cámaras', 'precio': 499.99, 'stock': 10}
2025-02-06 09:59:16,752 - INFO - {'_id': ObjectId('67a4776a743b5527a1ca36a1'), 'nombre': 'Asistente SmartBuddy', 'categoria': 'Asistentes Inteligentes', 'precio': 199.99, 'stock': 20}
2025-02-06 09:59:16,752 - INFO - {'_id': ObjectId('67a47864dfab0065f834da3b'), 'nombre': 'Drone Phantom X', 'categoria': 'Drones', 'precio': 1200.5, 'stock': 8}
2025-02-06 09:59:16,753 - INFO - {'_id': ObjectId('67a47864dfab0065f834da3c'), 'nombre': 'Auriculares Sonic Boom', 'categoria': 'Auriculares', 'precio': 299.99, 'stock': 15}
2025-02-06 09:59:16,753 - INFO - {'_id': ObjectId('67a47864dfab0065f834da3d'), 'nombre': 'Cámara Action Pro', 'categoria': 'Cámaras', 'precio': 499.99, 'stock': 10}
2025-02-06 09:59:16,753 - INFO - {'_id': ObjectId('67a47864dfab0065f834da3e'), 'nombre': 'Asistente SmartBuddy', 'categoria': 'Asistentes Inteligentes', 'precio': 199.99, 'stock': 20}
2025-02-06 09:59:16,753 - INFO - {'_id': ObjectId('67a4788838a77d4cad16b824'), 'nombre': 'Drone Phantom X', 'categoria': 'Drones', 'precio': 1200.5, 'stock': 8}
2025-02-06 09:59:16,753 - INFO - {'_id': ObjectId('67a4788838a77d4cad16b825'), 'nombre': 'Auriculares Sonic Boom', 'categoria': 'Auriculares', 'precio': 299.99, 'stock': 15}
2025-02-06 09:59:16,753 - INFO - {'_id': ObjectId('67a4788838a77d4cad16b826'), 'nombre': 'Cámara Action Pro', 'categoria': 'Cámaras', 'precio': 499.99, 'stock': 10}
2025-02-06 09:59:16,753 - INFO - {'_id': ObjectId('67a4788838a77d4cad16b827'), 'nombre': 'Asistente SmartBuddy', 'categoria': 'Asistentes Inteligentes', 'precio': 199.99, 'stock': 20}
2025-02-06 09:59:16,753 - INFO - {'_id': ObjectId('67a4788838a77d4cad16b828'), 'nombre': 'Cargador Solar Ultra', 'categoria': 'Accesorios', 'precio': 49.99, 'stock': 3}
2025-02-06 09:59:16,753 - INFO - {'_id': ObjectId('67a478d2f4364306b7e91621'), 'nombre': 'Drone Phantom X', 'categoria': 'Drones', 'precio': 1200.5, 'stock': 8}
2025-02-06 09:59:16,753 - INFO - {'_id': ObjectId('67a478d2f4364306b7e91622'), 'nombre': 'Auriculares Sonic Boom', 'categoria': 'Auriculares', 'precio': 299.99, 'stock': 15}
2025-02-06 09:59:16,753 - INFO - {'_id': ObjectId('67a478d2f4364306b7e91623'), 'nombre': 'Cámara Action Pro', 'categoria': 'Cámaras', 'precio': 499.99, 'stock': 10}
2025-02-06 09:59:16,753 - INFO - {'_id': ObjectId('67a478d2f4364306b7e91624'), 'nombre': 'Asistente SmartBuddy', 'categoria': 'Asistentes Inteligentes', 'precio': 199.99, 'stock': 20}
2025-02-06 09:59:16,753 - INFO - {'_id': ObjectId('67a478d2f4364306b7e91625'), 'nombre': 'Cargador Solar Ultra', 'categoria': 'Accesorios', 'precio': 49.99, 'stock': 3}
2025-02-06 09:59:16,753 - INFO - {'_id': ObjectId('67a4790322d423a30b339db7'), 'nombre': 'Drone Phantom X', 'categoria': 'Drones', 'precio': 1200.5, 'stock': 8}
2025-02-06 09:59:16,753 - INFO - {'_id': ObjectId('67a4790322d423a30b339db8'), 'nombre': 'Auriculares Sonic Boom', 'categoria': 'Auriculares', 'precio': 299.99, 'stock': 15}
2025-02-06 09:59:16,753 - INFO - {'_id': ObjectId('67a4790322d423a30b339db9'), 'nombre': 'Cámara Action Pro', 'categoria': 'Cámaras', 'precio': 499.99, 'stock': 10}
2025-02-06 09:59:16,753 - INFO - {'_id': ObjectId('67a4790322d423a30b339dba'), 'nombre': 'Asistente SmartBuddy', 'categoria': 'Asistentes Inteligentes', 'precio': 199.99, 'stock': 20}
2025-02-06 09:59:16,753 - INFO - {'_id': ObjectId('67a4790322d423a30b339dbb'), 'nombre': 'Cargador Solar Ultra', 'categoria': 'Accesorios', 'precio': 49.99, 'stock': 3}
2025-02-06 09:59:16,753 - INFO - {'_id': ObjectId('67a47962436d257d273de22a'), 'nombre': 'Drone Phantom X', 'categoria': 'Drones', 'precio': 1200.5, 'stock': 8}
2025-02-06 09:59:16,753 - INFO - {'_id': ObjectId('67a47962436d257d273de22b'), 'nombre': 'Auriculares Sonic Boom', 'categoria': 'Auriculares', 'precio': 299.99, 'stock': 15}
2025-02-06 09:59:16,753 - INFO - {'_id': ObjectId('67a47962436d257d273de22c'), 'nombre': 'Cámara Action Pro', 'categoria': 'Cámaras', 'precio': 499.99, 'stock': 10}
2025-02-06 09:59:16,753 - INFO - {'_id': ObjectId('67a47962436d257d273de22d'), 'nombre': 'Asistente SmartBuddy', 'categoria': 'Asistentes Inteligentes', 'precio': 199.99, 'stock': 20}
2025-02-06 09:59:16,753 - INFO - {'_id': ObjectId('67a47962436d257d273de22e'), 'nombre': 'Cargador Solar Ultra', 'categoria': 'Accesorios', 'precio': 49.99, 'stock': 3}
2025-02-06 09:59:16,753 - INFO - {'_id': ObjectId('67a47982ca0a4e616a3cb3fd'), 'nombre': 'Drone Phantom X', 'categoria': 'Drones', 'precio': 1200.5, 'stock': 8}
2025-02-06 09:59:16,754 - INFO - {'_id': ObjectId('67a47982ca0a4e616a3cb3fe'), 'nombre': 'Auriculares Sonic Boom', 'categoria': 'Auriculares', 'precio': 299.99, 'stock': 15}
2025-02-06 09:59:16,754 - INFO - {'_id': ObjectId('67a47982ca0a4e616a3cb3ff'), 'nombre': 'Cámara Action Pro', 'categoria': 'Cámaras', 'precio': 499.99, 'stock': 10}
2025-02-06 09:59:16,754 - INFO - {'_id': ObjectId('67a47982ca0a4e616a3cb400'), 'nombre': 'Asistente SmartBuddy', 'categoria': 'Asistentes Inteligentes', 'precio': 199.99, 'stock': 20}
2025-02-06 09:59:16,754 - INFO - {'_id': ObjectId('67a47982ca0a4e616a3cb401'), 'nombre': 'Cargador Solar Ultra', 'categoria': 'Accesorios', 'precio': 49.99, 'stock': 3}
2025-02-06 09:59:16,754 - INFO - {'_id': ObjectId('67a479e4abb33d13481408c3'), 'nombre': 'Drone Phantom X', 'categoria': 'Drones', 'precio': 1200.5, 'stock': 8}
2025-02-06 09:59:16,754 - INFO - {'_id': ObjectId('67a479e4abb33d13481408c4'), 'nombre': 'Auriculares Sonic Boom', 'categoria': 'Auriculares', 'precio': 299.99, 'stock': 15}
2025-02-06 09:59:16,754 - INFO - {'_id': ObjectId('67a479e4abb33d13481408c5'), 'nombre': 'Cámara Action Pro', 'categoria': 'Cámaras', 'precio': 499.99, 'stock': 10}
2025-02-06 09:59:16,754 - INFO - {'_id': ObjectId('67a479e4abb33d13481408c6'), 'nombre': 'Asistente SmartBuddy', 'categoria': 'Asistentes Inteligentes', 'precio': 199.99, 'stock': 20}
2025-02-06 09:59:16,754 - INFO - {'_id': ObjectId('67a479e4abb33d13481408c7'), 'nombre': 'Cargador Solar Ultra', 'categoria': 'Accesorios', 'precio': 49.99, 'stock': 3}
2025-02-06 09:59:16,754 - WARNING - No se encontró producto para actualizar: {'nombre': 'Drone Phantom X'}
2025-02-06 09:59:16,755 - INFO - Producto eliminado: {'stock': 3}
2025-02-06 09:59:16,755 - ERROR - Error general: ProductManager.consultar_proyeccion_ordenada() missing 2 required positional arguments: 'filtro' and 'proyeccion'
2025-02-06 09:59:26,756 - INFO - Conectado a MongoDB: 1dam.productos
2025-02-06 09:59:26,758 - INFO - Producto insertado con ID: 67a479ee850ae85724a3ca2c
2025-02-06 09:59:26,758 - INFO - Producto insertado con ID: 67a479ee850ae85724a3ca2d
2025-02-06 09:59:26,758 - INFO - Producto insertado con ID: 67a479ee850ae85724a3ca2e
2025-02-06 09:59:26,758 - INFO - Producto insertado con ID: 67a479ee850ae85724a3ca2f
2025-02-06 09:59:26,759 - INFO - Producto insertado con ID: 67a479ee850ae85724a3ca30
2025-02-06 09:59:26,759 - INFO - Productos recuperados: 59
2025-02-06 09:59:26,759 - INFO - {'_id': ObjectId('67a47662ed90e82c259005b6'), 'nombre': 'Drone Phantom X', 'categoria': 'Drones', 'precio': 1300, 'stock': 8}
2025-02-06 09:59:26,759 - INFO - {'_id': ObjectId('67a47706502ce01c8c23a90e'), 'nombre': 'Drone Phantom X', 'categoria': 'Drones', 'precio': 1200.5, 'stock': 8}
2025-02-06 09:59:26,759 - INFO - {'_id': ObjectId('67a47706502ce01c8c23a90f'), 'nombre': 'Auriculares Sonic Boom', 'categoria': 'Auriculares', 'precio': 299.99, 'stock': 15}
2025-02-06 09:59:26,759 - INFO - {'_id': ObjectId('67a47706502ce01c8c23a910'), 'nombre': 'Cámara Action Pro', 'categoria': 'Cámaras', 'precio': 499.99, 'stock': 10}
2025-02-06 09:59:26,759 - INFO - {'_id': ObjectId('67a47706502ce01c8c23a911'), 'nombre': 'Asistente SmartBuddy', 'categoria': 'Asistentes Inteligentes', 'precio': 199.99, 'stock': 20}
2025-02-06 09:59:26,759 - INFO - {'_id': ObjectId('67a477126918ed9217379b00'), 'nombre': 'Drone Phantom X', 'categoria': 'Drones', 'precio': 1200.5, 'stock': 8}
2025-02-06 09:59:26,760 - INFO - {'_id': ObjectId('67a477126918ed9217379b01'), 'nombre': 'Auriculares Sonic Boom', 'categoria': 'Auriculares', 'precio': 299.99, 'stock': 15}
2025-02-06 09:59:26,760 - INFO - {'_id': ObjectId('67a477126918ed9217379b02'), 'nombre': 'Cámara Action Pro', 'categoria': 'Cámaras', 'precio': 499.99, 'stock': 10}
2025-02-06 09:59:26,760 - INFO - {'_id': ObjectId('67a477126918ed9217379b03'), 'nombre': 'Asistente SmartBuddy', 'categoria': 'Asistentes Inteligentes', 'precio': 199.99, 'stock': 20}
2025-02-06 09:59:26,760 - INFO - {'_id': ObjectId('67a4773447cca10d261c4846'), 'nombre': 'Drone Phantom X', 'categoria': 'Drones', 'precio': 1200.5, 'stock': 8}
2025-02-06 09:59:26,760 - INFO - {'_id': ObjectId('67a4773447cca10d261c4847'), 'nombre': 'Auriculares Sonic Boom', 'categoria': 'Auriculares', 'precio': 299.99, 'stock': 15}
2025-02-06 09:59:26,760 - INFO - {'_id': ObjectId('67a4773447cca10d261c4848'), 'nombre': 'Cámara Action Pro', 'categoria': 'Cámaras', 'precio': 499.99, 'stock': 10}
2025-02-06 09:59:26,760 - INFO - {'_id': ObjectId('67a4773447cca10d261c4849'), 'nombre': 'Asistente SmartBuddy', 'categoria': 'Asistentes Inteligentes', 'precio': 199.99, 'stock': 20}
2025-02-06 09:59:26,760 - INFO - {'_id': ObjectId('67a4773de860c05ffc679d3e'), 'nombre': 'Drone Phantom X', 'categoria': 'Drones', 'precio': 1200.5, 'stock': 8}
2025-02-06 09:59:26,760 - INFO - {'_id': ObjectId('67a4773de860c05ffc679d3f'), 'nombre': 'Auriculares Sonic Boom', 'categoria': 'Auriculares', 'precio': 299.99, 'stock': 15}
2025-02-06 09:59:26,760 - INFO - {'_id': ObjectId('67a4773de860c05ffc679d40'), 'nombre': 'Cámara Action Pro', 'categoria': 'Cámaras', 'precio': 499.99, 'stock': 10}
2025-02-06 09:59:26,760 - INFO - {'_id': ObjectId('67a4773de860c05ffc679d41'), 'nombre': 'Asistente SmartBuddy', 'categoria': 'Asistentes Inteligentes', 'precio': 199.99, 'stock': 20}
2025-02-06 09:59:26,760 - INFO - {'_id': ObjectId('67a4776a743b5527a1ca369e'), 'nombre': 'Drone Phantom X', 'categoria': 'Drones', 'precio': 1200.5, 'stock': 8}
2025-02-06 09:59:26,760 - INFO - {'_id': ObjectId('67a4776a743b5527a1ca369f'), 'nombre': 'Auriculares Sonic Boom', 'categoria': 'Auriculares', 'precio': 299.99, 'stock': 15}
2025-02-06 09:59:26,760 - INFO - {'_id': ObjectId('67a4776a743b5527a1ca36a0'), 'nombre': 'Cámara Action Pro', 'categoria': 'Cámaras', 'precio': 499.99, 'stock': 10}
2025-02-06 09:59:26,760 - INFO - {'_id': ObjectId('67a4776a743b5527a1ca36a1'), 'nombre': 'Asistente SmartBuddy', 'categoria': 'Asistentes Inteligentes', 'precio': 199.99, 'stock': 20}
2025-02-06 09:59:26,760 - INFO - {'_id': ObjectId('67a47864dfab0065f834da3b'), 'nombre': 'Drone Phantom X', 'categoria': 'Drones', 'precio': 1200.5, 'stock': 8}
2025-02-06 09:59:26,760 - INFO - {'_id': ObjectId('67a47864dfab0065f834da3c'), 'nombre': 'Auriculares Sonic Boom', 'categoria': 'Auriculares', 'precio': 299.99, 'stock': 15}
2025-02-06 09:59:26,760 - INFO - {'_id': ObjectId('67a47864dfab0065f834da3d'), 'nombre': 'Cámara Action Pro', 'categoria': 'Cámaras', 'precio': 499.99, 'stock': 10}
2025-02-06 09:59:26,760 - INFO - {'_id': ObjectId('67a47864dfab0065f834da3e'), 'nombre': 'Asistente SmartBuddy', 'categoria': 'Asistentes Inteligentes', 'precio': 199.99, 'stock': 20}
2025-02-06 09:59:26,760 - INFO - {'_id': ObjectId('67a4788838a77d4cad16b824'), 'nombre': 'Drone Phantom X', 'categoria': 'Drones', 'precio': 1200.5, 'stock': 8}
2025-02-06 09:59:26,760 - INFO - {'_id': ObjectId('67a4788838a77d4cad16b825'), 'nombre': 'Auriculares Sonic Boom', 'categoria': 'Auriculares', 'precio': 299.99, 'stock': 15}
2025-02-06 09:59:26,760 - INFO - {'_id': ObjectId('67a4788838a77d4cad16b826'), 'nombre': 'Cámara Action Pro', 'categoria': 'Cámaras', 'precio': 499.99, 'stock': 10}
2025-02-06 09:59:26,760 - INFO - {'_id': ObjectId('67a4788838a77d4cad16b827'), 'nombre': 'Asistente SmartBuddy', 'categoria': 'Asistentes Inteligentes', 'precio': 199.99, 'stock': 20}
2025-02-06 09:59:26,761 - INFO - {'_id': ObjectId('67a478d2f4364306b7e91621'), 'nombre': 'Drone Phantom X', 'categoria': 'Drones', 'precio': 1200.5, 'stock': 8}
2025-02-06 09:59:26,761 - INFO - {'_id': ObjectId('67a478d2f4364306b7e91622'), 'nombre': 'Auriculares Sonic Boom', 'categoria': 'Auriculares', 'precio': 299.99, 'stock': 15}
2025-02-06 09:59:26,761 - INFO - {'_id': ObjectId('67a478d2f4364306b7e91623'), 'nombre': 'Cámara Action Pro', 'categoria': 'Cámaras', 'precio': 499.99, 'stock': 10}
2025-02-06 09:59:26,761 - INFO - {'_id': ObjectId('67a478d2f4364306b7e91624'), 'nombre': 'Asistente SmartBuddy', 'categoria': 'Asistentes Inteligentes', 'precio': 199.99, 'stock': 20}
2025-02-06 09:59:26,761 - INFO - {'_id': ObjectId('67a478d2f4364306b7e91625'), 'nombre': 'Cargador Solar Ultra', 'categoria': 'Accesorios', 'precio': 49.99, 'stock': 3}
2025-02-06 09:59:26,761 - INFO - {'_id': ObjectId('67a4790322d423a30b339db7'), 'nombre': 'Drone Phantom X', 'categoria': 'Drones', 'precio': 1200.5, 'stock': 8}
2025-02-06 09:59:26,761 - INFO - {'_id': ObjectId('67a4790322d423a30b339db8'), 'nombre': 'Auriculares Sonic Boom', 'categoria': 'Auriculares', 'precio': 299.99, 'stock': 15}
2025-02-06 09:59:26,761 - INFO - {'_id': ObjectId('67a4790322d423a30b339db9'), 'nombre': 'Cámara Action Pro', 'categoria': 'Cámaras', 'precio': 499.99, 'stock': 10}
2025-02-06 09:59:26,761 - INFO - {'_id': ObjectId('67a4790322d423a30b339dba'), 'nombre': 'Asistente SmartBuddy', 'categoria': 'Asistentes Inteligentes', 'precio': 199.99, 'stock': 20}
2025-02-06 09:59:26,761 - INFO - {'_id': ObjectId('67a4790322d423a30b339dbb'), 'nombre': 'Cargador Solar Ultra', 'categoria': 'Accesorios', 'precio': 49.99, 'stock': 3}
2025-02-06 09:59:26,761 - INFO - {'_id': ObjectId('67a47962436d257d273de22a'), 'nombre': 'Drone Phantom X', 'categoria': 'Drones', 'precio': 1200.5, 'stock': 8}
2025-02-06 09:59:26,761 - INFO - {'_id': ObjectId('67a47962436d257d273de22b'), 'nombre': 'Auriculares Sonic Boom', 'categoria': 'Auriculares', 'precio': 299.99, 'stock': 15}
2025-02-06 09:59:26,761 - INFO - {'_id': ObjectId('67a47962436d257d273de22c'), 'nombre': 'Cámara Action Pro', 'categoria': 'Cámaras', 'precio': 499.99, 'stock': 10}
2025-02-06 09:59:26,761 - INFO - {'_id': ObjectId('67a47962436d257d273de22d'), 'nombre': 'Asistente SmartBuddy', 'categoria': 'Asistentes Inteligentes', 'precio': 199.99, 'stock': 20}
2025-02-06 09:59:26,761 - INFO - {'_id': ObjectId('67a47962436d257d273de22e'), 'nombre': 'Cargador Solar Ultra', 'categoria': 'Accesorios', 'precio': 49.99, 'stock': 3}
2025-02-06 09:59:26,761 - INFO - {'_id': ObjectId('67a47982ca0a4e616a3cb3fd'), 'nombre': 'Drone Phantom X', 'categoria': 'Drones', 'precio': 1200.5, 'stock': 8}
2025-02-06 09:59:26,761 - INFO - {'_id': ObjectId('67a47982ca0a4e616a3cb3fe'), 'nombre': 'Auriculares Sonic Boom', 'categoria': 'Auriculares', 'precio': 299.99, 'stock': 15}
2025-02-06 09:59:26,761 - INFO - {'_id': ObjectId('67a47982ca0a4e616a3cb3ff'), 'nombre': 'Cámara Action Pro', 'categoria': 'Cámaras', 'precio': 499.99, 'stock': 10}
2025-02-06 09:59:26,761 - INFO - {'_id': ObjectId('67a47982ca0a4e616a3cb400'), 'nombre': 'Asistente SmartBuddy', 'categoria': 'Asistentes Inteligentes', 'precio': 199.99, 'stock': 20}
2025-02-06 09:59:26,761 - INFO - {'_id': ObjectId('67a47982ca0a4e616a3cb401'), 'nombre': 'Cargador Solar Ultra', 'categoria': 'Accesorios', 'precio': 49.99, 'stock': 3}
2025-02-06 09:59:26,761 - INFO - {'_id': ObjectId('67a479e4abb33d13481408c3'), 'nombre': 'Drone Phantom X', 'categoria': 'Drones', 'precio': 1200.5, 'stock': 8}
2025-02-06 09:59:26,761 - INFO - {'_id': ObjectId('67a479e4abb33d13481408c4'), 'nombre': 'Auriculares Sonic Boom', 'categoria': 'Auriculares', 'precio': 299.99, 'stock': 15}
2025-02-06 09:59:26,761 - INFO - {'_id': ObjectId('67a479e4abb33d13481408c5'), 'nombre': 'Cámara Action Pro', 'categoria': 'Cámaras', 'precio': 499.99, 'stock': 10}
2025-02-06 09:59:26,761 - INFO - {'_id': ObjectId('67a479e4abb33d13481408c6'), 'nombre': 'Asistente SmartBuddy', 'categoria': 'Asistentes Inteligentes', 'precio': 199.99, 'stock': 20}
2025-02-06 09:59:26,762 - INFO - {'_id': ObjectId('67a479e4abb33d13481408c7'), 'nombre': 'Cargador Solar Ultra', 'categoria': 'Accesorios', 'precio': 49.99, 'stock': 3}
2025-02-06 09:59:26,762 - INFO - {'_id': ObjectId('67a479ee850ae85724a3ca2c'), 'nombre': 'Drone Phantom X', 'categoria': 'Drones', 'precio': 1200.5, 'stock': 8}
2025-02-06 09:59:26,762 - INFO - {'_id': ObjectId('67a479ee850ae85724a3ca2d'), 'nombre': 'Auriculares Sonic Boom', 'categoria': 'Auriculares', 'precio': 299.99, 'stock': 15}
2025-02-06 09:59:26,762 - INFO - {'_id': ObjectId('67a479ee850ae85724a3ca2e'), 'nombre': 'Cámara Action Pro', 'categoria': 'Cámaras', 'precio': 499.99, 'stock': 10}
2025-02-06 09:59:26,762 - INFO - {'_id': ObjectId('67a479ee850ae85724a3ca2f'), 'nombre': 'Asistente SmartBuddy', 'categoria': 'Asistentes Inteligentes', 'precio': 199.99, 'stock': 20}
2025-02-06 09:59:26,762 - INFO - {'_id': ObjectId('67a479ee850ae85724a3ca30'), 'nombre': 'Cargador Solar Ultra', 'categoria': 'Accesorios', 'precio': 49.99, 'stock': 3}
2025-02-06 09:59:26,762 - WARNING - No se encontró producto para actualizar: {'nombre': 'Drone Phantom X'}
2025-02-06 09:59:26,763 - INFO - Producto eliminado: {'stock': 3}
2025-02-06 09:59:26,763 - INFO - Conexión a MongoDB cerrada.
2025-02-06 09:59:46,690 - INFO - Conectado a MongoDB: 1dam.productos
2025-02-06 09:59:46,692 - INFO - Producto insertado con ID: 67a47a0279aa716194254add
2025-02-06 09:59:46,692 - INFO - Producto insertado con ID: 67a47a0279aa716194254ade
2025-02-06 09:59:46,693 - INFO - Producto insertado con ID: 67a47a0279aa716194254adf
2025-02-06 09:59:46,693 - INFO - Producto insertado con ID: 67a47a0279aa716194254ae0
2025-02-06 09:59:46,693 - INFO - Producto insertado con ID: 67a47a0279aa716194254ae1
2025-02-06 09:59:46,694 - INFO - Productos recuperados: 63
2025-02-06 09:59:46,694 - INFO - {'_id': ObjectId('67a47662ed90e82c259005b6'), 'nombre': 'Drone Phantom X', 'categoria': 'Drones', 'precio': 1300, 'stock': 8}
2025-02-06 09:59:46,694 - INFO - {'_id': ObjectId('67a47706502ce01c8c23a90e'), 'nombre': 'Drone Phantom X', 'categoria': 'Drones', 'precio': 1200.5, 'stock': 8}
2025-02-06 09:59:46,694 - INFO - {'_id': ObjectId('67a47706502ce01c8c23a90f'), 'nombre': 'Auriculares Sonic Boom', 'categoria': 'Auriculares', 'precio': 299.99, 'stock': 15}
2025-02-06 09:59:46,694 - INFO - {'_id': ObjectId('67a47706502ce01c8c23a910'), 'nombre': 'Cámara Action Pro', 'categoria': 'Cámaras', 'precio': 499.99, 'stock': 10}
2025-02-06 09:59:46,694 - INFO - {'_id': ObjectId('67a47706502ce01c8c23a911'), 'nombre': 'Asistente SmartBuddy', 'categoria': 'Asistentes Inteligentes', 'precio': 199.99, 'stock': 20}
2025-02-06 09:59:46,694 - INFO - {'_id': ObjectId('67a477126918ed9217379b00'), 'nombre': 'Drone Phantom X', 'categoria': 'Drones', 'precio': 1200.5, 'stock': 8}
2025-02-06 09:59:46,694 - INFO - {'_id': ObjectId('67a477126918ed9217379b01'), 'nombre': 'Auriculares Sonic Boom', 'categoria': 'Auriculares', 'precio': 299.99, 'stock': 15}
2025-02-06 09:59:46,694 - INFO - {'_id': ObjectId('67a477126918ed9217379b02'), 'nombre': 'Cámara Action Pro', 'categoria': 'Cámaras', 'precio': 499.99, 'stock': 10}
2025-02-06 09:59:46,694 - INFO - {'_id': ObjectId('67a477126918ed9217379b03'), 'nombre': 'Asistente SmartBuddy', 'categoria': 'Asistentes Inteligentes', 'precio': 199.99, 'stock': 20}
2025-02-06 09:59:46,694 - INFO - {'_id': ObjectId('67a4773447cca10d261c4846'), 'nombre': 'Drone Phantom X', 'categoria': 'Drones', 'precio': 1200.5, 'stock': 8}
2025-02-06 09:59:46,694 - INFO - {'_id': ObjectId('67a4773447cca10d261c4847'), 'nombre': 'Auriculares Sonic Boom', 'categoria': 'Auriculares', 'precio': 299.99, 'stock': 15}
2025-02-06 09:59:46,694 - INFO - {'_id': ObjectId('67a4773447cca10d261c4848'), 'nombre': 'Cámara Action Pro', 'categoria': 'Cámaras', 'precio': 499.99, 'stock': 10}
2025-02-06 09:59:46,694 - INFO - {'_id': ObjectId('67a4773447cca10d261c4849'), 'nombre': 'Asistente SmartBuddy', 'categoria': 'Asistentes Inteligentes', 'precio': 199.99, 'stock': 20}
2025-02-06 09:59:46,694 - INFO - {'_id': ObjectId('67a4773de860c05ffc679d3e'), 'nombre': 'Drone Phantom X', 'categoria': 'Drones', 'precio': 1200.5, 'stock': 8}
2025-02-06 09:59:46,694 - INFO - {'_id': ObjectId('67a4773de860c05ffc679d3f'), 'nombre': 'Auriculares Sonic Boom', 'categoria': 'Auriculares', 'precio': 299.99, 'stock': 15}
2025-02-06 09:59:46,694 - INFO - {'_id': ObjectId('67a4773de860c05ffc679d40'), 'nombre': 'Cámara Action Pro', 'categoria': 'Cámaras', 'precio': 499.99, 'stock': 10}
2025-02-06 09:59:46,694 - INFO - {'_id': ObjectId('67a4773de860c05ffc679d41'), 'nombre': 'Asistente SmartBuddy', 'categoria': 'Asistentes Inteligentes', 'precio': 199.99, 'stock': 20}
2025-02-06 09:59:46,694 - INFO - {'_id': ObjectId('67a4776a743b5527a1ca369e'), 'nombre': 'Drone Phantom X', 'categoria': 'Drones', 'precio': 1200.5, 'stock': 8}
2025-02-06 09:59:46,694 - INFO - {'_id': ObjectId('67a4776a743b5527a1ca369f'), 'nombre': 'Auriculares Sonic Boom', 'categoria': 'Auriculares', 'precio': 299.99, 'stock': 15}
2025-02-06 09:59:46,694 - INFO - {'_id': ObjectId('67a4776a743b5527a1ca36a0'), 'nombre': 'Cámara Action Pro', 'categoria': 'Cámaras', 'precio': 499.99, 'stock': 10}
2025-02-06 09:59:46,695 - INFO - {'_id': ObjectId('67a4776a743b5527a1ca36a1'), 'nombre': 'Asistente SmartBuddy', 'categoria': 'Asistentes Inteligentes', 'precio': 199.99, 'stock': 20}
2025-02-06 09:59:46,695 - INFO - {'_id': ObjectId('67a47864dfab0065f834da3b'), 'nombre': 'Drone Phantom X', 'categoria': 'Drones', 'precio': 1200.5, 'stock': 8}
2025-02-06 09:59:46,695 - INFO - {'_id': ObjectId('67a47864dfab0065f834da3c'), 'nombre': 'Auriculares Sonic Boom', 'categoria': 'Auriculares', 'precio': 299.99, 'stock': 15}
2025-02-06 09:59:46,695 - INFO - {'_id': ObjectId('67a47864dfab0065f834da3d'), 'nombre': 'Cámara Action Pro', 'categoria': 'Cámaras', 'precio': 499.99, 'stock': 10}
2025-02-06 09:59:46,695 - INFO - {'_id': ObjectId('67a47864dfab0065f834da3e'), 'nombre': 'Asistente SmartBuddy', 'categoria': 'Asistentes Inteligentes', 'precio': 199.99, 'stock': 20}
2025-02-06 09:59:46,695 - INFO - {'_id': ObjectId('67a4788838a77d4cad16b824'), 'nombre': 'Drone Phantom X', 'categoria': 'Drones', 'precio': 1200.5, 'stock': 8}
2025-02-06 09:59:46,695 - INFO - {'_id': ObjectId('67a4788838a77d4cad16b825'), 'nombre': 'Auriculares Sonic Boom', 'categoria': 'Auriculares', 'precio': 299.99, 'stock': 15}
2025-02-06 09:59:46,695 - INFO - {'_id': ObjectId('67a4788838a77d4cad16b826'), 'nombre': 'Cámara Action Pro', 'categoria': 'Cámaras', 'precio': 499.99, 'stock': 10}
2025-02-06 09:59:46,695 - INFO - {'_id': ObjectId('67a4788838a77d4cad16b827'), 'nombre': 'Asistente SmartBuddy', 'categoria': 'Asistentes Inteligentes', 'precio': 199.99, 'stock': 20}
2025-02-06 09:59:46,695 - INFO - {'_id': ObjectId('67a478d2f4364306b7e91621'), 'nombre': 'Drone Phantom X', 'categoria': 'Drones', 'precio': 1200.5, 'stock': 8}
2025-02-06 09:59:46,695 - INFO - {'_id': ObjectId('67a478d2f4364306b7e91622'), 'nombre': 'Auriculares Sonic Boom', 'categoria': 'Auriculares', 'precio': 299.99, 'stock': 15}
2025-02-06 09:59:46,695 - INFO - {'_id': ObjectId('67a478d2f4364306b7e91623'), 'nombre': 'Cámara Action Pro', 'categoria': 'Cámaras', 'precio': 499.99, 'stock': 10}
2025-02-06 09:59:46,695 - INFO - {'_id': ObjectId('67a478d2f4364306b7e91624'), 'nombre': 'Asistente SmartBuddy', 'categoria': 'Asistentes Inteligentes', 'precio': 199.99, 'stock': 20}
2025-02-06 09:59:46,695 - INFO - {'_id': ObjectId('67a4790322d423a30b339db7'), 'nombre': 'Drone Phantom X', 'categoria': 'Drones', 'precio': 1200.5, 'stock': 8}
2025-02-06 09:59:46,695 - INFO - {'_id': ObjectId('67a4790322d423a30b339db8'), 'nombre': 'Auriculares Sonic Boom', 'categoria': 'Auriculares', 'precio': 299.99, 'stock': 15}
2025-02-06 09:59:46,695 - INFO - {'_id': ObjectId('67a4790322d423a30b339db9'), 'nombre': 'Cámara Action Pro', 'categoria': 'Cámaras', 'precio': 499.99, 'stock': 10}
2025-02-06 09:59:46,695 - INFO - {'_id': ObjectId('67a4790322d423a30b339dba'), 'nombre': 'Asistente SmartBuddy', 'categoria': 'Asistentes Inteligentes', 'precio': 199.99, 'stock': 20}
2025-02-06 09:59:46,695 - INFO - {'_id': ObjectId('67a4790322d423a30b339dbb'), 'nombre': 'Cargador Solar Ultra', 'categoria': 'Accesorios', 'precio': 49.99, 'stock': 3}
2025-02-06 09:59:46,695 - INFO - {'_id': ObjectId('67a47962436d257d273de22a'), 'nombre': 'Drone Phantom X', 'categoria': 'Drones', 'precio': 1200.5, 'stock': 8}
2025-02-06 09:59:46,695 - INFO - {'_id': ObjectId('67a47962436d257d273de22b'), 'nombre': 'Auriculares Sonic Boom', 'categoria': 'Auriculares', 'precio': 299.99, 'stock': 15}
2025-02-06 09:59:46,695 - INFO - {'_id': ObjectId('67a47962436d257d273de22c'), 'nombre': 'Cámara Action Pro', 'categoria': 'Cámaras', 'precio': 499.99, 'stock': 10}
2025-02-06 09:59:46,695 - INFO - {'_id': ObjectId('67a47962436d257d273de22d'), 'nombre': 'Asistente SmartBuddy', 'categoria': 'Asistentes Inteligentes', 'precio': 199.99, 'stock': 20}
2025-02-06 09:59:46,695 - INFO - {'_id': ObjectId('67a47962436d257d273de22e'), 'nombre': 'Cargador Solar Ultra', 'categoria': 'Accesorios', 'precio': 49.99, 'stock': 3}
2025-02-06 09:59:46,695 - INFO - {'_id': ObjectId('67a47982ca0a4e616a3cb3fd'), 'nombre': 'Drone Phantom X', 'categoria': 'Drones', 'precio': 1200.5, 'stock': 8}
2025-02-06 09:59:46,695 - INFO - {'_id': ObjectId('67a47982ca0a4e616a3cb3fe'), 'nombre': 'Auriculares Sonic Boom', 'categoria': 'Auriculares', 'precio': 299.99, 'stock': 15}
2025-02-06 09:59:46,695 - INFO - {'_id': ObjectId('67a47982ca0a4e616a3cb3ff'), 'nombre': 'Cámara Action Pro', 'categoria': 'Cámaras', 'precio': 499.99, 'stock': 10}
2025-02-06 09:59:46,695 - INFO - {'_id': ObjectId('67a47982ca0a4e616a3cb400'), 'nombre': 'Asistente SmartBuddy', 'categoria': 'Asistentes Inteligentes', 'precio': 199.99, 'stock': 20}
2025-02-06 09:59:46,695 - INFO - {'_id': ObjectId('67a47982ca0a4e616a3cb401'), 'nombre': 'Cargador Solar Ultra', 'categoria': 'Accesorios', 'precio': 49.99, 'stock': 3}
2025-02-06 09:59:46,695 - INFO - {'_id': ObjectId('67a479e4abb33d13481408c3'), 'nombre': 'Drone Phantom X', 'categoria': 'Drones', 'precio': 1200.5, 'stock': 8}
2025-02-06 09:59:46,695 - INFO - {'_id': ObjectId('67a479e4abb33d13481408c4'), 'nombre': 'Auriculares Sonic Boom', 'categoria': 'Auriculares', 'precio': 299.99, 'stock': 15}
2025-02-06 09:59:46,695 - INFO - {'_id': ObjectId('67a479e4abb33d13481408c5'), 'nombre': 'Cámara Action Pro', 'categoria': 'Cámaras', 'precio': 499.99, 'stock': 10}
2025-02-06 09:59:46,695 - INFO - {'_id': ObjectId('67a479e4abb33d13481408c6'), 'nombre': 'Asistente SmartBuddy', 'categoria': 'Asistentes Inteligentes', 'precio': 199.99, 'stock': 20}
2025-02-06 09:59:46,695 - INFO - {'_id': ObjectId('67a479e4abb33d13481408c7'), 'nombre': 'Cargador Solar Ultra', 'categoria': 'Accesorios', 'precio': 49.99, 'stock': 3}
2025-02-06 09:59:46,695 - INFO - {'_id': ObjectId('67a479ee850ae85724a3ca2c'), 'nombre': 'Drone Phantom X', 'categoria': 'Drones', 'precio': 1200.5, 'stock': 8}
2025-02-06 09:59:46,696 - INFO - {'_id': ObjectId('67a479ee850ae85724a3ca2d'), 'nombre': 'Auriculares Sonic Boom', 'categoria': 'Auriculares', 'precio': 299.99, 'stock': 15}
2025-02-06 09:59:46,696 - INFO - {'_id': ObjectId('67a479ee850ae85724a3ca2e'), 'nombre': 'Cámara Action Pro', 'categoria': 'Cámaras', 'precio': 499.99, 'stock': 10}
2025-02-06 09:59:46,696 - INFO - {'_id': ObjectId('67a479ee850ae85724a3ca2f'), 'nombre': 'Asistente SmartBuddy', 'categoria': 'Asistentes Inteligentes', 'precio': 199.99, 'stock': 20}
2025-02-06 09:59:46,696 - INFO - {'_id': ObjectId('67a479ee850ae85724a3ca30'), 'nombre': 'Cargador Solar Ultra', 'categoria': 'Accesorios', 'precio': 49.99, 'stock': 3}
2025-02-06 09:59:46,696 - INFO - {'_id': ObjectId('67a47a0279aa716194254add'), 'nombre': 'Drone Phantom X', 'categoria': 'Drones', 'precio': 1200.5, 'stock': 8}
2025-02-06 09:59:46,696 - INFO - {'_id': ObjectId('67a47a0279aa716194254ade'), 'nombre': 'Auriculares Sonic Boom', 'categoria': 'Auriculares', 'precio': 299.99, 'stock': 15}
2025-02-06 09:59:46,696 - INFO - {'_id': ObjectId('67a47a0279aa716194254adf'), 'nombre': 'Cámara Action Pro', 'categoria': 'Cámaras', 'precio': 499.99, 'stock': 10}
2025-02-06 09:59:46,696 - INFO - {'_id': ObjectId('67a47a0279aa716194254ae0'), 'nombre': 'Asistente SmartBuddy', 'categoria': 'Asistentes Inteligentes', 'precio': 199.99, 'stock': 20}
2025-02-06 09:59:46,696 - INFO - {'_id': ObjectId('67a47a0279aa716194254ae1'), 'nombre': 'Cargador Solar Ultra', 'categoria': 'Accesorios', 'precio': 49.99, 'stock': 3}
2025-02-06 09:59:46,696 - INFO - Producto actualizado: {'nombre': 'Cargador Solar Ultra'}
2025-02-06 09:59:46,697 - INFO - Producto eliminado: {'stock': 3}
2025-02-06 09:59:46,697 - INFO - Conexión a MongoDB cerrada.
2025-02-06 10:00:06,837 - INFO - Conectado a MongoDB: 1dam.productos
2025-02-06 10:00:06,838 - INFO - Producto insertado con ID: 67a47a16ec36148387326065
2025-02-06 10:00:06,839 - INFO - Producto insertado con ID: 67a47a16ec36148387326066
2025-02-06 10:00:06,839 - INFO - Producto insertado con ID: 67a47a16ec36148387326067
2025-02-06 10:00:06,839 - INFO - Producto insertado con ID: 67a47a16ec36148387326068
2025-02-06 10:00:06,839 - INFO - Producto insertado con ID: 67a47a16ec36148387326069
2025-02-06 10:00:06,840 - INFO - Productos recuperados: 67
2025-02-06 10:00:06,840 - INFO - {'_id': ObjectId('67a47662ed90e82c259005b6'), 'nombre': 'Drone Phantom X', 'categoria': 'Drones', 'precio': 1300, 'stock': 8}
2025-02-06 10:00:06,840 - INFO - {'_id': ObjectId('67a47706502ce01c8c23a90e'), 'nombre': 'Drone Phantom X', 'categoria': 'Drones', 'precio': 1200.5, 'stock': 8}
2025-02-06 10:00:06,840 - INFO - {'_id': ObjectId('67a47706502ce01c8c23a90f'), 'nombre': 'Auriculares Sonic Boom', 'categoria': 'Auriculares', 'precio': 299.99, 'stock': 15}
2025-02-06 10:00:06,840 - INFO - {'_id': ObjectId('67a47706502ce01c8c23a910'), 'nombre': 'Cámara Action Pro', 'categoria': 'Cámaras', 'precio': 499.99, 'stock': 10}
2025-02-06 10:00:06,840 - INFO - {'_id': ObjectId('67a47706502ce01c8c23a911'), 'nombre': 'Asistente SmartBuddy', 'categoria': 'Asistentes Inteligentes', 'precio': 199.99, 'stock': 20}
2025-02-06 10:00:06,840 - INFO - {'_id': ObjectId('67a477126918ed9217379b00'), 'nombre': 'Drone Phantom X', 'categoria': 'Drones', 'precio': 1200.5, 'stock': 8}
2025-02-06 10:00:06,840 - INFO - {'_id': ObjectId('67a477126918ed9217379b01'), 'nombre': 'Auriculares Sonic Boom', 'categoria': 'Auriculares', 'precio': 299.99, 'stock': 15}
2025-02-06 10:00:06,840 - INFO - {'_id': ObjectId('67a477126918ed9217379b02'), 'nombre': 'Cámara Action Pro', 'categoria': 'Cámaras', 'precio': 499.99, 'stock': 10}
2025-02-06 10:00:06,840 - INFO - {'_id': ObjectId('67a477126918ed9217379b03'), 'nombre': 'Asistente SmartBuddy', 'categoria': 'Asistentes Inteligentes', 'precio': 199.99, 'stock': 20}
2025-02-06 10:00:06,840 - INFO - {'_id': ObjectId('67a4773447cca10d261c4846'), 'nombre': 'Drone Phantom X', 'categoria': 'Drones', 'precio': 1200.5, 'stock': 8}
2025-02-06 10:00:06,840 - INFO - {'_id': ObjectId('67a4773447cca10d261c4847'), 'nombre': 'Auriculares Sonic Boom', 'categoria': 'Auriculares', 'precio': 299.99, 'stock': 15}
2025-02-06 10:00:06,840 - INFO - {'_id': ObjectId('67a4773447cca10d261c4848'), 'nombre': 'Cámara Action Pro', 'categoria': 'Cámaras', 'precio': 499.99, 'stock': 10}
2025-02-06 10:00:06,840 - INFO - {'_id': ObjectId('67a4773447cca10d261c4849'), 'nombre': 'Asistente SmartBuddy', 'categoria': 'Asistentes Inteligentes', 'precio': 199.99, 'stock': 20}
2025-02-06 10:00:06,840 - INFO - {'_id': ObjectId('67a4773de860c05ffc679d3e'), 'nombre': 'Drone Phantom X', 'categoria': 'Drones', 'precio': 1200.5, 'stock': 8}
2025-02-06 10:00:06,840 - INFO - {'_id': ObjectId('67a4773de860c05ffc679d3f'), 'nombre': 'Auriculares Sonic Boom', 'categoria': 'Auriculares', 'precio': 299.99, 'stock': 15}
2025-02-06 10:00:06,840 - INFO - {'_id': ObjectId('67a4773de860c05ffc679d40'), 'nombre': 'Cámara Action Pro', 'categoria': 'Cámaras', 'precio': 499.99, 'stock': 10}
2025-02-06 10:00:06,840 - INFO - {'_id': ObjectId('67a4773de860c05ffc679d41'), 'nombre': 'Asistente SmartBuddy', 'categoria': 'Asistentes Inteligentes', 'precio': 199.99, 'stock': 20}
2025-02-06 10:00:06,840 - INFO - {'_id': ObjectId('67a4776a743b5527a1ca369e'), 'nombre': 'Drone Phantom X', 'categoria': 'Drones', 'precio': 1200.5, 'stock': 8}
2025-02-06 10:00:06,840 - INFO - {'_id': ObjectId('67a4776a743b5527a1ca369f'), 'nombre': 'Auriculares Sonic Boom', 'categoria': 'Auriculares', 'precio': 299.99, 'stock': 15}
2025-02-06 10:00:06,840 - INFO - {'_id': ObjectId('67a4776a743b5527a1ca36a0'), 'nombre': 'Cámara Action Pro', 'categoria': 'Cámaras', 'precio': 499.99, 'stock': 10}
2025-02-06 10:00:06,840 - INFO - {'_id': ObjectId('67a4776a743b5527a1ca36a1'), 'nombre': 'Asistente SmartBuddy', 'categoria': 'Asistentes Inteligentes', 'precio': 199.99, 'stock': 20}
2025-02-06 10:00:06,840 - INFO - {'_id': ObjectId('67a47864dfab0065f834da3b'), 'nombre': 'Drone Phantom X', 'categoria': 'Drones', 'precio': 1200.5, 'stock': 8}
2025-02-06 10:00:06,840 - INFO - {'_id': ObjectId('67a47864dfab0065f834da3c'), 'nombre': 'Auriculares Sonic Boom', 'categoria': 'Auriculares', 'precio': 299.99, 'stock': 15}
2025-02-06 10:00:06,840 - INFO - {'_id': ObjectId('67a47864dfab0065f834da3d'), 'nombre': 'Cámara Action Pro', 'categoria': 'Cámaras', 'precio': 499.99, 'stock': 10}
2025-02-06 10:00:06,840 - INFO - {'_id': ObjectId('67a47864dfab0065f834da3e'), 'nombre': 'Asistente SmartBuddy', 'categoria': 'Asistentes Inteligentes', 'precio': 199.99, 'stock': 20}
2025-02-06 10:00:06,840 - INFO - {'_id': ObjectId('67a4788838a77d4cad16b824'), 'nombre': 'Drone Phantom X', 'categoria': 'Drones', 'precio': 1200.5, 'stock': 8}
2025-02-06 10:00:06,841 - INFO - {'_id': ObjectId('67a4788838a77d4cad16b825'), 'nombre': 'Auriculares Sonic Boom', 'categoria': 'Auriculares', 'precio': 299.99, 'stock': 15}
2025-02-06 10:00:06,841 - INFO - {'_id': ObjectId('67a4788838a77d4cad16b826'), 'nombre': 'Cámara Action Pro', 'categoria': 'Cámaras', 'precio': 499.99, 'stock': 10}
2025-02-06 10:00:06,841 - INFO - {'_id': ObjectId('67a4788838a77d4cad16b827'), 'nombre': 'Asistente SmartBuddy', 'categoria': 'Asistentes Inteligentes', 'precio': 199.99, 'stock': 20}
2025-02-06 10:00:06,841 - INFO - {'_id': ObjectId('67a478d2f4364306b7e91621'), 'nombre': 'Drone Phantom X', 'categoria': 'Drones', 'precio': 1200.5, 'stock': 8}
2025-02-06 10:00:06,841 - INFO - {'_id': ObjectId('67a478d2f4364306b7e91622'), 'nombre': 'Auriculares Sonic Boom', 'categoria': 'Auriculares', 'precio': 299.99, 'stock': 15}
2025-02-06 10:00:06,841 - INFO - {'_id': ObjectId('67a478d2f4364306b7e91623'), 'nombre': 'Cámara Action Pro', 'categoria': 'Cámaras', 'precio': 499.99, 'stock': 10}
2025-02-06 10:00:06,841 - INFO - {'_id': ObjectId('67a478d2f4364306b7e91624'), 'nombre': 'Asistente SmartBuddy', 'categoria': 'Asistentes Inteligentes', 'precio': 199.99, 'stock': 20}
2025-02-06 10:00:06,841 - INFO - {'_id': ObjectId('67a4790322d423a30b339db7'), 'nombre': 'Drone Phantom X', 'categoria': 'Drones', 'precio': 1200.5, 'stock': 8}
2025-02-06 10:00:06,841 - INFO - {'_id': ObjectId('67a4790322d423a30b339db8'), 'nombre': 'Auriculares Sonic Boom', 'categoria': 'Auriculares', 'precio': 299.99, 'stock': 15}
2025-02-06 10:00:06,841 - INFO - {'_id': ObjectId('67a4790322d423a30b339db9'), 'nombre': 'Cámara Action Pro', 'categoria': 'Cámaras', 'precio': 499.99, 'stock': 10}
2025-02-06 10:00:06,841 - INFO - {'_id': ObjectId('67a4790322d423a30b339dba'), 'nombre': 'Asistente SmartBuddy', 'categoria': 'Asistentes Inteligentes', 'precio': 199.99, 'stock': 20}
2025-02-06 10:00:06,841 - INFO - {'_id': ObjectId('67a47962436d257d273de22a'), 'nombre': 'Drone Phantom X', 'categoria': 'Drones', 'precio': 1200.5, 'stock': 8}
2025-02-06 10:00:06,841 - INFO - {'_id': ObjectId('67a47962436d257d273de22b'), 'nombre': 'Auriculares Sonic Boom', 'categoria': 'Auriculares', 'precio': 299.99, 'stock': 15}
2025-02-06 10:00:06,841 - INFO - {'_id': ObjectId('67a47962436d257d273de22c'), 'nombre': 'Cámara Action Pro', 'categoria': 'Cámaras', 'precio': 499.99, 'stock': 10}
2025-02-06 10:00:06,841 - INFO - {'_id': ObjectId('67a47962436d257d273de22d'), 'nombre': 'Asistente SmartBuddy', 'categoria': 'Asistentes Inteligentes', 'precio': 199.99, 'stock': 20}
2025-02-06 10:00:06,841 - INFO - {'_id': ObjectId('67a47962436d257d273de22e'), 'nombre': 'Cargador Solar Ultra', 'categoria': 'Accesorios', 'precio': 49.99, 'stock': 3}
2025-02-06 10:00:06,841 - INFO - {'_id': ObjectId('67a47982ca0a4e616a3cb3fd'), 'nombre': 'Drone Phantom X', 'categoria': 'Drones', 'precio': 1200.5, 'stock': 8}
2025-02-06 10:00:06,841 - INFO - {'_id': ObjectId('67a47982ca0a4e616a3cb3fe'), 'nombre': 'Auriculares Sonic Boom', 'categoria': 'Auriculares', 'precio': 299.99, 'stock': 15}
2025-02-06 10:00:06,841 - INFO - {'_id': ObjectId('67a47982ca0a4e616a3cb3ff'), 'nombre': 'Cámara Action Pro', 'categoria': 'Cámaras', 'precio': 499.99, 'stock': 10}
2025-02-06 10:00:06,841 - INFO - {'_id': ObjectId('67a47982ca0a4e616a3cb400'), 'nombre': 'Asistente SmartBuddy', 'categoria': 'Asistentes Inteligentes', 'precio': 199.99, 'stock': 20}
2025-02-06 10:00:06,841 - INFO - {'_id': ObjectId('67a47982ca0a4e616a3cb401'), 'nombre': 'Cargador Solar Ultra', 'categoria': 'Accesorios', 'precio': 49.99, 'stock': 3}
2025-02-06 10:00:06,841 - INFO - {'_id': ObjectId('67a479e4abb33d13481408c3'), 'nombre': 'Drone Phantom X', 'categoria': 'Drones', 'precio': 1200.5, 'stock': 8}
2025-02-06 10:00:06,841 - INFO - {'_id': ObjectId('67a479e4abb33d13481408c4'), 'nombre': 'Auriculares Sonic Boom', 'categoria': 'Auriculares', 'precio': 299.99, 'stock': 15}
2025-02-06 10:00:06,841 - INFO - {'_id': ObjectId('67a479e4abb33d13481408c5'), 'nombre': 'Cámara Action Pro', 'categoria': 'Cámaras', 'precio': 499.99, 'stock': 10}
2025-02-06 10:00:06,841 - INFO - {'_id': ObjectId('67a479e4abb33d13481408c6'), 'nombre': 'Asistente SmartBuddy', 'categoria': 'Asistentes Inteligentes', 'precio': 199.99, 'stock': 20}
2025-02-06 10:00:06,841 - INFO - {'_id': ObjectId('67a479e4abb33d13481408c7'), 'nombre': 'Cargador Solar Ultra', 'categoria': 'Accesorios', 'precio': 49.99, 'stock': 3}
2025-02-06 10:00:06,841 - INFO - {'_id': ObjectId('67a479ee850ae85724a3ca2c'), 'nombre': 'Drone Phantom X', 'categoria': 'Drones', 'precio': 1200.5, 'stock': 8}
2025-02-06 10:00:06,841 - INFO - {'_id': ObjectId('67a479ee850ae85724a3ca2d'), 'nombre': 'Auriculares Sonic Boom', 'categoria': 'Auriculares', 'precio': 299.99, 'stock': 15}
2025-02-06 10:00:06,841 - INFO - {'_id': ObjectId('67a479ee850ae85724a3ca2e'), 'nombre': 'Cámara Action Pro', 'categoria': 'Cámaras', 'precio': 499.99, 'stock': 10}
2025-02-06 10:00:06,841 - INFO - {'_id': ObjectId('67a479ee850ae85724a3ca2f'), 'nombre': 'Asistente SmartBuddy', 'categoria': 'Asistentes Inteligentes', 'precio': 199.99, 'stock': 20}
2025-02-06 10:00:06,841 - INFO - {'_id': ObjectId('67a479ee850ae85724a3ca30'), 'nombre': 'Cargador Solar Ultra', 'categoria': 'Accesorios', 'precio': 49.99, 'stock': 3}
2025-02-06 10:00:06,841 - INFO - {'_id': ObjectId('67a47a0279aa716194254add'), 'nombre': 'Drone Phantom X', 'categoria': 'Drones', 'precio': 1200.5, 'stock': 8}
2025-02-06 10:00:06,841 - INFO - {'_id': ObjectId('67a47a0279aa716194254ade'), 'nombre': 'Auriculares Sonic Boom', 'categoria': 'Auriculares', 'precio': 299.99, 'stock': 15}
2025-02-06 10:00:06,841 - INFO - {'_id': ObjectId('67a47a0279aa716194254adf'), 'nombre': 'Cámara Action Pro', 'categoria': 'Cámaras', 'precio': 499.99, 'stock': 10}
2025-02-06 10:00:06,841 - INFO - {'_id': ObjectId('67a47a0279aa716194254ae0'), 'nombre': 'Asistente SmartBuddy', 'categoria': 'Asistentes Inteligentes', 'precio': 199.99, 'stock': 20}
2025-02-06 10:00:06,841 - INFO - {'_id': ObjectId('67a47a0279aa716194254ae1'), 'nombre': 'Cargador Solar Ultra', 'categoria': 'Accesorios', 'precio': 49.99, 'stock': 3}
2025-02-06 10:00:06,841 - INFO - {'_id': ObjectId('67a47a16ec36148387326065'), 'nombre': 'Drone Phantom X', 'categoria': 'Drones', 'precio': 1200.5, 'stock': 8}
2025-02-06 10:00:06,841 - INFO - {'_id': ObjectId('67a47a16ec36148387326066'), 'nombre': 'Auriculares Sonic Boom', 'categoria': 'Auriculares', 'precio': 299.99, 'stock': 15}
2025-02-06 10:00:06,841 - INFO - {'_id': ObjectId('67a47a16ec36148387326067'), 'nombre': 'Cámara Action Pro', 'categoria': 'Cámaras', 'precio': 499.99, 'stock': 10}
2025-02-06 10:00:06,841 - INFO - {'_id': ObjectId('67a47a16ec36148387326068'), 'nombre': 'Asistente SmartBuddy', 'categoria': 'Asistentes Inteligentes', 'precio': 199.99, 'stock': 20}
2025-02-06 10:00:06,841 - INFO - {'_id': ObjectId('67a47a16ec36148387326069'), 'nombre': 'Cargador Solar Ultra', 'categoria': 'Accesorios', 'precio': 49.99, 'stock': 3}
2025-02-06 10:00:06,842 - WARNING - No se encontró producto para actualizar: {'nombre': 'Drone Phantom X'}
2025-02-06 10:00:06,842 - INFO - Producto eliminado: {'stock': 3}
2025-02-06 10:00:06,842 - INFO - Conexión a MongoDB cerrada.
