2025-02-02 16:24:44,929 - INFO - Conectado a MongoDB: 1dam.motocicletas
2025-02-02 16:24:44,929 - INFO - Transacción iniciada.
2025-02-02 16:24:44,960 - INFO - Documento insertado con ID: 679f8e3c91b5266f80c9ffea
2025-02-02 16:24:44,962 - INFO - Documento insertado con ID: 679f8e3c91b5266f80c9ffeb
2025-02-02 16:24:44,963 - INFO - Transacción confirmada.
2025-02-02 16:24:44,964 - INFO - Documentos recuperados: 2
2025-02-02 16:24:44,965 - INFO - {'_id': ObjectId('679f8e3c91b5266f80c9ffea'), 'marca': 'Honda', 'cilindrada': '500cc', 'precio': 7500, 'año': 2023}
2025-02-02 16:24:44,965 - INFO - {'_id': ObjectId('679f8e3c91b5266f80c9ffeb'), 'marca': 'Yamaha', 'cilindrada': '689cc', 'precio': 8500, 'año': 2022}
2025-02-02 16:24:44,965 - INFO - Transacción iniciada.
2025-02-02 16:24:44,967 - INFO - Documento actualizado: {'marca': 'Honda'}
2025-02-02 16:24:44,967 - INFO - Transacción confirmada.
2025-02-02 16:24:44,967 - INFO - Transacción iniciada.
2025-02-02 16:24:44,969 - INFO - Documento eliminado: {'marca': 'Yamaha'}
2025-02-02 16:24:44,969 - INFO - Transacción confirmada.
2025-02-02 16:24:44,970 - INFO - Conexión a MongoDB cerrada.
2025-02-02 17:02:26,446 - INFO - Conectado a MongoDB: 1dam.motocicletas
2025-02-02 17:02:26,446 - INFO - Transacción iniciada.
2025-02-02 17:02:26,448 - INFO - Documento insertado con ID: 679f9712bffc318b73a0594a
2025-02-02 17:02:26,449 - INFO - Documento insertado con ID: 679f9712bffc318b73a0594b
2025-02-02 17:02:26,449 - INFO - Transacción confirmada.
2025-02-02 17:02:26,450 - INFO - Documentos recuperados: 3
2025-02-02 17:02:26,450 - INFO - {'_id': ObjectId('679f8e3c91b5266f80c9ffea'), 'marca': 'Honda', 'cilindrada': '500cc', 'precio': 7800, 'año': 2023}
2025-02-02 17:02:26,450 - INFO - {'_id': ObjectId('679f9712bffc318b73a0594a'), 'marca': 'Honda', 'cilindrada': '500cc', 'precio': 7500, 'año': 2023}
2025-02-02 17:02:26,450 - INFO - {'_id': ObjectId('679f9712bffc318b73a0594b'), 'marca': 'Yamaha', 'cilindrada': '689cc', 'precio': 8500, 'año': 2022}
2025-02-02 17:02:26,450 - INFO - Transacción iniciada.
2025-02-02 17:02:26,450 - WARNING - No se encontró documento para actualizar: {'marca': 'Honda'}
2025-02-02 17:02:26,450 - INFO - Transacción confirmada.
2025-02-02 17:02:26,451 - INFO - Transacción iniciada.
2025-02-02 17:02:26,451 - INFO - Documento eliminado: {'marca': 'Yamaha'}
2025-02-02 17:02:26,451 - INFO - Transacción confirmada.
2025-02-02 17:02:26,452 - INFO - Conexión a MongoDB cerrada.
2025-02-02 17:04:53,970 - INFO - Conectado a MongoDB: 1dam.motocicletas
2025-02-02 17:04:53,970 - INFO - Transacción iniciada.
2025-02-02 17:04:53,972 - INFO - Documento insertado con ID: 679f97a54c3d1d1a6902b8b4
2025-02-02 17:04:53,973 - INFO - Documento insertado con ID: 679f97a54c3d1d1a6902b8b5
2025-02-02 17:04:53,973 - INFO - Transacción confirmada.
2025-02-02 17:04:53,973 - INFO - Documentos recuperados: 4
2025-02-02 17:04:53,973 - INFO - {'_id': ObjectId('679f8e3c91b5266f80c9ffea'), 'marca': 'Honda', 'cilindrada': '500cc', 'precio': 7800, 'año': 2023}
2025-02-02 17:04:53,973 - INFO - {'_id': ObjectId('679f9712bffc318b73a0594a'), 'marca': 'Honda', 'cilindrada': '500cc', 'precio': 7500, 'año': 2023}
2025-02-02 17:04:53,974 - INFO - {'_id': ObjectId('679f97a54c3d1d1a6902b8b4'), 'marca': 'Honda', 'cilindrada': '500cc', 'precio': 7500, 'año': 2023}
2025-02-02 17:04:53,974 - INFO - {'_id': ObjectId('679f97a54c3d1d1a6902b8b5'), 'marca': 'Yamaha', 'cilindrada': '689cc', 'precio': 8500, 'año': 2022}
2025-02-02 17:04:53,974 - INFO - Transacción iniciada.
2025-02-02 17:04:53,974 - WARNING - No se encontró documento para actualizar: {'marca': 'Honda'}
2025-02-02 17:04:53,974 - INFO - Transacción confirmada.
2025-02-02 17:04:53,974 - INFO - Conexión a MongoDB cerrada.
2025-02-02 17:05:03,970 - INFO - Conectado a MongoDB: 1dam.motocicletas
2025-02-02 17:05:03,970 - INFO - Transacción iniciada.
2025-02-02 17:05:03,972 - INFO - Documento insertado con ID: 679f97afdcf3a82d9cd7730e
2025-02-02 17:05:03,973 - INFO - Documento insertado con ID: 679f97afdcf3a82d9cd7730f
2025-02-02 17:05:03,973 - INFO - Transacción confirmada.
2025-02-02 17:05:03,973 - INFO - Documentos recuperados: 6
2025-02-02 17:05:03,973 - INFO - {'_id': ObjectId('679f8e3c91b5266f80c9ffea'), 'marca': 'Honda', 'cilindrada': '500cc', 'precio': 7800, 'año': 2023}
2025-02-02 17:05:03,973 - INFO - {'_id': ObjectId('679f9712bffc318b73a0594a'), 'marca': 'Honda', 'cilindrada': '500cc', 'precio': 7500, 'año': 2023}
2025-02-02 17:05:03,974 - INFO - {'_id': ObjectId('679f97a54c3d1d1a6902b8b4'), 'marca': 'Honda', 'cilindrada': '500cc', 'precio': 7500, 'año': 2023}
2025-02-02 17:05:03,974 - INFO - {'_id': ObjectId('679f97a54c3d1d1a6902b8b5'), 'marca': 'Yamaha', 'cilindrada': '689cc', 'precio': 8500, 'año': 2022}
2025-02-02 17:05:03,974 - INFO - {'_id': ObjectId('679f97afdcf3a82d9cd7730e'), 'marca': 'Honda', 'cilindrada': '500cc', 'precio': 7500, 'año': 2023}
2025-02-02 17:05:03,974 - INFO - {'_id': ObjectId('679f97afdcf3a82d9cd7730f'), 'marca': 'Yamaha', 'cilindrada': '689cc', 'precio': 8500, 'año': 2022}
2025-02-02 17:05:03,974 - INFO - Transacción iniciada.
2025-02-02 17:05:03,974 - WARNING - No se encontró documento para actualizar: {'marca': 'Honda'}
2025-02-02 17:05:03,974 - INFO - Transacción confirmada.
2025-02-02 17:05:03,974 - INFO - Transacción iniciada.
2025-02-02 17:05:03,975 - INFO - Documento eliminado: {'marca': 'Yamaha'}
2025-02-02 17:05:03,975 - INFO - Transacción confirmada.
2025-02-02 17:05:03,975 - INFO - Conexión a MongoDB cerrada.
2025-02-02 17:05:04,584 - INFO - Conectado a MongoDB: 1dam.motocicletas
2025-02-02 17:05:04,584 - INFO - Transacción iniciada.
2025-02-02 17:05:04,586 - INFO - Documento insertado con ID: 679f97b0f156dfe8db61f9d8
2025-02-02 17:05:04,587 - INFO - Documento insertado con ID: 679f97b0f156dfe8db61f9d9
2025-02-02 17:05:04,587 - INFO - Transacción confirmada.
2025-02-02 17:05:04,588 - INFO - Documentos recuperados: 7
2025-02-02 17:05:04,588 - INFO - {'_id': ObjectId('679f8e3c91b5266f80c9ffea'), 'marca': 'Honda', 'cilindrada': '500cc', 'precio': 7800, 'año': 2023}
2025-02-02 17:05:04,588 - INFO - {'_id': ObjectId('679f9712bffc318b73a0594a'), 'marca': 'Honda', 'cilindrada': '500cc', 'precio': 7500, 'año': 2023}
2025-02-02 17:05:04,588 - INFO - {'_id': ObjectId('679f97a54c3d1d1a6902b8b4'), 'marca': 'Honda', 'cilindrada': '500cc', 'precio': 7500, 'año': 2023}
2025-02-02 17:05:04,588 - INFO - {'_id': ObjectId('679f97afdcf3a82d9cd7730e'), 'marca': 'Honda', 'cilindrada': '500cc', 'precio': 7500, 'año': 2023}
2025-02-02 17:05:04,588 - INFO - {'_id': ObjectId('679f97afdcf3a82d9cd7730f'), 'marca': 'Yamaha', 'cilindrada': '689cc', 'precio': 8500, 'año': 2022}
2025-02-02 17:05:04,588 - INFO - {'_id': ObjectId('679f97b0f156dfe8db61f9d8'), 'marca': 'Honda', 'cilindrada': '500cc', 'precio': 7500, 'año': 2023}
2025-02-02 17:05:04,588 - INFO - {'_id': ObjectId('679f97b0f156dfe8db61f9d9'), 'marca': 'Yamaha', 'cilindrada': '689cc', 'precio': 8500, 'año': 2022}
2025-02-02 17:05:04,588 - INFO - Transacción iniciada.
2025-02-02 17:05:04,589 - WARNING - No se encontró documento para actualizar: {'marca': 'Honda'}
2025-02-02 17:05:04,589 - INFO - Transacción confirmada.
2025-02-02 17:05:04,589 - INFO - Transacción iniciada.
2025-02-02 17:05:04,589 - INFO - Documento eliminado: {'marca': 'Yamaha'}
2025-02-02 17:05:04,589 - INFO - Transacción confirmada.
2025-02-02 17:05:04,590 - INFO - Conexión a MongoDB cerrada.
