2025-02-02 16:24:52,318 - INFO - Conexión establecida con ZODB.
2025-02-02 16:24:52,319 - INFO - Transacción iniciada.
2025-02-02 16:24:52,319 - INFO - Motocicleta con ID 1 creada exitosamente.
2025-02-02 16:24:52,319 - INFO - Motocicleta con ID 2 creada exitosamente.
2025-02-02 16:24:52,319 - INFO - Motocicleta con ID 3 creada exitosamente.
2025-02-02 16:24:52,319 - INFO - Transacción confirmada.
2025-02-02 16:24:52,319 - INFO - Transacción iniciada.
2025-02-02 16:24:52,319 - ERROR - Error al crear la motocicleta con ID 1: Ya existe una motocicleta con ID 1.
2025-02-02 16:24:52,319 - INFO - Transacción confirmada.
2025-02-02 16:24:52,319 - INFO - Transacción iniciada.
2025-02-02 16:24:52,319 - INFO - Motocicleta con ID 1 actualizada exitosamente.
2025-02-02 16:24:52,319 - INFO - Transacción confirmada.
2025-02-02 16:24:52,319 - INFO - Transacción iniciada.
2025-02-02 16:24:52,319 - ERROR - Error al eliminar la motocicleta con ID 99: No existe una motocicleta con ID 99.
2025-02-02 16:24:52,319 - INFO - Transacción confirmada.
2025-02-02 16:24:52,320 - INFO - Conexión a ZODB cerrada.
2025-02-02 17:07:38,511 - INFO - Conexión establecida con ZODB.
2025-02-02 17:07:38,511 - INFO - Transacción iniciada.
2025-02-02 17:07:38,511 - INFO - Motocicleta con ID 1 creada exitosamente.
2025-02-02 17:07:38,511 - INFO - Motocicleta con ID 2 creada exitosamente.
2025-02-02 17:07:38,511 - INFO - Motocicleta con ID 3 creada exitosamente.
2025-02-02 17:07:38,511 - INFO - Transacción confirmada.
2025-02-02 17:07:38,511 - INFO - Transacción iniciada.
2025-02-02 17:07:38,511 - ERROR - Error al crear la motocicleta con ID 1: Ya existe una motocicleta con ID 1.
2025-02-02 17:07:38,511 - INFO - Transacción confirmada.
2025-02-02 17:07:38,511 - INFO - Transacción iniciada.
2025-02-02 17:07:38,511 - INFO - Motocicleta con ID 1 actualizada exitosamente.
2025-02-02 17:07:38,511 - INFO - Transacción confirmada.
2025-02-02 17:07:38,511 - INFO - Transacción iniciada.
2025-02-02 17:07:38,511 - ERROR - Error al eliminar la motocicleta con ID 99: No existe una motocicleta con ID 99.
2025-02-02 17:07:38,512 - INFO - Transacción confirmada.
2025-02-02 17:07:38,512 - INFO - Conexión a ZODB cerrada.
