2025-02-02 16:30:29,232 - ERROR - Error de conexión: (1045, "Access denied for user 'usuario'@'localhost' (using password: YES)")
2025-02-02 16:33:46,537 - ERROR - Error al conectar o crear tablas: (1045, "Access denied for user 'usuario'@'localhost' (using password: YES)")
2025-02-02 16:33:46,537 - INFO - Conexión establecida y tablas creadas.
2025-02-02 16:33:52,374 - ERROR - Error al conectar o crear tablas: (1045, "Access denied for user 'usuario'@'localhost' (using password: YES)")
2025-02-02 16:33:52,374 - INFO - Conexión establecida y tablas creadas.
2025-02-02 16:34:44,196 - ERROR - Error al conectar o crear tablas: (1045, "Access denied for user 'usuario'@'localhost' (using password: YES)")
2025-02-02 16:34:44,196 - INFO - Conexión establecida y tablas creadas.
2025-02-02 16:34:52,223 - ERROR - Error al conectar o crear tablas: (1045, "Access denied for user 'usuario'@'localhost' (using password: YES)")
2025-02-02 16:34:52,223 - INFO - Conexión establecida y tablas creadas.
2025-02-02 16:34:57,644 - ERROR - Error al conectar o crear tablas: (1045, "Access denied for user 'usuario'@'localhost' (using password: YES)")
2025-02-02 16:34:57,644 - INFO - Conexión establecida y tablas creadas.
2025-02-02 16:35:02,580 - ERROR - Error al conectar o crear tablas: (1045, "Access denied for user 'usuario'@'localhost' (using password: YES)")
2025-02-02 16:35:02,580 - INFO - Conexión establecida y tablas creadas.
2025-02-02 16:35:12,262 - ERROR - Error al conectar o crear tablas: (1045, "Access denied for user 'usuario'@'localhost' (using password: YES)")
2025-02-02 16:35:12,262 - INFO - Conexión establecida y tablas creadas.
2025-02-02 16:35:19,319 - ERROR - Error al conectar o crear tablas: (1045, "Access denied for user 'usuario'@'localhost' (using password: YES)")
2025-02-02 16:35:19,319 - INFO - Conexión establecida y tablas creadas.
2025-02-02 16:35:31,400 - ERROR - Error al conectar o crear tablas: (1045, "Access denied for user 'usuario'@'localhost' (using password: NO)")
2025-02-02 16:35:31,400 - INFO - Conexión establecida y tablas creadas.
2025-02-02 16:35:36,167 - ERROR - Error al conectar o crear tablas: (1045, "Access denied for user 'usuario'@'localhost' (using password: YES)")
2025-02-02 16:35:36,167 - INFO - Conexión establecida y tablas creadas.
2025-02-02 16:37:13,740 - ERROR - Error al conectar o crear tablas: (1045, "Access denied for user 'usuario'@'localhost' (using password: YES)")
2025-02-02 16:37:13,740 - INFO - Conexión establecida y tablas creadas.
2025-02-02 16:39:14,983 - ERROR - Error al conectar o crear tablas: (1045, "Access denied for user 'usuario'@'localhost' (using password: YES)")
2025-02-02 16:41:10,111 - ERROR - Error al conectar o crear tablas: (1045, "Access denied for user 'usuario'@'localhost' (using password: YES)")
2025-02-02 16:43:38,116 - ERROR - Error al conectar o crear tablas: (1045, "Access denied for user 'usuario'@'localhost' (using password: YES)")
2025-02-02 16:43:48,462 - ERROR - Error al conectar o crear tablas: (1698, "Access denied for user 'root'@'localhost'")
2025-02-02 16:43:51,778 - ERROR - Error al conectar o crear tablas: (1698, "Access denied for user 'root'@'localhost'")
2025-02-02 16:44:00,564 - ERROR - Error al conectar o crear tablas: (1045, "Access denied for user 'usuario'@'localhost' (using password: YES)")
2025-02-02 16:44:05,307 - ERROR - Error al conectar o crear tablas: (1045, "Access denied for user 'usuario'@'localhost' (using password: YES)")
