2024-12-05 09:59:39,743 - INFO - Conexión establecida y tablas creadas.
2024-12-05 09:59:39,743 - INFO - Transacción iniciada.
2024-12-05 09:59:39,749 - INFO - Proveedor creado: Proveedor A - Contacto 123-456-789
2024-12-05 09:59:39,749 - INFO - Proveedor creado: Proveedor B - Contacto 987-654-321
2024-12-05 09:59:39,757 - INFO - Transacción confirmada.
2024-12-05 09:59:39,757 - INFO - Transacción iniciada.
2024-12-05 09:59:39,758 - INFO - Proveedor actualizado: Proveedor A - 30216383H
2024-12-05 09:59:39,767 - INFO - Transacción confirmada.
2024-12-05 09:59:39,767 - INFO - Transacción iniciada.
2024-12-05 09:59:39,768 - INFO - Proveedor eliminado: Proveedor B
2024-12-05 09:59:39,780 - INFO - Transacción confirmada.
2024-12-05 09:59:39,780 - INFO - Transacción iniciada.
2024-12-05 09:59:39,781 - INFO - Herramienta creada: Martillo - Manual
2024-12-05 09:59:39,781 - INFO - Herramienta creada: Taladro - Eléctrico
2024-12-05 09:59:39,789 - INFO - Transacción confirmada.
2024-12-05 09:59:39,790 - INFO - Martillo - Manual
2024-12-05 09:59:39,790 - INFO - Taladro - Eléctrico
2024-12-05 09:59:39,790 - INFO - Transacción iniciada.
2024-12-05 09:59:39,791 - INFO - Herramienta actualizada: Martillo - Reforzado
2024-12-05 09:59:39,801 - INFO - Transacción confirmada.
2024-12-05 09:59:39,801 - INFO - Transacción iniciada.
2024-12-05 09:59:39,801 - INFO - Herramienta eliminada: Taladro
2024-12-05 09:59:39,810 - INFO - Transacción confirmada.
2024-12-05 09:59:39,810 - INFO - Conexión cerrada.
