2024-12-02 14:38:16,473 - INFO - Conectado a MongoDB: 1dam.motocicletas
2024-12-02 14:38:16,473 - INFO - Transacción iniciada.
2024-12-02 14:38:16,475 - INFO - Documento insertado con ID: 674db848ad538ac083ff2e8c
2024-12-02 14:38:16,475 - INFO - Documento insertado con ID: 674db848ad538ac083ff2e8d
2024-12-02 14:38:16,475 - INFO - Transacción confirmada.
2024-12-02 14:38:16,476 - INFO - Documentos recuperados: 6
2024-12-02 14:38:16,476 - INFO - {'_id': ObjectId('6744777077bd412a44a3e507'), 'marca': 'Honda', 'cilindrada': '500cc', 'precio': 7800, 'año': 2023}
2024-12-02 14:38:16,476 - INFO - {'_id': ObjectId('674d93cb4dda9c48e654ab69'), 'marca': 'Honda', 'cilindrada': '500cc', 'precio': 7500, 'año': 2023}
2024-12-02 14:38:16,476 - INFO - {'_id': ObjectId('674d93d5383ae52512c06e0d'), 'marca': 'Honda', 'cilindrada': '500cc', 'precio': 7500, 'año': 2023}
2024-12-02 14:38:16,476 - INFO - {'_id': ObjectId('674db7be61fb94c14617b478'), 'marca': 'Honda', 'cilindrada': '500cc', 'precio': 7500, 'año': 2023}
2024-12-02 14:38:16,476 - INFO - {'_id': ObjectId('674db848ad538ac083ff2e8c'), 'marca': 'Honda', 'cilindrada': '500cc', 'precio': 7500, 'año': 2023}
2024-12-02 14:38:16,476 - INFO - {'_id': ObjectId('674db848ad538ac083ff2e8d'), 'marca': 'Yamaha', 'cilindrada': '689cc', 'precio': 8500, 'año': 2022}
2024-12-02 14:38:16,476 - INFO - Transacción iniciada.
2024-12-02 14:38:16,477 - WARNING - No se encontró documento para actualizar: {'marca': 'Honda'}
2024-12-02 14:38:16,477 - INFO - Transacción confirmada.
2024-12-02 14:38:16,477 - INFO - Transacción iniciada.
2024-12-02 14:38:16,477 - INFO - Documento eliminado: {'marca': 'Yamaha'}
2024-12-02 14:38:16,477 - INFO - Transacción confirmada.
2024-12-02 14:38:16,477 - INFO - Conexión a MongoDB cerrada.
2025-02-06 09:38:01,420 - INFO - Conectado a MongoDB: 1dam.motocicletas
2025-02-06 09:38:01,422 - INFO - Documento insertado con ID: 67a474e915206058ff05d364
2025-02-06 09:38:01,422 - INFO - Documento insertado con ID: 67a474e915206058ff05d365
2025-02-06 09:38:01,422 - ERROR - Error general: 'DatabaseManagerMotocicletas' object has no attribute 'session'
2025-02-06 09:38:01,423 - INFO - Conexión a MongoDB cerrada.
2025-02-06 09:38:20,111 - INFO - Conectado a MongoDB: 1dam.motocicletas
2025-02-06 09:38:20,111 - INFO - Transacción iniciada.
2025-02-06 09:38:20,112 - INFO - Documento insertado con ID: 67a474fc36a5c4c8d4b1cbcd
2025-02-06 09:38:20,113 - INFO - Documento insertado con ID: 67a474fc36a5c4c8d4b1cbce
2025-02-06 09:38:20,113 - INFO - Transacción confirmada.
2025-02-06 09:38:20,113 - INFO - Documentos recuperados: 5
2025-02-06 09:38:20,113 - INFO - {'_id': ObjectId('67a46ab776ce37834dcabac9'), 'marca': 'Honda', 'cilindrada': '500cc', 'precio': 7800, 'año': 2023}
2025-02-06 09:38:20,113 - INFO - {'_id': ObjectId('67a474e915206058ff05d364'), 'marca': 'Honda', 'cilindrada': '500cc', 'precio': 7500, 'año': 2023}
2025-02-06 09:38:20,113 - INFO - {'_id': ObjectId('67a474e915206058ff05d365'), 'marca': 'Yamaha', 'cilindrada': '689cc', 'precio': 8500, 'año': 2022}
2025-02-06 09:38:20,113 - INFO - {'_id': ObjectId('67a474fc36a5c4c8d4b1cbcd'), 'marca': 'Honda', 'cilindrada': '500cc', 'precio': 7500, 'año': 2023}
2025-02-06 09:38:20,113 - INFO - {'_id': ObjectId('67a474fc36a5c4c8d4b1cbce'), 'marca': 'Yamaha', 'cilindrada': '689cc', 'precio': 8500, 'año': 2022}
2025-02-06 09:38:20,114 - INFO - Transacción iniciada.
2025-02-06 09:38:20,114 - WARNING - No se encontró documento para actualizar: {'marca': 'Honda'}
2025-02-06 09:38:20,114 - INFO - Transacción confirmada.
2025-02-06 09:38:20,114 - INFO - Transacción iniciada.
2025-02-06 09:38:20,114 - ERROR - Error general: 'DatabaseManagerMotocicletas' object has no attribute 'eliminar_documento'
2025-02-06 09:38:20,114 - INFO - Transacción revertida.
2025-02-06 09:38:20,114 - INFO - Conexión a MongoDB cerrada.
2025-02-06 09:43:02,652 - INFO - Conectado a MongoDB: 1dam.motocicletas
2025-02-06 09:43:02,652 - INFO - Transacción iniciada.
2025-02-06 09:43:02,653 - INFO - Documento insertado con ID: 67a47616de9a40524c0856e5
2025-02-06 09:43:02,654 - INFO - Documento insertado con ID: 67a47616de9a40524c0856e6
2025-02-06 09:43:02,654 - INFO - Transacción confirmada.
2025-02-06 09:43:02,654 - INFO - Documentos recuperados: 7
2025-02-06 09:43:02,654 - INFO - {'_id': ObjectId('67a46ab776ce37834dcabac9'), 'marca': 'Honda', 'cilindrada': '500cc', 'precio': 7800, 'año': 2023}
2025-02-06 09:43:02,654 - INFO - {'_id': ObjectId('67a474e915206058ff05d364'), 'marca': 'Honda', 'cilindrada': '500cc', 'precio': 7500, 'año': 2023}
2025-02-06 09:43:02,654 - INFO - {'_id': ObjectId('67a474e915206058ff05d365'), 'marca': 'Yamaha', 'cilindrada': '689cc', 'precio': 8500, 'año': 2022}
2025-02-06 09:43:02,654 - INFO - {'_id': ObjectId('67a474fc36a5c4c8d4b1cbcd'), 'marca': 'Honda', 'cilindrada': '500cc', 'precio': 7500, 'año': 2023}
2025-02-06 09:43:02,654 - INFO - {'_id': ObjectId('67a474fc36a5c4c8d4b1cbce'), 'marca': 'Yamaha', 'cilindrada': '689cc', 'precio': 8500, 'año': 2022}
2025-02-06 09:43:02,654 - INFO - {'_id': ObjectId('67a47616de9a40524c0856e5'), 'marca': 'Honda', 'cilindrada': '500cc', 'precio': 7500, 'año': 2023}
2025-02-06 09:43:02,654 - INFO - {'_id': ObjectId('67a47616de9a40524c0856e6'), 'marca': 'Yamaha', 'cilindrada': '689cc', 'precio': 8500, 'año': 2022}
2025-02-06 09:43:02,654 - INFO - Transacción iniciada.
2025-02-06 09:43:02,655 - WARNING - No se encontró documento para actualizar: {'marca': 'Honda'}
2025-02-06 09:43:02,655 - INFO - Transacción confirmada.
2025-02-06 09:43:02,655 - INFO - Transacción iniciada.
2025-02-06 09:43:02,655 - ERROR - Error general: 'DatabaseManagerMotocicletas' object has no attribute 'eliminar_documento'
2025-02-06 09:43:02,655 - INFO - Transacción revertida.
2025-02-06 09:43:02,655 - INFO - Conexión a MongoDB cerrada.
