2024-11-25 13:56:35,254 - INFO - Conectado a MongoDB: 1dam.motocicletas
2024-11-25 13:56:35,255 - INFO - Transacción iniciada.
2024-11-25 13:56:35,305 - INFO - Documento insertado con ID: 67447403126d750ec8e84668
2024-11-25 13:56:35,307 - INFO - Documento insertado con ID: 67447403126d750ec8e84669
2024-11-25 13:56:35,308 - INFO - Transacción confirmada.
2024-11-25 13:56:35,310 - INFO - Documentos recuperados: 2
2024-11-25 13:56:35,310 - INFO - {'_id': ObjectId('67447403126d750ec8e84668'), 'marca': 'Honda', 'modelo': 'CB500F', 'tipo': 'Naked', 'año': 2023}
2024-11-25 13:56:35,310 - INFO - {'_id': ObjectId('67447403126d750ec8e84669'), 'marca': 'Yamaha', 'modelo': 'MT-07', 'tipo': 'Naked', 'año': 2022}
2024-11-25 13:56:35,310 - INFO - Transacción iniciada.
2024-11-25 13:56:35,312 - INFO - Documento actualizado: {'modelo': 'CB500F'}
2024-11-25 13:56:35,312 - INFO - Transacción confirmada.
2024-11-25 13:56:35,313 - INFO - Transacción iniciada.
2024-11-25 13:56:35,315 - INFO - Documento eliminado: {'modelo': 'MT-07'}
2024-11-25 13:56:35,315 - INFO - Transacción confirmada.
2024-11-25 13:56:35,317 - INFO - Conexión a MongoDB cerrada.
2024-11-25 14:11:12,842 - INFO - Conectado a MongoDB: 1dam.motocicletas
2024-11-25 14:11:12,842 - INFO - Transacción iniciada.
2024-11-25 14:11:12,927 - INFO - Documento insertado con ID: 6744777077bd412a44a3e507
2024-11-25 14:11:12,929 - INFO - Documento insertado con ID: 6744777077bd412a44a3e508
2024-11-25 14:11:12,929 - INFO - Transacción confirmada.
2024-11-25 14:11:12,931 - INFO - Documentos recuperados: 2
2024-11-25 14:11:12,932 - INFO - {'_id': ObjectId('6744777077bd412a44a3e507'), 'marca': 'Honda', 'cilindrada': '500cc', 'precio': 7500, 'año': 2023}
2024-11-25 14:11:12,932 - INFO - {'_id': ObjectId('6744777077bd412a44a3e508'), 'marca': 'Yamaha', 'cilindrada': '689cc', 'precio': 8500, 'año': 2022}
2024-11-25 14:11:12,932 - INFO - Transacción iniciada.
2024-11-25 14:11:12,934 - INFO - Documento actualizado: {'marca': 'Honda'}
2024-11-25 14:11:12,934 - INFO - Transacción confirmada.
2024-11-25 14:11:12,934 - INFO - Transacción iniciada.
2024-11-25 14:11:12,937 - INFO - Documento eliminado: {'marca': 'Yamaha'}
2024-11-25 14:11:12,937 - INFO - Transacción confirmada.
2024-11-25 14:11:12,939 - INFO - Conexión a MongoDB cerrada.
