2024-11-25 14:33:37,566 - INFO - Conexión exitosa a la base de datos.
2024-11-25 14:33:37,567 - INFO - Motocicleta 'Yamaha YZF-R3' insertada exitosamente.
2024-11-25 14:33:37,567 - INFO - Motocicletas recuperadas:
2024-11-25 14:33:37,567 - INFO - {'id': 2, 'marca': 'Yamaha', 'modelo': 'YZF-R3', 'cilindrada': 321, 'precio': Decimal('5500.00')}
2024-11-25 14:33:37,567 - INFO - {'id': 3, 'marca': 'Yamaha', 'modelo': 'YZF-R3', 'cilindrada': 321, 'precio': Decimal('5500.00')}
2024-11-25 14:33:37,567 - INFO - {'id': 4, 'marca': 'Yamaha', 'modelo': 'YZF-R3', 'cilindrada': 321, 'precio': Decimal('5500.00')}
2024-11-25 14:33:37,567 - INFO - {'id': 5, 'marca': 'Yamaha', 'modelo': 'R1', 'cilindrada': 1000, 'precio': Decimal('20000.00')}
2024-11-25 14:33:37,567 - INFO - {'id': 6, 'marca': 'Kawasaki', 'modelo': 'Ninja', 'cilindrada': 800, 'precio': Decimal('18000.00')}
2024-11-25 14:33:37,567 - INFO - {'id': 7, 'marca': 'Yamaha', 'modelo': 'YZF-R3', 'cilindrada': 321, 'precio': Decimal('5500.00')}
2024-11-25 14:33:37,567 - INFO - {'id': 8, 'marca': 'Yamaha', 'modelo': 'YZF-R3', 'cilindrada': 321, 'precio': Decimal('5500.00')}
2024-11-25 14:33:37,567 - INFO - {'id': 9, 'marca': 'Yamaha', 'modelo': 'YZF-R3', 'cilindrada': 321, 'precio': Decimal('5500.00')}
2024-11-25 14:33:37,567 - INFO - {'id': 10, 'marca': 'Yamaha', 'modelo': 'YZF-R3', 'cilindrada': 321, 'precio': Decimal('5500.00')}
2024-11-25 14:33:37,567 - INFO - {'id': 11, 'marca': 'Yamaha', 'modelo': 'YZF-R3', 'cilindrada': 321, 'precio': Decimal('5500.00')}
2024-11-25 14:33:37,567 - INFO - {'id': 12, 'marca': 'Yamaha', 'modelo': 'YZF-R3', 'cilindrada': 321, 'precio': Decimal('5500.00')}
2024-11-25 14:33:37,567 - INFO - {'id': 13, 'marca': 'Yamaha', 'modelo': 'YZF-R3', 'cilindrada': 321, 'precio': Decimal('5500.00')}
2024-11-25 14:33:37,567 - INFO - {'id': 14, 'marca': 'Yamaha', 'modelo': 'YZF-R3', 'cilindrada': 321, 'precio': Decimal('5500.00')}
2024-11-25 14:33:37,567 - INFO - {'id': 15, 'marca': 'Yamaha', 'modelo': 'YZF-R3', 'cilindrada': 321, 'precio': Decimal('5500.00')}
2024-11-25 14:33:37,567 - INFO - {'id': 16, 'marca': 'Yamaha', 'modelo': 'YZF-R3', 'cilindrada': 321, 'precio': Decimal('5500.00')}
2024-11-25 14:33:37,575 - INFO - Motocicleta con ID 1 actualizada exitosamente.
2024-11-25 14:33:37,575 - INFO - Motocicleta con ID 1 eliminada exitosamente.
2024-11-25 14:33:37,576 - INFO - Conexión cerrada.
