2025-02-02 15:43:33,293 - ERROR - Error al conectar a la base de datos: 2003: Can't connect to MySQL server on 'localhost:3306' (111 Connection refused)
2025-02-02 15:43:35,986 - ERROR - Error al conectar a la base de datos: 2003: Can't connect to MySQL server on 'localhost:3306' (111 Connection refused)
2025-02-02 15:44:22,650 - ERROR - Error al conectar a la base de datos: 2003: Can't connect to MySQL server on 'localhost:3306' (111 Connection refused)
2025-02-02 15:45:28,979 - ERROR - Error al conectar a la base de datos: 2003: Can't connect to MySQL server on 'localhost:3306' (111 Connection refused)
2025-02-02 15:45:54,349 - ERROR - Error al conectar a la base de datos: 2003: Can't connect to MySQL server on 'localhost:3306' (111 Connection refused)
2025-02-02 16:01:48,027 - ERROR - Error al conectar a la base de datos: Authentication plugin 'caching_sha2_password' is not supported
2025-02-02 16:02:32,258 - ERROR - Error al conectar a la base de datos: Authentication plugin 'caching_sha2_password' is not supported
2025-02-02 16:08:05,103 - ERROR - Error al conectar a la base de datos: Authentication plugin 'caching_sha2_password' is not supported
2025-02-02 16:09:31,694 - ERROR - Error al conectar a la base de datos: 1045 (28000): Access denied for user 'usuario'@'localhost' (using password: YES)
2025-02-02 16:11:53,847 - ERROR - Error al conectar a la base de datos: 1045 (28000): Access denied for user 'usuario'@'localhost' (using password: YES)
2025-02-02 16:18:16,422 - ERROR - Error al conectar a la base de datos: 1698 (28000): Access denied for user 'root'@'localhost'
2025-02-02 16:20:18,575 - ERROR - Error al conectar a la base de datos: 1044 (42000): Access denied for user 'usuario'@'localhost' to database '1dam'
2025-02-02 16:21:19,619 - ERROR - Error al conectar a la base de datos: 1044 (42000): Access denied for user 'usuario'@'localhost' to database '1dam'
2025-02-02 16:21:55,846 - INFO - Conexión exitosa a la base de datos.
2025-02-02 16:21:55,846 - ERROR - Error al insertar la motocicleta 'Yamaha YZF-R3': 1364 (HY000): Field 'fecha_creacion' doesn't have a default value
2025-02-02 16:21:55,847 - INFO - Motocicletas recuperadas:
2025-02-02 16:21:55,847 - INFO - {'id': 2, 'marca': 'Mercedes', 'modelo': 'GG45', 'precio': 9000, 'cilindrada': 780, 'fecha_creacion': datetime.date(2024, 11, 27)}
2025-02-02 16:21:55,847 - INFO - {'id': 3, 'marca': 'Martillo', 'modelo': 'Manual', 'precio': 9876, 'cilindrada': 567, 'fecha_creacion': datetime.date(2024, 11, 27)}
2025-02-02 16:21:55,847 - INFO - {'id': 4, 'marca': 'Hyundai', 'modelo': '567-3', 'precio': 6000, 'cilindrada': 1188, 'fecha_creacion': datetime.date(2024, 11, 27)}
2025-02-02 16:21:55,848 - INFO - Motocicleta con ID 1 actualizada exitosamente.
2025-02-02 16:21:55,849 - INFO - Motocicleta con ID 1 eliminada exitosamente.
2025-02-02 16:21:55,850 - INFO - Conexión cerrada.
2025-02-02 16:22:08,909 - ERROR - Error al conectar a la base de datos: 1045 (28000): Access denied for user 'usuario'@'localhost' (using password: YES)
2025-02-02 16:22:16,241 - INFO - Conexión exitosa a la base de datos.
2025-02-02 16:22:16,242 - ERROR - Error al insertar la motocicleta 'Yamaha YZF-R3': 1364 (HY000): Field 'fecha_creacion' doesn't have a default value
2025-02-02 16:22:16,242 - INFO - Motocicletas recuperadas:
2025-02-02 16:22:16,242 - INFO - {'id': 2, 'marca': 'Mercedes', 'modelo': 'GG45', 'precio': 9000, 'cilindrada': 780, 'fecha_creacion': datetime.date(2024, 11, 27)}
2025-02-02 16:22:16,243 - INFO - {'id': 3, 'marca': 'Martillo', 'modelo': 'Manual', 'precio': 9876, 'cilindrada': 567, 'fecha_creacion': datetime.date(2024, 11, 27)}
2025-02-02 16:22:16,243 - INFO - {'id': 4, 'marca': 'Hyundai', 'modelo': '567-3', 'precio': 6000, 'cilindrada': 1188, 'fecha_creacion': datetime.date(2024, 11, 27)}
2025-02-02 16:22:16,243 - INFO - Motocicleta con ID 1 actualizada exitosamente.
2025-02-02 16:22:16,244 - INFO - Motocicleta con ID 1 eliminada exitosamente.
2025-02-02 16:22:16,244 - INFO - Conexión cerrada.
2025-02-02 16:36:38,967 - INFO - Conexión exitosa a la base de datos.
2025-02-02 16:36:38,968 - ERROR - Error al insertar la motocicleta 'Yamaha YZF-R3': 1364 (HY000): Field 'fecha_creacion' doesn't have a default value
2025-02-02 16:36:38,969 - INFO - Motocicletas recuperadas:
2025-02-02 16:36:38,970 - INFO - {'id': 2, 'marca': 'Mercedes', 'modelo': 'GG45', 'precio': 9000, 'cilindrada': 780, 'fecha_creacion': datetime.date(2024, 11, 27)}
2025-02-02 16:36:38,970 - INFO - {'id': 3, 'marca': 'Martillo', 'modelo': 'Manual', 'precio': 9876, 'cilindrada': 567, 'fecha_creacion': datetime.date(2024, 11, 27)}
2025-02-02 16:36:38,970 - INFO - {'id': 4, 'marca': 'Hyundai', 'modelo': '567-3', 'precio': 6000, 'cilindrada': 1188, 'fecha_creacion': datetime.date(2024, 11, 27)}
2025-02-02 16:36:38,971 - INFO - Motocicleta con ID 1 actualizada exitosamente.
2025-02-02 16:36:38,972 - INFO - Motocicleta con ID 1 eliminada exitosamente.
2025-02-02 16:36:38,973 - INFO - Conexión cerrada.
2025-02-02 16:52:11,931 - INFO - Conexión exitosa a la base de datos.
2025-02-02 16:52:11,932 - ERROR - Error al insertar la motocicleta 'Yamaha YZF-R3': 1364 (HY000): Field 'fecha_creacion' doesn't have a default value
2025-02-02 16:52:11,933 - INFO - Motocicletas recuperadas:
2025-02-02 16:52:11,933 - INFO - {'id': 2, 'marca': 'Mercedes', 'modelo': 'GG45', 'precio': 9000, 'cilindrada': 780, 'fecha_creacion': datetime.date(2024, 11, 27)}
2025-02-02 16:52:11,933 - INFO - {'id': 3, 'marca': 'Martillo', 'modelo': 'Manual', 'precio': 9876, 'cilindrada': 567, 'fecha_creacion': datetime.date(2024, 11, 27)}
2025-02-02 16:52:11,933 - INFO - {'id': 4, 'marca': 'Hyundai', 'modelo': '567-3', 'precio': 6000, 'cilindrada': 1188, 'fecha_creacion': datetime.date(2024, 11, 27)}
2025-02-02 16:52:11,934 - INFO - Motocicleta con ID 1 actualizada exitosamente.
2025-02-02 16:52:11,934 - INFO - Motocicleta con ID 1 eliminada exitosamente.
2025-02-02 16:52:11,935 - INFO - Conexión cerrada.
2025-02-02 16:53:22,449 - INFO - Conexión exitosa a la base de datos.
2025-02-02 16:53:22,449 - ERROR - Error al insertar la motocicleta 'Yamaha YZF-R3': 1292 (22007): Incorrect date value: '5500' for column 'fecha_creacion' at row 1
2025-02-02 16:53:22,450 - INFO - Motocicletas recuperadas:
2025-02-02 16:53:22,450 - INFO - {'id': 2, 'marca': 'Mercedes', 'modelo': 'GG45', 'precio': 9000, 'cilindrada': 780, 'fecha_creacion': datetime.date(2024, 11, 27)}
2025-02-02 16:53:22,450 - INFO - {'id': 3, 'marca': 'Martillo', 'modelo': 'Manual', 'precio': 9876, 'cilindrada': 567, 'fecha_creacion': datetime.date(2024, 11, 27)}
2025-02-02 16:53:22,450 - INFO - {'id': 4, 'marca': 'Hyundai', 'modelo': '567-3', 'precio': 6000, 'cilindrada': 1188, 'fecha_creacion': datetime.date(2024, 11, 27)}
2025-02-02 16:53:22,451 - INFO - Motocicleta con ID 1 actualizada exitosamente.
2025-02-02 16:53:22,451 - INFO - Motocicleta con ID 1 eliminada exitosamente.
2025-02-02 16:53:22,452 - INFO - Conexión cerrada.
2025-02-02 16:54:06,916 - INFO - Conexión exitosa a la base de datos.
2025-02-02 16:54:06,916 - ERROR - Error al insertar la motocicleta 'Yamaha YZF-R3': 1292 (22007): Incorrect date value: '5500' for column 'fecha_creacion' at row 1
2025-02-02 16:54:06,917 - INFO - Motocicletas recuperadas:
2025-02-02 16:54:06,917 - INFO - {'id': 2, 'marca': 'Mercedes', 'modelo': 'GG45', 'precio': 9000, 'cilindrada': 780, 'fecha_creacion': datetime.date(2024, 11, 27)}
2025-02-02 16:54:06,917 - INFO - {'id': 3, 'marca': 'Martillo', 'modelo': 'Manual', 'precio': 9876, 'cilindrada': 567, 'fecha_creacion': datetime.date(2024, 11, 27)}
2025-02-02 16:54:06,917 - INFO - {'id': 4, 'marca': 'Hyundai', 'modelo': '567-3', 'precio': 6000, 'cilindrada': 1188, 'fecha_creacion': datetime.date(2024, 11, 27)}
2025-02-02 16:54:06,918 - INFO - Motocicleta con ID 1 actualizada exitosamente.
2025-02-02 16:54:06,918 - INFO - Motocicleta con ID 1 eliminada exitosamente.
2025-02-02 16:54:06,919 - INFO - Conexión cerrada.
2025-02-02 16:55:16,508 - INFO - Conexión exitosa a la base de datos.
2025-02-02 16:55:16,509 - ERROR - Error al insertar la motocicleta 'Yamaha YZF-R3': 1364 (HY000): Field 'fecha_creacion' doesn't have a default value
2025-02-02 16:55:16,509 - INFO - Motocicletas recuperadas:
2025-02-02 16:55:16,509 - INFO - {'id': 2, 'marca': 'Mercedes', 'modelo': 'GG45', 'precio': 9000, 'cilindrada': 780, 'fecha_creacion': datetime.date(2024, 11, 27)}
2025-02-02 16:55:16,509 - INFO - {'id': 3, 'marca': 'Martillo', 'modelo': 'Manual', 'precio': 9876, 'cilindrada': 567, 'fecha_creacion': datetime.date(2024, 11, 27)}
2025-02-02 16:55:16,509 - INFO - {'id': 4, 'marca': 'Hyundai', 'modelo': '567-3', 'precio': 6000, 'cilindrada': 1188, 'fecha_creacion': datetime.date(2024, 11, 27)}
2025-02-02 16:55:16,510 - INFO - Motocicleta con ID 1 actualizada exitosamente.
2025-02-02 16:55:16,511 - INFO - Motocicleta con ID 1 eliminada exitosamente.
2025-02-02 16:55:16,511 - INFO - Conexión cerrada.
2025-02-02 16:57:43,452 - INFO - Conexión exitosa a la base de datos.
2025-02-02 16:57:43,452 - ERROR - Error al insertar la motocicleta 'Yamaha YZF-R3': 1054 (42S22): Unknown column 'fecha_creacion' in 'field list'
2025-02-02 16:57:43,453 - INFO - Motocicletas recuperadas:
2025-02-02 16:57:43,453 - INFO - {'id': 2, 'marca': 'Mercedes', 'modelo': 'GG45', 'precio': 9000, 'cilindrada': 780}
2025-02-02 16:57:43,453 - INFO - {'id': 3, 'marca': 'Martillo', 'modelo': 'Manual', 'precio': 9876, 'cilindrada': 567}
2025-02-02 16:57:43,453 - INFO - {'id': 4, 'marca': 'Hyundai', 'modelo': '567-3', 'precio': 6000, 'cilindrada': 1188}
2025-02-02 16:57:43,453 - INFO - Motocicleta con ID 1 actualizada exitosamente.
2025-02-02 16:57:43,454 - INFO - Motocicleta con ID 1 eliminada exitosamente.
2025-02-02 16:57:43,454 - INFO - Conexión cerrada.
2025-02-02 16:57:52,095 - INFO - Conexión exitosa a la base de datos.
2025-02-02 16:57:52,096 - INFO - Motocicleta 'Yamaha YZF-R3' insertada exitosamente.
2025-02-02 16:57:52,097 - INFO - Motocicletas recuperadas:
2025-02-02 16:57:52,097 - INFO - {'id': 2, 'marca': 'Mercedes', 'modelo': 'GG45', 'precio': 9000, 'cilindrada': 780}
2025-02-02 16:57:52,097 - INFO - {'id': 3, 'marca': 'Martillo', 'modelo': 'Manual', 'precio': 9876, 'cilindrada': 567}
2025-02-02 16:57:52,097 - INFO - {'id': 4, 'marca': 'Hyundai', 'modelo': '567-3', 'precio': 6000, 'cilindrada': 1188}
2025-02-02 16:57:52,097 - INFO - {'id': 6, 'marca': 'Yamaha', 'modelo': 'YZF-R3', 'precio': 5500, 'cilindrada': 321}
2025-02-02 16:57:52,104 - INFO - Motocicleta con ID 1 actualizada exitosamente.
2025-02-02 16:57:52,105 - INFO - Motocicleta con ID 1 eliminada exitosamente.
2025-02-02 16:57:52,106 - INFO - Conexión cerrada.
