2024-12-02 13:18:38,585 - INFO - Archivo JSON guardado. Versión actual: 1
2024-12-02 13:18:38,585 - INFO - Transacción iniciada.
2024-12-02 13:18:38,585 - INFO - Dato agregado: {'marca': 'Yamaha', 'cilindrada': '250cc', 'precio': 4500}
2024-12-02 13:18:38,585 - INFO - Dato agregado: {'marca': 'Honda', 'cilindrada': '300cc', 'precio': 5000}
2024-12-02 13:18:38,585 - INFO - Dato agregado: {'marca': 'Kawasaki', 'cilindrada': '400cc', 'precio': 6000}
2024-12-02 13:18:38,586 - INFO - Archivo JSON guardado. Versión actual: 2
2024-12-02 13:18:38,586 - INFO - Transacción confirmada y cambios guardados.
2024-12-02 13:18:38,586 - INFO - Configuración actualizada. Nueva ruta del archivo: motocicletas.csv
2024-12-02 13:18:38,586 - INFO - Archivo CSV guardado. Versión actual: 2
2025-02-02 15:33:35,421 - INFO - Archivo JSON cargado con éxito. Versión actual: 1
2025-02-02 15:33:35,421 - INFO - Transacción iniciada.
2025-02-02 15:33:35,421 - INFO - Dato agregado: {'marca': 'Yamaha', 'cilindrada': '250cc', 'precio': 4500}
2025-02-02 15:33:35,421 - INFO - Dato agregado: {'marca': 'Honda', 'cilindrada': '300cc', 'precio': 5000}
2025-02-02 15:33:35,421 - INFO - Dato agregado: {'marca': 'Kawasaki', 'cilindrada': '400cc', 'precio': 6000}
2025-02-02 15:33:35,421 - INFO - Archivo JSON guardado. Versión actual: 2
2025-02-02 15:33:35,421 - INFO - Transacción confirmada y cambios guardados.
2025-02-02 15:33:35,421 - INFO - Configuración actualizada. Nueva ruta del archivo: motocicletas.csv
2025-02-02 15:33:35,421 - INFO - Archivo CSV guardado. Versión actual: 2
2025-02-02 15:43:20,877 - INFO - Archivo JSON cargado con éxito. Versión actual: 1
2025-02-02 15:43:20,877 - INFO - Transacción iniciada.
2025-02-02 15:43:20,877 - INFO - Dato agregado: {'marca': 'Yamaha', 'cilindrada': '250cc', 'precio': 4500}
2025-02-02 15:43:20,877 - INFO - Dato agregado: {'marca': 'Honda', 'cilindrada': '300cc', 'precio': 5000}
2025-02-02 15:43:20,877 - INFO - Dato agregado: {'marca': 'Kawasaki', 'cilindrada': '400cc', 'precio': 6000}
2025-02-02 15:43:20,877 - INFO - Archivo JSON guardado. Versión actual: 2
2025-02-02 15:43:20,877 - INFO - Transacción confirmada y cambios guardados.
2025-02-02 15:43:20,877 - INFO - Configuración actualizada. Nueva ruta del archivo: motocicletas.csv
2025-02-02 15:43:20,877 - INFO - Archivo CSV guardado. Versión actual: 2
2025-02-02 16:13:23,755 - INFO - Archivo JSON cargado con éxito. Versión actual: 1
2025-02-02 16:13:23,755 - INFO - Transacción iniciada.
2025-02-02 16:13:23,755 - INFO - Dato agregado: {'marca': 'Yamaha', 'cilindrada': '250cc', 'precio': 4500}
2025-02-02 16:13:23,755 - INFO - Dato agregado: {'marca': 'Honda', 'cilindrada': '300cc', 'precio': 5000}
2025-02-02 16:13:23,755 - INFO - Dato agregado: {'marca': 'Kawasaki', 'cilindrada': '400cc', 'precio': 6000}
2025-02-02 16:13:23,755 - INFO - Archivo JSON guardado. Versión actual: 2
2025-02-02 16:13:23,755 - INFO - Transacción confirmada y cambios guardados.
2025-02-02 16:13:23,755 - INFO - Configuración actualizada. Nueva ruta del archivo: motocicletas.csv
2025-02-02 16:13:23,755 - INFO - Archivo CSV guardado. Versión actual: 2
2025-02-02 16:47:09,436 - INFO - Archivo JSON guardado. Versión actual: 1
2025-02-02 16:47:09,436 - INFO - Transacción iniciada.
2025-02-02 16:47:09,436 - INFO - Dato agregado: {'marca': 'Yamaha', 'cilindrada': '250cc', 'precio': 4500}
2025-02-02 16:47:09,436 - INFO - Dato agregado: {'marca': 'Honda', 'cilindrada': '300cc', 'precio': 5000}
2025-02-02 16:47:09,436 - INFO - Dato agregado: {'marca': 'Kawasaki', 'cilindrada': '400cc', 'precio': 6000}
2025-02-02 16:47:09,437 - INFO - Archivo JSON guardado. Versión actual: 2
2025-02-02 16:47:09,437 - INFO - Transacción confirmada y cambios guardados.
2025-02-02 16:47:09,437 - INFO - Configuración actualizada. Nueva ruta del archivo: motocicletas.csv
2025-02-02 16:47:09,437 - INFO - Archivo CSV guardado. Versión actual: 2
