2025-02-04 14:39:06,580 - ERROR - Error al conectar o crear tablas: (1045, "Access denied for user 'usuario'@'localhost' (using password: YES)")
2025-02-04 14:39:23,655 - INFO - Conexión establecida y tablas creadas.
2025-02-04 14:39:23,655 - INFO - Transacción iniciada.
2025-02-04 14:39:23,659 - INFO - Proveedor creado: Proveedor A - Contacto 123-456-789
2025-02-04 14:39:23,660 - INFO - Proveedor creado: Proveedor B - Contacto 987-654-321
2025-02-04 14:39:23,667 - INFO - Transacción confirmada.
2025-02-04 14:39:23,667 - INFO - Transacción iniciada.
2025-02-04 14:39:23,668 - INFO - Proveedor actualizado: Proveedor A - 30216383H
2025-02-04 14:39:23,682 - INFO - Transacción confirmada.
2025-02-04 14:39:23,682 - INFO - Transacción iniciada.
2025-02-04 14:39:23,692 - INFO - Proveedor eliminado: Proveedor B
2025-02-04 14:39:23,700 - INFO - Transacción confirmada.
2025-02-04 14:39:23,700 - INFO - Transacción iniciada.
2025-02-04 14:39:23,704 - INFO - Herramienta creada: Martillo - Manual
2025-02-04 14:39:23,705 - INFO - Herramienta creada: Taladro - Eléctrico
2025-02-04 14:39:23,716 - INFO - Transacción confirmada.
2025-02-04 14:39:23,716 - INFO - Martillo - Manual
2025-02-04 14:39:23,717 - INFO - Taladro - Eléctrico
2025-02-04 14:39:23,717 - INFO - Transacción iniciada.
2025-02-04 14:39:23,721 - INFO - Herramienta actualizada: Martillo - Reforzado
2025-02-04 14:39:23,731 - INFO - Transacción confirmada.
2025-02-04 14:39:23,732 - INFO - Transacción iniciada.
2025-02-04 14:39:23,732 - INFO - Herramienta eliminada: Taladro
2025-02-04 14:39:23,741 - INFO - Transacción confirmada.
2025-02-04 14:39:23,741 - INFO - Conexión cerrada.
