2025-02-04 14:18:20,259 - ERROR - Error al conectar a la base de datos: Authentication plugin 'caching_sha2_password' is not supported
2025-02-04 14:18:36,348 - ERROR - Error al conectar a la base de datos: Authentication plugin 'caching_sha2_password' is not supported
2025-02-04 14:25:54,655 - ERROR - Error al conectar a la base de datos: Authentication plugin 'caching_sha2_password' is not supported
2025-02-04 14:26:34,227 - ERROR - Error al conectar a la base de datos: 1045 (28000): Access denied for user 'usuario'@'localhost' (using password: NO)
2025-02-04 14:28:45,276 - ERROR - Error al conectar a la base de datos: Authentication plugin 'caching_sha2_password' is not supported
2025-02-04 14:29:12,667 - ERROR - Error al conectar a la base de datos: Authentication plugin 'caching_sha2_password' is not supported
2025-02-04 14:31:07,840 - ERROR - Error al conectar a la base de datos: Authentication plugin 'caching_sha2_password' is not supported
2025-02-04 14:31:36,622 - ERROR - Error al conectar a la base de datos: Authentication plugin 'caching_sha2_password' is not supported
2025-02-04 14:33:08,331 - ERROR - Error al conectar a la base de datos: Authentication plugin 'caching_sha2_password' is not supported
2025-02-04 14:36:26,834 - INFO - Conexión exitosa a la base de datos.
2025-02-04 14:36:26,858 - INFO - Motocicleta 'Yamaha YZF-R3' insertada exitosamente.
2025-02-04 14:36:26,858 - INFO - Motocicletas recuperadas:
2025-02-04 14:36:26,858 - INFO - {'id': 2, 'marca': 'Yamaha', 'modelo': 'YZF-R3', 'cilindrada': 321, 'precio': Decimal('5500.00')}
2025-02-04 14:36:26,858 - INFO - {'id': 3, 'marca': 'Yamaha', 'modelo': 'YZF-R3', 'cilindrada': 321, 'precio': Decimal('5500.00')}
2025-02-04 14:36:26,858 - INFO - {'id': 4, 'marca': 'Yamaha', 'modelo': 'YZF-R3', 'cilindrada': 321, 'precio': Decimal('5500.00')}
2025-02-04 14:36:26,858 - INFO - {'id': 5, 'marca': 'Yamaha', 'modelo': 'YZF-R3', 'cilindrada': 321, 'precio': Decimal('5500.00')}
2025-02-04 14:36:26,858 - INFO - {'id': 6, 'marca': 'Yamaha', 'modelo': 'YZF-R3', 'cilindrada': 321, 'precio': Decimal('5500.00')}
2025-02-04 14:36:26,858 - INFO - {'id': 7, 'marca': 'Yamaha', 'modelo': 'YZF-R3', 'cilindrada': 321, 'precio': Decimal('5500.00')}
2025-02-04 14:36:26,858 - INFO - {'id': 8, 'marca': 'Yamaha', 'modelo': 'YZF-R3', 'cilindrada': 321, 'precio': Decimal('5500.00')}
2025-02-04 14:36:26,861 - INFO - Motocicleta con ID 1 actualizada exitosamente.
2025-02-04 14:36:26,863 - INFO - Motocicleta con ID 1 eliminada exitosamente.
2025-02-04 14:36:26,863 - INFO - Conexión cerrada.
2025-02-04 14:37:09,116 - ERROR - Error al conectar a la base de datos: Authentication plugin 'caching_sha2_password' is not supported
2025-02-04 14:38:51,049 - ERROR - Error al conectar a la base de datos: Authentication plugin 'caching_sha2_password' is not supported
